[0.081s] Invoking command in '/home/jalal/web/web_ws/turtlebot_ws/build/turtlebot3_description': CMAKE_PREFIX_PATH=${CMAKE_PREFIX_PATH}:/home/jalal/web/web_ws/turtlebot_ws/install/turtlebot3_teleop:/home/jalal/web/web_ws/turtlebot_ws/install/turtlebot3_example:/opt/ros/foxy /usr/bin/cmake --build /home/jalal/web/web_ws/turtlebot_ws/build/turtlebot3_description -- -j12 -l12
[0.377s] Invoked command in '/home/jalal/web/web_ws/turtlebot_ws/build/turtlebot3_description' returned '0': CMAKE_PREFIX_PATH=${CMAKE_PREFIX_PATH}:/home/jalal/web/web_ws/turtlebot_ws/install/turtlebot3_teleop:/home/jalal/web/web_ws/turtlebot_ws/install/turtlebot3_example:/opt/ros/foxy /usr/bin/cmake --build /home/jalal/web/web_ws/turtlebot_ws/build/turtlebot3_description -- -j12 -l12
[0.444s] Invoking command in '/home/jalal/web/web_ws/turtlebot_ws/build/turtlebot3_description': CMAKE_PREFIX_PATH=${CMAKE_PREFIX_PATH}:/home/jalal/web/web_ws/turtlebot_ws/install/turtlebot3_teleop:/home/jalal/web/web_ws/turtlebot_ws/install/turtlebot3_example:/opt/ros/foxy /usr/bin/cmake --install /home/jalal/web/web_ws/turtlebot_ws/build/turtlebot3_description
[0.460s] -- Install configuration: ""
[0.460s] -- Up-to-date: /home/jalal/web/web_ws/turtlebot_ws/install/turtlebot3_description/share/turtlebot3_description/meshes
[0.460s] -- Up-to-date: /home/jalal/web/web_ws/turtlebot_ws/install/turtlebot3_description/share/turtlebot3_description/meshes/wheels
[0.460s] -- Up-to-date: /home/jalal/web/web_ws/turtlebot_ws/install/turtlebot3_description/share/turtlebot3_description/meshes/wheels/left_tire.stl
[0.462s] -- Up-to-date: /home/jalal/web/web_ws/turtlebot_ws/install/turtlebot3_description/share/turtlebot3_description/meshes/wheels/right_tire.stl
[0.463s] -- Up-to-date: /home/jalal/web/web_ws/turtlebot_ws/install/turtlebot3_description/share/turtlebot3_description/meshes/bases
[0.463s] -- Up-to-date: /home/jalal/web/web_ws/turtlebot_ws/install/turtlebot3_description/share/turtlebot3_description/meshes/bases/waffle_base.stl
[0.463s] -- Up-to-date: /home/jalal/web/web_ws/turtlebot_ws/install/turtlebot3_description/share/turtlebot3_description/meshes/bases/burger_base.stl
[0.464s] -- Up-to-date: /home/jalal/web/web_ws/turtlebot_ws/install/turtlebot3_description/share/turtlebot3_description/meshes/bases/waffle_pi_base.stl
[0.464s] -- Up-to-date: /home/jalal/web/web_ws/turtlebot_ws/install/turtlebot3_description/share/turtlebot3_description/meshes/sensors
[0.464s] -- Up-to-date: /home/jalal/web/web_ws/turtlebot_ws/install/turtlebot3_description/share/turtlebot3_description/meshes/sensors/lds.stl
[0.465s] -- Up-to-date: /home/jalal/web/web_ws/turtlebot_ws/install/turtlebot3_description/share/turtlebot3_description/meshes/sensors/r200.dae
[0.465s] -- Up-to-date: /home/jalal/web/web_ws/turtlebot_ws/install/turtlebot3_description/share/turtlebot3_description/meshes/sensors/astra.dae
[0.465s] -- Up-to-date: /home/jalal/web/web_ws/turtlebot_ws/install/turtlebot3_description/share/turtlebot3_description/meshes/sensors/r200.jpg
[0.465s] -- Up-to-date: /home/jalal/web/web_ws/turtlebot_ws/install/turtlebot3_description/share/turtlebot3_description/meshes/sensors/astra.jpg
[0.465s] -- Up-to-date: /home/jalal/web/web_ws/turtlebot_ws/install/turtlebot3_description/share/turtlebot3_description/rviz
[0.466s] -- Up-to-date: /home/jalal/web/web_ws/turtlebot_ws/install/turtlebot3_description/share/turtlebot3_description/rviz/model.rviz
[0.468s] -- Up-to-date: /home/jalal/web/web_ws/turtlebot_ws/install/turtlebot3_description/share/turtlebot3_description/urdf
[0.468s] -- Up-to-date: /home/jalal/web/web_ws/turtlebot_ws/install/turtlebot3_description/share/turtlebot3_description/urdf/turtlebot3_waffle.urdf
[0.468s] -- Up-to-date: /home/jalal/web/web_ws/turtlebot_ws/install/turtlebot3_description/share/turtlebot3_description/urdf/turtlebot3_waffle_pi.urdf
[0.468s] -- Up-to-date: /home/jalal/web/web_ws/turtlebot_ws/install/turtlebot3_description/share/turtlebot3_description/urdf/turtlebot3_burger.urdf
[0.469s] -- Up-to-date: /home/jalal/web/web_ws/turtlebot_ws/install/turtlebot3_description/share/turtlebot3_description/urdf/common_properties.urdf
[0.469s] -- Up-to-date: /home/jalal/web/web_ws/turtlebot_ws/install/turtlebot3_description/share/ament_index/resource_index/package_run_dependencies/turtlebot3_description
[0.469s] -- Up-to-date: /home/jalal/web/web_ws/turtlebot_ws/install/turtlebot3_description/share/ament_index/resource_index/parent_prefix_path/turtlebot3_description
[0.469s] -- Up-to-date: /home/jalal/web/web_ws/turtlebot_ws/install/turtlebot3_description/share/turtlebot3_description/environment/ament_prefix_path.sh
[0.469s] -- Up-to-date: /home/jalal/web/web_ws/turtlebot_ws/install/turtlebot3_description/share/turtlebot3_description/environment/ament_prefix_path.dsv
[0.469s] -- Up-to-date: /home/jalal/web/web_ws/turtlebot_ws/install/turtlebot3_description/share/turtlebot3_description/environment/path.sh
[0.470s] -- Up-to-date: /home/jalal/web/web_ws/turtlebot_ws/install/turtlebot3_description/share/turtlebot3_description/environment/path.dsv
[0.471s] -- Up-to-date: /home/jalal/web/web_ws/turtlebot_ws/install/turtlebot3_description/share/turtlebot3_description/local_setup.bash
[0.474s] -- Up-to-date: /home/jalal/web/web_ws/turtlebot_ws/install/turtlebot3_description/share/turtlebot3_description/local_setup.sh
[0.474s] -- Up-to-date: /home/jalal/web/web_ws/turtlebot_ws/install/turtlebot3_description/share/turtlebot3_description/local_setup.zsh
[0.474s] -- Up-to-date: /home/jalal/web/web_ws/turtlebot_ws/install/turtlebot3_description/share/turtlebot3_description/local_setup.dsv
[0.477s] -- Up-to-date: /home/jalal/web/web_ws/turtlebot_ws/install/turtlebot3_description/share/turtlebot3_description/package.dsv
[0.479s] -- Up-to-date: /home/jalal/web/web_ws/turtlebot_ws/install/turtlebot3_description/share/ament_index/resource_index/packages/turtlebot3_description
[0.481s] -- Up-to-date: /home/jalal/web/web_ws/turtlebot_ws/install/turtlebot3_description/share/turtlebot3_description/cmake/turtlebot3_descriptionConfig.cmake
[0.481s] -- Up-to-date: /home/jalal/web/web_ws/turtlebot_ws/install/turtlebot3_description/share/turtlebot3_description/cmake/turtlebot3_descriptionConfig-version.cmake
[0.482s] -- Up-to-date: /home/jalal/web/web_ws/turtlebot_ws/install/turtlebot3_description/share/turtlebot3_description/package.xml
[0.495s] Invoked command in '/home/jalal/web/web_ws/turtlebot_ws/build/turtlebot3_description' returned '0': CMAKE_PREFIX_PATH=${CMAKE_PREFIX_PATH}:/home/jalal/web/web_ws/turtlebot_ws/install/turtlebot3_teleop:/home/jalal/web/web_ws/turtlebot_ws/install/turtlebot3_example:/opt/ros/foxy /usr/bin/cmake --install /home/jalal/web/web_ws/turtlebot_ws/build/turtlebot3_description
