[0.062s] Invoking command in '/home/jalal/web/web_ws/turtlebot_ws/build/hls_lfcd_lds_driver': CMAKE_PREFIX_PATH=/opt/ros/foxy /usr/bin/cmake /home/jalal/web/web_ws/turtlebot_ws/src/utils/hls_lfcd_lds_driver -DCMAKE_INSTALL_PREFIX=/home/jalal/web/web_ws/turtlebot_ws/install/hls_lfcd_lds_driver
[0.262s] -- The C compiler identification is GNU 9.4.0
[0.404s] -- The CXX compiler identification is GNU 9.4.0
[0.414s] -- Check for working C compiler: /usr/bin/cc
[0.498s] -- Check for working C compiler: /usr/bin/cc -- works
[0.500s] -- Detecting C compiler ABI info
[0.605s] -- Detecting C compiler ABI info - done
[0.617s] -- Detecting C compile features
[0.618s] -- Detecting C compile features - done
[0.622s] -- Check for working CXX compiler: /usr/bin/c++
[0.748s] -- Check for working CXX compiler: /usr/bin/c++ -- works
[0.750s] -- Detecting CXX compiler ABI info
[0.859s] -- Detecting CXX compiler ABI info - done
[0.877s] -- Detecting CXX compile features
[0.878s] -- Detecting CXX compile features - done
[0.880s] -- Found ament_cmake: 0.9.11 (/opt/ros/foxy/share/ament_cmake/cmake)
[0.918s] -- Found PythonInterp: /usr/bin/python3 (found suitable version "3.8.10", minimum required is "3") 
[0.918s] -- Using PYTHON_EXECUTABLE: /usr/bin/python3
[1.127s] -- Found rclcpp: 2.4.2 (/opt/ros/foxy/share/rclcpp/cmake)
[1.186s] -- Using all available rosidl_typesupport_c: rosidl_typesupport_fastrtps_c;rosidl_typesupport_introspection_c
[1.195s] -- Found rosidl_adapter: 1.3.0 (/opt/ros/foxy/share/rosidl_adapter/cmake)
[1.301s] -- Found OpenSSL: /usr/lib/x86_64-linux-gnu/libcrypto.so (found version "1.1.1f")  
[1.343s] -- Found FastRTPS: /opt/ros/foxy/include  
[1.457s] -- Using all available rosidl_typesupport_cpp: rosidl_typesupport_fastrtps_cpp;rosidl_typesupport_introspection_cpp
[1.572s] -- Found rmw_implementation_cmake: 1.0.4 (/opt/ros/foxy/share/rmw_implementation_cmake/cmake)
[1.577s] -- Using RMW implementation 'rmw_fastrtps_cpp' as default
[1.582s] -- Looking for pthread.h
[1.709s] -- Looking for pthread.h - found
[1.709s] -- Performing Test CMAKE_HAVE_LIBC_PTHREAD
[1.838s] -- Performing Test CMAKE_HAVE_LIBC_PTHREAD - Failed
[1.839s] -- Looking for pthread_create in pthreads
[1.929s] -- Looking for pthread_create in pthreads - not found
[1.929s] -- Looking for pthread_create in pthread
[2.031s] -- Looking for pthread_create in pthread - found
[2.032s] -- Found Threads: TRUE  
[2.205s] -- Found sensor_msgs: 2.0.5 (/opt/ros/foxy/share/sensor_msgs/cmake)
[2.370s] -- Found Boost: /usr/lib/x86_64-linux-gnu/cmake/Boost-1.71.0/BoostConfig.cmake (found version "1.71.0") found components: system 
[2.443s] -- Configuring done
[2.454s] -- Generating done
[2.456s] -- Build files have been written to: /home/jalal/web/web_ws/turtlebot_ws/build/hls_lfcd_lds_driver
[2.468s] Invoked command in '/home/jalal/web/web_ws/turtlebot_ws/build/hls_lfcd_lds_driver' returned '0': CMAKE_PREFIX_PATH=/opt/ros/foxy /usr/bin/cmake /home/jalal/web/web_ws/turtlebot_ws/src/utils/hls_lfcd_lds_driver -DCMAKE_INSTALL_PREFIX=/home/jalal/web/web_ws/turtlebot_ws/install/hls_lfcd_lds_driver
[2.470s] Invoking command in '/home/jalal/web/web_ws/turtlebot_ws/build/hls_lfcd_lds_driver': CMAKE_PREFIX_PATH=/opt/ros/foxy /usr/bin/cmake --build /home/jalal/web/web_ws/turtlebot_ws/build/hls_lfcd_lds_driver -- -j12 -l12
[2.525s] [35m[1mScanning dependencies of target hlds_laser_publisher[0m
[2.651s] [ 50%] [32mBuilding CXX object CMakeFiles/hlds_laser_publisher.dir/src/hlds_laser_publisher.cpp.o[0m
[9.430s] [100%] [32m[1mLinking CXX executable hlds_laser_publisher[0m
[9.792s] [100%] Built target hlds_laser_publisher
[9.807s] Invoked command in '/home/jalal/web/web_ws/turtlebot_ws/build/hls_lfcd_lds_driver' returned '0': CMAKE_PREFIX_PATH=/opt/ros/foxy /usr/bin/cmake --build /home/jalal/web/web_ws/turtlebot_ws/build/hls_lfcd_lds_driver -- -j12 -l12
[9.840s] Invoking command in '/home/jalal/web/web_ws/turtlebot_ws/build/hls_lfcd_lds_driver': CMAKE_PREFIX_PATH=/opt/ros/foxy /usr/bin/cmake --install /home/jalal/web/web_ws/turtlebot_ws/build/hls_lfcd_lds_driver
[9.854s] -- Install configuration: ""
[9.854s] -- Installing: /home/jalal/web/web_ws/turtlebot_ws/install/hls_lfcd_lds_driver/share/hls_lfcd_lds_driver/launch
[9.854s] -- Installing: /home/jalal/web/web_ws/turtlebot_ws/install/hls_lfcd_lds_driver/share/hls_lfcd_lds_driver/launch/view_hlds_laser.launch.py
[9.854s] -- Installing: /home/jalal/web/web_ws/turtlebot_ws/install/hls_lfcd_lds_driver/share/hls_lfcd_lds_driver/launch/hlds_laser.launch.py
[9.854s] -- Installing: /home/jalal/web/web_ws/turtlebot_ws/install/hls_lfcd_lds_driver/share/hls_lfcd_lds_driver/rviz
[9.855s] -- Installing: /home/jalal/web/web_ws/turtlebot_ws/install/hls_lfcd_lds_driver/share/hls_lfcd_lds_driver/rviz/hlds_laser.rviz
[9.855s] -- Installing: /home/jalal/web/web_ws/turtlebot_ws/install/hls_lfcd_lds_driver/lib/hls_lfcd_lds_driver/hlds_laser_publisher
[9.857s] -- Set runtime path of "/home/jalal/web/web_ws/turtlebot_ws/install/hls_lfcd_lds_driver/lib/hls_lfcd_lds_driver/hlds_laser_publisher" to ""
[9.857s] -- Installing: /home/jalal/web/web_ws/turtlebot_ws/install/hls_lfcd_lds_driver/share/ament_index/resource_index/package_run_dependencies/hls_lfcd_lds_driver
[9.857s] -- Installing: /home/jalal/web/web_ws/turtlebot_ws/install/hls_lfcd_lds_driver/share/ament_index/resource_index/parent_prefix_path/hls_lfcd_lds_driver
[9.857s] -- Installing: /home/jalal/web/web_ws/turtlebot_ws/install/hls_lfcd_lds_driver/share/hls_lfcd_lds_driver/environment/ament_prefix_path.sh
[9.858s] -- Installing: /home/jalal/web/web_ws/turtlebot_ws/install/hls_lfcd_lds_driver/share/hls_lfcd_lds_driver/environment/ament_prefix_path.dsv
[9.858s] -- Installing: /home/jalal/web/web_ws/turtlebot_ws/install/hls_lfcd_lds_driver/share/hls_lfcd_lds_driver/environment/path.sh
[9.858s] -- Installing: /home/jalal/web/web_ws/turtlebot_ws/install/hls_lfcd_lds_driver/share/hls_lfcd_lds_driver/environment/path.dsv
[9.858s] -- Installing: /home/jalal/web/web_ws/turtlebot_ws/install/hls_lfcd_lds_driver/share/hls_lfcd_lds_driver/local_setup.bash
[9.858s] -- Installing: /home/jalal/web/web_ws/turtlebot_ws/install/hls_lfcd_lds_driver/share/hls_lfcd_lds_driver/local_setup.sh
[9.858s] -- Installing: /home/jalal/web/web_ws/turtlebot_ws/install/hls_lfcd_lds_driver/share/hls_lfcd_lds_driver/local_setup.zsh
[9.859s] -- Installing: /home/jalal/web/web_ws/turtlebot_ws/install/hls_lfcd_lds_driver/share/hls_lfcd_lds_driver/local_setup.dsv
[9.859s] -- Installing: /home/jalal/web/web_ws/turtlebot_ws/install/hls_lfcd_lds_driver/share/hls_lfcd_lds_driver/package.dsv
[9.859s] -- Installing: /home/jalal/web/web_ws/turtlebot_ws/install/hls_lfcd_lds_driver/share/ament_index/resource_index/packages/hls_lfcd_lds_driver
[9.859s] -- Installing: /home/jalal/web/web_ws/turtlebot_ws/install/hls_lfcd_lds_driver/share/hls_lfcd_lds_driver/cmake/ament_cmake_export_dependencies-extras.cmake
[9.859s] -- Installing: /home/jalal/web/web_ws/turtlebot_ws/install/hls_lfcd_lds_driver/share/hls_lfcd_lds_driver/cmake/ament_cmake_export_include_directories-extras.cmake
[9.859s] -- Installing: /home/jalal/web/web_ws/turtlebot_ws/install/hls_lfcd_lds_driver/share/hls_lfcd_lds_driver/cmake/hls_lfcd_lds_driverConfig.cmake
[9.859s] -- Installing: /home/jalal/web/web_ws/turtlebot_ws/install/hls_lfcd_lds_driver/share/hls_lfcd_lds_driver/cmake/hls_lfcd_lds_driverConfig-version.cmake
[9.859s] -- Installing: /home/jalal/web/web_ws/turtlebot_ws/install/hls_lfcd_lds_driver/share/hls_lfcd_lds_driver/package.xml
[9.869s] Invoked command in '/home/jalal/web/web_ws/turtlebot_ws/build/hls_lfcd_lds_driver' returned '0': CMAKE_PREFIX_PATH=/opt/ros/foxy /usr/bin/cmake --install /home/jalal/web/web_ws/turtlebot_ws/build/hls_lfcd_lds_driver
