[0.049s] Invoking command in '/home/jalal/web/web_ws/ros_web_ui/build/nav2d_msgs': /usr/bin/cmake /home/jalal/web/web_ws/ros_web_ui/navigation_2d/nav2d_msgs -DCATKIN_INSTALL_INTO_PREFIX_ROOT=0 -DCMAKE_INSTALL_PREFIX=/home/jalal/web/web_ws/ros_web_ui/install/nav2d_msgs
[0.303s] -- The C compiler identification is GNU 9.4.0
[0.460s] -- The CXX compiler identification is GNU 9.4.0
[0.474s] -- Check for working C compiler: /usr/bin/cc
[0.584s] -- Check for working C compiler: /usr/bin/cc -- works
[0.585s] -- Detecting C compiler ABI info
[0.723s] -- Detecting C compiler ABI info - done
[0.744s] -- Detecting C compile features
[0.744s] -- Detecting C compile features - done
[0.754s] -- Check for working CXX compiler: /usr/bin/c++
[0.905s] -- Check for working CXX compiler: /usr/bin/c++ -- works
[0.908s] -- Detecting CXX compiler ABI info
[1.068s] -- Detecting CXX compiler ABI info - done
[1.092s] -- Detecting CXX compile features
[1.097s] -- Detecting CXX compile features - done
[1.109s] CMake Error at CMakeLists.txt:5 (find_package):
[1.109s]   By not providing "Findcatkin.cmake" in CMAKE_MODULE_PATH this project has
[1.109s]   asked CMake to find a package configuration file provided by "catkin", but
[1.109s]   CMake did not find one.
[1.109s] 
[1.109s]   Could not find a package configuration file provided by "catkin" with any
[1.109s]   of the following names:
[1.110s] 
[1.110s]     catkinConfig.cmake
[1.110s]     catkin-config.cmake
[1.110s] 
[1.110s]   Add the installation prefix of "catkin" to CMAKE_PREFIX_PATH or set
[1.110s]   "catkin_DIR" to a directory containing one of the above files.  If "catkin"
[1.110s]   provides a separate development package or SDK, be sure it has been
[1.110s]   installed.
[1.110s] 
[1.110s] 
[1.110s] -- Configuring incomplete, errors occurred!
[1.110s] See also "/home/jalal/web/web_ws/ros_web_ui/build/nav2d_msgs/CMakeFiles/CMakeOutput.log".
[1.124s] Invoked command in '/home/jalal/web/web_ws/ros_web_ui/build/nav2d_msgs' returned '1': /usr/bin/cmake /home/jalal/web/web_ws/ros_web_ui/navigation_2d/nav2d_msgs -DCATKIN_INSTALL_INTO_PREFIX_ROOT=0 -DCMAKE_INSTALL_PREFIX=/home/jalal/web/web_ws/ros_web_ui/install/nav2d_msgs
