[0.303s] DEBUG:colcon:Command line arguments: ['/usr/bin/colcon', 'build']
[0.303s] DEBUG:colcon:Parsed command line arguments: Namespace(allow_overriding=[], ament_cmake_args=None, base_paths=['.'], build_base='build', catkin_cmake_args=None, catkin_skip_building_tests=False, cmake_args=None, cmake_clean_cache=False, cmake_clean_first=False, cmake_force_configure=False, cmake_target=None, cmake_target_skip_unavailable=False, continue_on_error=False, event_handlers=None, executor='parallel', ignore_user_meta=False, install_base='install', log_base=None, log_level=None, main=<bound method BuildVerb.main of <colcon_core.verb.build.BuildVerb object at 0x7fb6d8ee17f0>>, merge_install=False, metas=['./colcon.meta'], packages_above=None, packages_above_and_dependencies=None, packages_above_depth=None, packages_end=None, packages_ignore=None, packages_ignore_regex=None, packages_select=None, packages_select_build_failed=False, packages_select_by_dep=None, packages_select_regex=None, packages_select_test_failures=False, packages_skip=None, packages_skip_build_finished=False, packages_skip_by_dep=None, packages_skip_regex=None, packages_skip_test_passed=False, packages_skip_up_to=None, packages_start=None, packages_up_to=None, packages_up_to_regex=None, parallel_workers=12, paths=None, symlink_install=False, test_result_base=None, verb_extension=<colcon_core.verb.build.BuildVerb object at 0x7fb6d8ee17f0>, verb_name='build', verb_parser=<colcon_defaults.argument_parser.defaults.DefaultArgumentsDecorator object at 0x7fb6d8ee1d60>)
[0.328s] Level 1:colcon.colcon_core.package_discovery:discover_packages(colcon_meta) check parameters
[0.329s] Level 1:colcon.colcon_core.package_discovery:discover_packages(recursive) check parameters
[0.329s] Level 1:colcon.colcon_core.package_discovery:discover_packages(ignore) check parameters
[0.329s] Level 1:colcon.colcon_core.package_discovery:discover_packages(path) check parameters
[0.329s] Level 1:colcon.colcon_core.package_discovery:discover_packages(colcon_meta) discover
[0.329s] Level 1:colcon.colcon_core.package_discovery:discover_packages(recursive) discover
[0.329s] INFO:colcon.colcon_core.package_discovery:Crawling recursively for packages in '/home/jalal/web/web_ws/ros2_ws'
[0.329s] Level 1:colcon.colcon_core.package_identification:_identify(.) by extensions ['ignore', 'ignore_ament_install']
[0.329s] Level 1:colcon.colcon_core.package_identification:_identify(.) by extension 'ignore'
[0.329s] Level 1:colcon.colcon_core.package_identification:_identify(.) by extension 'ignore_ament_install'
[0.329s] Level 1:colcon.colcon_core.package_identification:_identify(.) by extensions ['colcon_pkg']
[0.329s] Level 1:colcon.colcon_core.package_identification:_identify(.) by extension 'colcon_pkg'
[0.329s] Level 1:colcon.colcon_core.package_identification:_identify(.) by extensions ['colcon_meta']
[0.329s] Level 1:colcon.colcon_core.package_identification:_identify(.) by extension 'colcon_meta'
[0.329s] Level 1:colcon.colcon_core.package_identification:_identify(.) by extensions ['ros']
[0.329s] Level 1:colcon.colcon_core.package_identification:_identify(.) by extension 'ros'
[0.355s] Level 1:colcon.colcon_core.package_identification:_identify(.) by extensions ['cmake', 'python']
[0.355s] Level 1:colcon.colcon_core.package_identification:_identify(.) by extension 'cmake'
[0.355s] Level 1:colcon.colcon_core.package_identification:_identify(.) by extension 'python'
[0.355s] Level 1:colcon.colcon_core.package_identification:_identify(.) by extensions ['python_setup_py']
[0.355s] Level 1:colcon.colcon_core.package_identification:_identify(.) by extension 'python_setup_py'
[0.355s] Level 1:colcon.colcon_core.package_identification:_identify(build) by extensions ['ignore', 'ignore_ament_install']
[0.356s] Level 1:colcon.colcon_core.package_identification:_identify(build) by extension 'ignore'
[0.356s] Level 1:colcon.colcon_core.package_identification:_identify(build) ignored
[0.356s] Level 1:colcon.colcon_core.package_identification:_identify(install) by extensions ['ignore', 'ignore_ament_install']
[0.356s] Level 1:colcon.colcon_core.package_identification:_identify(install) by extension 'ignore'
[0.356s] Level 1:colcon.colcon_core.package_identification:_identify(install) ignored
[0.356s] Level 1:colcon.colcon_core.package_identification:_identify(log) by extensions ['ignore', 'ignore_ament_install']
[0.356s] Level 1:colcon.colcon_core.package_identification:_identify(log) by extension 'ignore'
[0.356s] Level 1:colcon.colcon_core.package_identification:_identify(log) ignored
[0.356s] Level 1:colcon.colcon_core.package_identification:_identify(src) by extensions ['ignore', 'ignore_ament_install']
[0.356s] Level 1:colcon.colcon_core.package_identification:_identify(src) by extension 'ignore'
[0.356s] Level 1:colcon.colcon_core.package_identification:_identify(src) by extension 'ignore_ament_install'
[0.357s] Level 1:colcon.colcon_core.package_identification:_identify(src) by extensions ['colcon_pkg']
[0.357s] Level 1:colcon.colcon_core.package_identification:_identify(src) by extension 'colcon_pkg'
[0.357s] Level 1:colcon.colcon_core.package_identification:_identify(src) by extensions ['colcon_meta']
[0.357s] Level 1:colcon.colcon_core.package_identification:_identify(src) by extension 'colcon_meta'
[0.357s] Level 1:colcon.colcon_core.package_identification:_identify(src) by extensions ['ros']
[0.357s] Level 1:colcon.colcon_core.package_identification:_identify(src) by extension 'ros'
[0.357s] Level 1:colcon.colcon_core.package_identification:_identify(src) by extensions ['cmake', 'python']
[0.357s] Level 1:colcon.colcon_core.package_identification:_identify(src) by extension 'cmake'
[0.357s] Level 1:colcon.colcon_core.package_identification:_identify(src) by extension 'python'
[0.357s] Level 1:colcon.colcon_core.package_identification:_identify(src) by extensions ['python_setup_py']
[0.357s] Level 1:colcon.colcon_core.package_identification:_identify(src) by extension 'python_setup_py'
[0.357s] Level 1:colcon.colcon_core.package_identification:_identify(src/two_wheeled_robot) by extensions ['ignore', 'ignore_ament_install']
[0.357s] Level 1:colcon.colcon_core.package_identification:_identify(src/two_wheeled_robot) by extension 'ignore'
[0.357s] Level 1:colcon.colcon_core.package_identification:_identify(src/two_wheeled_robot) by extension 'ignore_ament_install'
[0.357s] Level 1:colcon.colcon_core.package_identification:_identify(src/two_wheeled_robot) by extensions ['colcon_pkg']
[0.357s] Level 1:colcon.colcon_core.package_identification:_identify(src/two_wheeled_robot) by extension 'colcon_pkg'
[0.357s] Level 1:colcon.colcon_core.package_identification:_identify(src/two_wheeled_robot) by extensions ['colcon_meta']
[0.357s] Level 1:colcon.colcon_core.package_identification:_identify(src/two_wheeled_robot) by extension 'colcon_meta'
[0.357s] Level 1:colcon.colcon_core.package_identification:_identify(src/two_wheeled_robot) by extensions ['ros']
[0.357s] Level 1:colcon.colcon_core.package_identification:_identify(src/two_wheeled_robot) by extension 'ros'
[0.361s] DEBUG:colcon.colcon_core.package_identification:Package 'src/two_wheeled_robot' with type 'ros.ament_cmake' and name 'two_wheeled_robot'
[0.361s] Level 1:colcon.colcon_core.package_discovery:discover_packages(recursive) using defaults
[0.361s] Level 1:colcon.colcon_core.package_discovery:discover_packages(ignore) discover
[0.361s] Level 1:colcon.colcon_core.package_discovery:discover_packages(ignore) using defaults
[0.361s] Level 1:colcon.colcon_core.package_discovery:discover_packages(path) discover
[0.361s] Level 1:colcon.colcon_core.package_discovery:discover_packages(path) using defaults
[0.381s] Level 1:colcon.colcon_core.package_discovery:discover_packages(prefix_path) check parameters
[0.381s] Level 1:colcon.colcon_core.package_discovery:discover_packages(prefix_path) discover
[0.384s] DEBUG:colcon.colcon_installed_package_information.package_discovery:Found 380 installed packages in /opt/ros/foxy
[0.386s] Level 1:colcon.colcon_core.package_discovery:discover_packages(prefix_path) using defaults
[0.461s] Level 5:colcon.colcon_core.verb:set package 'two_wheeled_robot' build argument 'cmake_args' from command line to 'None'
[0.461s] Level 5:colcon.colcon_core.verb:set package 'two_wheeled_robot' build argument 'cmake_target' from command line to 'None'
[0.461s] Level 5:colcon.colcon_core.verb:set package 'two_wheeled_robot' build argument 'cmake_target_skip_unavailable' from command line to 'False'
[0.461s] Level 5:colcon.colcon_core.verb:set package 'two_wheeled_robot' build argument 'cmake_clean_cache' from command line to 'False'
[0.461s] Level 5:colcon.colcon_core.verb:set package 'two_wheeled_robot' build argument 'cmake_clean_first' from command line to 'False'
[0.461s] Level 5:colcon.colcon_core.verb:set package 'two_wheeled_robot' build argument 'cmake_force_configure' from command line to 'False'
[0.461s] Level 5:colcon.colcon_core.verb:set package 'two_wheeled_robot' build argument 'ament_cmake_args' from command line to 'None'
[0.461s] Level 5:colcon.colcon_core.verb:set package 'two_wheeled_robot' build argument 'catkin_cmake_args' from command line to 'None'
[0.461s] Level 5:colcon.colcon_core.verb:set package 'two_wheeled_robot' build argument 'catkin_skip_building_tests' from command line to 'False'
[0.461s] DEBUG:colcon.colcon_core.verb:Building package 'two_wheeled_robot' with the following arguments: {'ament_cmake_args': None, 'build_base': '/home/jalal/web/web_ws/ros2_ws/build/two_wheeled_robot', 'catkin_cmake_args': None, 'catkin_skip_building_tests': False, 'cmake_args': None, 'cmake_clean_cache': False, 'cmake_clean_first': False, 'cmake_force_configure': False, 'cmake_target': None, 'cmake_target_skip_unavailable': False, 'install_base': '/home/jalal/web/web_ws/ros2_ws/install/two_wheeled_robot', 'merge_install': False, 'path': '/home/jalal/web/web_ws/ros2_ws/src/two_wheeled_robot', 'symlink_install': False, 'test_result_base': None}
[0.462s] INFO:colcon.colcon_core.executor:Executing jobs using 'parallel' executor
[0.465s] DEBUG:colcon.colcon_parallel_executor.executor.parallel:run_until_complete
[0.465s] INFO:colcon.colcon_ros.task.ament_cmake.build:Building ROS package in '/home/jalal/web/web_ws/ros2_ws/src/two_wheeled_robot' with build type 'ament_cmake'
[0.465s] INFO:colcon.colcon_cmake.task.cmake.build:Building CMake package in '/home/jalal/web/web_ws/ros2_ws/src/two_wheeled_robot'
[0.469s] INFO:colcon.colcon_core.plugin_system:Skipping extension 'colcon_core.shell.bat': Not used on non-Windows systems
[0.469s] INFO:colcon.colcon_core.shell:Skip shell extension 'powershell' for command environment: Not usable outside of PowerShell
[0.469s] DEBUG:colcon.colcon_core.shell:Skip shell extension 'dsv' for command environment
[0.485s] DEBUG:colcon.colcon_core.event_handler.log_command:Invoking command in '/home/jalal/web/web_ws/ros2_ws/build/two_wheeled_robot': CMAKE_PREFIX_PATH=/opt/ros/foxy /usr/bin/cmake /home/jalal/web/web_ws/ros2_ws/src/two_wheeled_robot -DCMAKE_INSTALL_PREFIX=/home/jalal/web/web_ws/ros2_ws/install/two_wheeled_robot
[3.548s] DEBUG:colcon.colcon_core.event_handler.log_command:Invoked command in '/home/jalal/web/web_ws/ros2_ws/build/two_wheeled_robot' returned '0': CMAKE_PREFIX_PATH=/opt/ros/foxy /usr/bin/cmake /home/jalal/web/web_ws/ros2_ws/src/two_wheeled_robot -DCMAKE_INSTALL_PREFIX=/home/jalal/web/web_ws/ros2_ws/install/two_wheeled_robot
[3.554s] DEBUG:colcon.colcon_core.event_handler.log_command:Invoking command in '/home/jalal/web/web_ws/ros2_ws/build/two_wheeled_robot': CMAKE_PREFIX_PATH=/opt/ros/foxy /usr/bin/cmake --build /home/jalal/web/web_ws/ros2_ws/build/two_wheeled_robot -- -j12 -l12
[3.604s] DEBUG:colcon.colcon_core.event_handler.log_command:Invoked command in '/home/jalal/web/web_ws/ros2_ws/build/two_wheeled_robot' returned '0': CMAKE_PREFIX_PATH=/opt/ros/foxy /usr/bin/cmake --build /home/jalal/web/web_ws/ros2_ws/build/two_wheeled_robot -- -j12 -l12
[3.660s] DEBUG:colcon.colcon_core.event_handler.log_command:Invoking command in '/home/jalal/web/web_ws/ros2_ws/build/two_wheeled_robot': CMAKE_PREFIX_PATH=/opt/ros/foxy /usr/bin/cmake --install /home/jalal/web/web_ws/ros2_ws/build/two_wheeled_robot
[7.127s] Level 1:colcon.colcon_core.environment:create_environment_scripts_only(two_wheeled_robot)
[7.129s] DEBUG:colcon.colcon_core.event_handler.log_command:Invoked command in '/home/jalal/web/web_ws/ros2_ws/build/two_wheeled_robot' returned '0': CMAKE_PREFIX_PATH=/opt/ros/foxy /usr/bin/cmake --install /home/jalal/web/web_ws/ros2_ws/build/two_wheeled_robot
[7.136s] Level 1:colcon.colcon_core.environment:checking '/home/jalal/web/web_ws/ros2_ws/install/two_wheeled_robot' for CMake module files
[7.137s] Level 1:colcon.colcon_core.environment:checking '/home/jalal/web/web_ws/ros2_ws/install/two_wheeled_robot' for CMake config files
[7.152s] Level 1:colcon.colcon_core.shell:create_environment_hook('two_wheeled_robot', 'cmake_prefix_path')
[7.154s] INFO:colcon.colcon_core.shell:Creating environment hook '/home/jalal/web/web_ws/ros2_ws/install/two_wheeled_robot/share/two_wheeled_robot/hook/cmake_prefix_path.ps1'
[7.154s] INFO:colcon.colcon_core.shell:Creating environment descriptor '/home/jalal/web/web_ws/ros2_ws/install/two_wheeled_robot/share/two_wheeled_robot/hook/cmake_prefix_path.dsv'
[7.155s] INFO:colcon.colcon_core.shell:Creating environment hook '/home/jalal/web/web_ws/ros2_ws/install/two_wheeled_robot/share/two_wheeled_robot/hook/cmake_prefix_path.sh'
[7.155s] Level 1:colcon.colcon_core.environment:checking '/home/jalal/web/web_ws/ros2_ws/install/two_wheeled_robot/lib'
[7.155s] Level 1:colcon.colcon_core.environment:checking '/home/jalal/web/web_ws/ros2_ws/install/two_wheeled_robot/bin'
[7.156s] Level 1:colcon.colcon_core.environment:checking '/home/jalal/web/web_ws/ros2_ws/install/two_wheeled_robot/lib/pkgconfig/two_wheeled_robot.pc'
[7.156s] Level 1:colcon.colcon_core.environment:checking '/home/jalal/web/web_ws/ros2_ws/install/two_wheeled_robot/lib/python3.8/site-packages'
[7.156s] Level 1:colcon.colcon_core.shell:create_environment_hook('two_wheeled_robot', 'pythonpath')
[7.157s] INFO:colcon.colcon_core.shell:Creating environment hook '/home/jalal/web/web_ws/ros2_ws/install/two_wheeled_robot/share/two_wheeled_robot/hook/pythonpath.ps1'
[7.158s] INFO:colcon.colcon_core.shell:Creating environment descriptor '/home/jalal/web/web_ws/ros2_ws/install/two_wheeled_robot/share/two_wheeled_robot/hook/pythonpath.dsv'
[7.158s] INFO:colcon.colcon_core.shell:Creating environment hook '/home/jalal/web/web_ws/ros2_ws/install/two_wheeled_robot/share/two_wheeled_robot/hook/pythonpath.sh'
[7.158s] Level 1:colcon.colcon_core.environment:checking '/home/jalal/web/web_ws/ros2_ws/install/two_wheeled_robot/bin'
[7.160s] INFO:colcon.colcon_core.shell:Creating package script '/home/jalal/web/web_ws/ros2_ws/install/two_wheeled_robot/share/two_wheeled_robot/package.ps1'
[7.161s] INFO:colcon.colcon_core.shell:Creating package descriptor '/home/jalal/web/web_ws/ros2_ws/install/two_wheeled_robot/share/two_wheeled_robot/package.dsv'
[7.162s] INFO:colcon.colcon_core.shell:Creating package script '/home/jalal/web/web_ws/ros2_ws/install/two_wheeled_robot/share/two_wheeled_robot/package.sh'
[7.163s] INFO:colcon.colcon_core.shell:Creating package script '/home/jalal/web/web_ws/ros2_ws/install/two_wheeled_robot/share/two_wheeled_robot/package.bash'
[7.165s] INFO:colcon.colcon_core.shell:Creating package script '/home/jalal/web/web_ws/ros2_ws/install/two_wheeled_robot/share/two_wheeled_robot/package.zsh'
[7.166s] Level 1:colcon.colcon_core.environment:create_file_with_runtime_dependencies(/home/jalal/web/web_ws/ros2_ws/install/two_wheeled_robot/share/colcon-core/packages/two_wheeled_robot)
[7.214s] Level 1:colcon.colcon_core.environment:create_environment_scripts_only(two_wheeled_robot)
[7.218s] Level 1:colcon.colcon_core.environment:checking '/home/jalal/web/web_ws/ros2_ws/install/two_wheeled_robot' for CMake module files
[7.219s] Level 1:colcon.colcon_core.environment:checking '/home/jalal/web/web_ws/ros2_ws/install/two_wheeled_robot' for CMake config files
[7.235s] Level 1:colcon.colcon_core.shell:create_environment_hook('two_wheeled_robot', 'cmake_prefix_path')
[7.236s] INFO:colcon.colcon_core.shell:Creating environment hook '/home/jalal/web/web_ws/ros2_ws/install/two_wheeled_robot/share/two_wheeled_robot/hook/cmake_prefix_path.ps1'
[7.237s] INFO:colcon.colcon_core.shell:Creating environment descriptor '/home/jalal/web/web_ws/ros2_ws/install/two_wheeled_robot/share/two_wheeled_robot/hook/cmake_prefix_path.dsv'
[7.237s] INFO:colcon.colcon_core.shell:Creating environment hook '/home/jalal/web/web_ws/ros2_ws/install/two_wheeled_robot/share/two_wheeled_robot/hook/cmake_prefix_path.sh'
[7.238s] Level 1:colcon.colcon_core.environment:checking '/home/jalal/web/web_ws/ros2_ws/install/two_wheeled_robot/lib'
[7.238s] Level 1:colcon.colcon_core.environment:checking '/home/jalal/web/web_ws/ros2_ws/install/two_wheeled_robot/bin'
[7.238s] Level 1:colcon.colcon_core.environment:checking '/home/jalal/web/web_ws/ros2_ws/install/two_wheeled_robot/lib/pkgconfig/two_wheeled_robot.pc'
[7.238s] Level 1:colcon.colcon_core.environment:checking '/home/jalal/web/web_ws/ros2_ws/install/two_wheeled_robot/lib/python3.8/site-packages'
[7.238s] Level 1:colcon.colcon_core.shell:create_environment_hook('two_wheeled_robot', 'pythonpath')
[7.239s] INFO:colcon.colcon_core.shell:Creating environment hook '/home/jalal/web/web_ws/ros2_ws/install/two_wheeled_robot/share/two_wheeled_robot/hook/pythonpath.ps1'
[7.240s] INFO:colcon.colcon_core.shell:Creating environment descriptor '/home/jalal/web/web_ws/ros2_ws/install/two_wheeled_robot/share/two_wheeled_robot/hook/pythonpath.dsv'
[7.240s] INFO:colcon.colcon_core.shell:Creating environment hook '/home/jalal/web/web_ws/ros2_ws/install/two_wheeled_robot/share/two_wheeled_robot/hook/pythonpath.sh'
[7.240s] Level 1:colcon.colcon_core.environment:checking '/home/jalal/web/web_ws/ros2_ws/install/two_wheeled_robot/bin'
[7.242s] INFO:colcon.colcon_core.shell:Creating package script '/home/jalal/web/web_ws/ros2_ws/install/two_wheeled_robot/share/two_wheeled_robot/package.ps1'
[7.242s] INFO:colcon.colcon_core.shell:Creating package descriptor '/home/jalal/web/web_ws/ros2_ws/install/two_wheeled_robot/share/two_wheeled_robot/package.dsv'
[7.243s] INFO:colcon.colcon_core.shell:Creating package script '/home/jalal/web/web_ws/ros2_ws/install/two_wheeled_robot/share/two_wheeled_robot/package.sh'
[7.243s] INFO:colcon.colcon_core.shell:Creating package script '/home/jalal/web/web_ws/ros2_ws/install/two_wheeled_robot/share/two_wheeled_robot/package.bash'
[7.243s] INFO:colcon.colcon_core.shell:Creating package script '/home/jalal/web/web_ws/ros2_ws/install/two_wheeled_robot/share/two_wheeled_robot/package.zsh'
[7.243s] Level 1:colcon.colcon_core.environment:create_file_with_runtime_dependencies(/home/jalal/web/web_ws/ros2_ws/install/two_wheeled_robot/share/colcon-core/packages/two_wheeled_robot)
[7.244s] DEBUG:colcon.colcon_parallel_executor.executor.parallel:closing loop
[7.244s] DEBUG:colcon.colcon_parallel_executor.executor.parallel:loop closed
[7.244s] DEBUG:colcon.colcon_parallel_executor.executor.parallel:run_until_complete finished with '0'
[7.244s] DEBUG:colcon.colcon_core.event_reactor:joining thread
[7.257s] INFO:colcon.colcon_core.plugin_system:Skipping extension 'colcon_notification.desktop_notification.terminal_notifier': Not used on non-Darwin systems
[7.258s] INFO:colcon.colcon_core.plugin_system:Skipping extension 'colcon_notification.desktop_notification.win32': Not used on non-Windows systems
[7.258s] INFO:colcon.colcon_notification.desktop_notification:Sending desktop notification using 'notify2'
[7.298s] DEBUG:colcon.colcon_core.event_reactor:joined thread
[7.300s] INFO:colcon.colcon_core.shell:Creating prefix script '/home/jalal/web/web_ws/ros2_ws/install/local_setup.ps1'
[7.302s] INFO:colcon.colcon_core.shell:Creating prefix util module '/home/jalal/web/web_ws/ros2_ws/install/_local_setup_util_ps1.py'
[7.304s] INFO:colcon.colcon_core.shell:Creating prefix chain script '/home/jalal/web/web_ws/ros2_ws/install/setup.ps1'
[7.306s] INFO:colcon.colcon_core.shell:Creating prefix script '/home/jalal/web/web_ws/ros2_ws/install/local_setup.sh'
[7.308s] INFO:colcon.colcon_core.shell:Creating prefix util module '/home/jalal/web/web_ws/ros2_ws/install/_local_setup_util_sh.py'
[7.308s] INFO:colcon.colcon_core.shell:Creating prefix chain script '/home/jalal/web/web_ws/ros2_ws/install/setup.sh'
[7.311s] INFO:colcon.colcon_core.shell:Creating prefix script '/home/jalal/web/web_ws/ros2_ws/install/local_setup.bash'
[7.311s] INFO:colcon.colcon_core.shell:Creating prefix chain script '/home/jalal/web/web_ws/ros2_ws/install/setup.bash'
[7.314s] INFO:colcon.colcon_core.shell:Creating prefix script '/home/jalal/web/web_ws/ros2_ws/install/local_setup.zsh'
[7.315s] INFO:colcon.colcon_core.shell:Creating prefix chain script '/home/jalal/web/web_ws/ros2_ws/install/setup.zsh'
