[0.072s] Invoking command in '/home/jalal/web/web_ws/turtlebot_ws/build/turtlebot3_cartographer': CMAKE_PREFIX_PATH=${CMAKE_PREFIX_PATH}:/home/jalal/web/web_ws/turtlebot_ws/install/turtlebot3_teleop:/home/jalal/web/web_ws/turtlebot_ws/install/turtlebot3_example:/opt/ros/foxy /usr/bin/cmake --build /home/jalal/web/web_ws/turtlebot_ws/build/turtlebot3_cartographer -- -j12 -l12
[0.341s] Invoked command in '/home/jalal/web/web_ws/turtlebot_ws/build/turtlebot3_cartographer' returned '0': CMAKE_PREFIX_PATH=${CMAKE_PREFIX_PATH}:/home/jalal/web/web_ws/turtlebot_ws/install/turtlebot3_teleop:/home/jalal/web/web_ws/turtlebot_ws/install/turtlebot3_example:/opt/ros/foxy /usr/bin/cmake --build /home/jalal/web/web_ws/turtlebot_ws/build/turtlebot3_cartographer -- -j12 -l12
[0.410s] Invoking command in '/home/jalal/web/web_ws/turtlebot_ws/build/turtlebot3_cartographer': CMAKE_PREFIX_PATH=${CMAKE_PREFIX_PATH}:/home/jalal/web/web_ws/turtlebot_ws/install/turtlebot3_teleop:/home/jalal/web/web_ws/turtlebot_ws/install/turtlebot3_example:/opt/ros/foxy /usr/bin/cmake --install /home/jalal/web/web_ws/turtlebot_ws/build/turtlebot3_cartographer
[0.423s] -- Install configuration: ""
[0.423s] -- Up-to-date: /home/jalal/web/web_ws/turtlebot_ws/install/turtlebot3_cartographer/share/turtlebot3_cartographer/config
[0.423s] -- Installing: /home/jalal/web/web_ws/turtlebot_ws/install/turtlebot3_cartographer/share/turtlebot3_cartographer/config/turtlebot3_lds_2d.lua
[0.424s] -- Up-to-date: /home/jalal/web/web_ws/turtlebot_ws/install/turtlebot3_cartographer/share/turtlebot3_cartographer/launch
[0.424s] -- Up-to-date: /home/jalal/web/web_ws/turtlebot_ws/install/turtlebot3_cartographer/share/turtlebot3_cartographer/launch/occupancy_grid.launch.py
[0.424s] -- Up-to-date: /home/jalal/web/web_ws/turtlebot_ws/install/turtlebot3_cartographer/share/turtlebot3_cartographer/launch/cartographer.launch.py
[0.424s] -- Up-to-date: /home/jalal/web/web_ws/turtlebot_ws/install/turtlebot3_cartographer/share/turtlebot3_cartographer/rviz
[0.425s] -- Up-to-date: /home/jalal/web/web_ws/turtlebot_ws/install/turtlebot3_cartographer/share/turtlebot3_cartographer/rviz/tb3_cartographer.rviz
[0.425s] -- Up-to-date: /home/jalal/web/web_ws/turtlebot_ws/install/turtlebot3_cartographer/share/ament_index/resource_index/package_run_dependencies/turtlebot3_cartographer
[0.425s] -- Up-to-date: /home/jalal/web/web_ws/turtlebot_ws/install/turtlebot3_cartographer/share/ament_index/resource_index/parent_prefix_path/turtlebot3_cartographer
[0.425s] -- Up-to-date: /home/jalal/web/web_ws/turtlebot_ws/install/turtlebot3_cartographer/share/turtlebot3_cartographer/environment/ament_prefix_path.sh
[0.425s] -- Up-to-date: /home/jalal/web/web_ws/turtlebot_ws/install/turtlebot3_cartographer/share/turtlebot3_cartographer/environment/ament_prefix_path.dsv
[0.426s] -- Up-to-date: /home/jalal/web/web_ws/turtlebot_ws/install/turtlebot3_cartographer/share/turtlebot3_cartographer/environment/path.sh
[0.426s] -- Up-to-date: /home/jalal/web/web_ws/turtlebot_ws/install/turtlebot3_cartographer/share/turtlebot3_cartographer/environment/path.dsv
[0.426s] -- Up-to-date: /home/jalal/web/web_ws/turtlebot_ws/install/turtlebot3_cartographer/share/turtlebot3_cartographer/local_setup.bash
[0.426s] -- Up-to-date: /home/jalal/web/web_ws/turtlebot_ws/install/turtlebot3_cartographer/share/turtlebot3_cartographer/local_setup.sh
[0.426s] -- Up-to-date: /home/jalal/web/web_ws/turtlebot_ws/install/turtlebot3_cartographer/share/turtlebot3_cartographer/local_setup.zsh
[0.426s] -- Up-to-date: /home/jalal/web/web_ws/turtlebot_ws/install/turtlebot3_cartographer/share/turtlebot3_cartographer/local_setup.dsv
[0.426s] -- Up-to-date: /home/jalal/web/web_ws/turtlebot_ws/install/turtlebot3_cartographer/share/turtlebot3_cartographer/package.dsv
[0.426s] -- Up-to-date: /home/jalal/web/web_ws/turtlebot_ws/install/turtlebot3_cartographer/share/ament_index/resource_index/packages/turtlebot3_cartographer
[0.427s] -- Up-to-date: /home/jalal/web/web_ws/turtlebot_ws/install/turtlebot3_cartographer/share/turtlebot3_cartographer/cmake/turtlebot3_cartographerConfig.cmake
[0.427s] -- Up-to-date: /home/jalal/web/web_ws/turtlebot_ws/install/turtlebot3_cartographer/share/turtlebot3_cartographer/cmake/turtlebot3_cartographerConfig-version.cmake
[0.427s] -- Up-to-date: /home/jalal/web/web_ws/turtlebot_ws/install/turtlebot3_cartographer/share/turtlebot3_cartographer/package.xml
[0.491s] Invoked command in '/home/jalal/web/web_ws/turtlebot_ws/build/turtlebot3_cartographer' returned '0': CMAKE_PREFIX_PATH=${CMAKE_PREFIX_PATH}:/home/jalal/web/web_ws/turtlebot_ws/install/turtlebot3_teleop:/home/jalal/web/web_ws/turtlebot_ws/install/turtlebot3_example:/opt/ros/foxy /usr/bin/cmake --install /home/jalal/web/web_ws/turtlebot_ws/build/turtlebot3_cartographer
