[0.957s] Invoking command in '/home/jalal/web/web_ws/turtlebot_ws/src/turtlebot3/turtlebot3/turtlebot3_example': AMENT_PREFIX_PATH=/home/jalal/web/web_ws/turtlebot_ws/install/turtlebot3_msgs:${AMENT_PREFIX_PATH} CMAKE_PREFIX_PATH=/home/jalal/web/web_ws/turtlebot_ws/install/turtlebot3_msgs LD_LIBRARY_PATH=/home/jalal/web/web_ws/turtlebot_ws/install/turtlebot3_msgs/lib:${LD_LIBRARY_PATH} PYTHONPATH=/home/jalal/web/web_ws/turtlebot_ws/build/turtlebot3_example/prefix_override:/home/jalal/web/web_ws/turtlebot_ws/install/turtlebot3_example/lib/python3.8/site-packages:/home/jalal/web/web_ws/turtlebot_ws/install/turtlebot3_msgs/lib/python3.8/site-packages:${PYTHONPATH} /usr/bin/python3 setup.py egg_info --egg-base ../../../../build/turtlebot3_example build --build-base /home/jalal/web/web_ws/turtlebot_ws/build/turtlebot3_example/build install --record /home/jalal/web/web_ws/turtlebot_ws/build/turtlebot3_example/install.log --single-version-externally-managed
[1.174s] running egg_info
[1.174s] creating ../../../../build/turtlebot3_example/turtlebot3_example.egg-info
[1.175s] writing ../../../../build/turtlebot3_example/turtlebot3_example.egg-info/PKG-INFO
[1.175s] writing dependency_links to ../../../../build/turtlebot3_example/turtlebot3_example.egg-info/dependency_links.txt
[1.175s] writing entry points to ../../../../build/turtlebot3_example/turtlebot3_example.egg-info/entry_points.txt
[1.176s] writing requirements to ../../../../build/turtlebot3_example/turtlebot3_example.egg-info/requires.txt
[1.176s] writing top-level names to ../../../../build/turtlebot3_example/turtlebot3_example.egg-info/top_level.txt
[1.177s] writing manifest file '../../../../build/turtlebot3_example/turtlebot3_example.egg-info/SOURCES.txt'
[1.209s] reading manifest file '../../../../build/turtlebot3_example/turtlebot3_example.egg-info/SOURCES.txt'
[1.209s] writing manifest file '../../../../build/turtlebot3_example/turtlebot3_example.egg-info/SOURCES.txt'
[1.210s] running build
[1.210s] running build_py
[1.210s] creating /home/jalal/web/web_ws/turtlebot_ws/build/turtlebot3_example/build
[1.210s] creating /home/jalal/web/web_ws/turtlebot_ws/build/turtlebot3_example/build/lib
[1.210s] creating /home/jalal/web/web_ws/turtlebot_ws/build/turtlebot3_example/build/lib/turtlebot3_example
[1.210s] copying turtlebot3_example/__init__.py -> /home/jalal/web/web_ws/turtlebot_ws/build/turtlebot3_example/build/lib/turtlebot3_example
[1.210s] creating /home/jalal/web/web_ws/turtlebot_ws/build/turtlebot3_example/build/lib/turtlebot3_example/turtlebot3_obstacle_detection
[1.211s] copying turtlebot3_example/turtlebot3_obstacle_detection/__init__.py -> /home/jalal/web/web_ws/turtlebot_ws/build/turtlebot3_example/build/lib/turtlebot3_example/turtlebot3_obstacle_detection
[1.211s] copying turtlebot3_example/turtlebot3_obstacle_detection/main.py -> /home/jalal/web/web_ws/turtlebot_ws/build/turtlebot3_example/build/lib/turtlebot3_example/turtlebot3_obstacle_detection
[1.212s] copying turtlebot3_example/turtlebot3_obstacle_detection/turtlebot3_obstacle_detection.py -> /home/jalal/web/web_ws/turtlebot_ws/build/turtlebot3_example/build/lib/turtlebot3_example/turtlebot3_obstacle_detection
[1.212s] creating /home/jalal/web/web_ws/turtlebot_ws/build/turtlebot3_example/build/lib/turtlebot3_example/turtlebot3_patrol_server
[1.212s] copying turtlebot3_example/turtlebot3_patrol_server/__init__.py -> /home/jalal/web/web_ws/turtlebot_ws/build/turtlebot3_example/build/lib/turtlebot3_example/turtlebot3_patrol_server
[1.213s] copying turtlebot3_example/turtlebot3_patrol_server/turtlebot3_path.py -> /home/jalal/web/web_ws/turtlebot_ws/build/turtlebot3_example/build/lib/turtlebot3_example/turtlebot3_patrol_server
[1.213s] copying turtlebot3_example/turtlebot3_patrol_server/main.py -> /home/jalal/web/web_ws/turtlebot_ws/build/turtlebot3_example/build/lib/turtlebot3_example/turtlebot3_patrol_server
[1.213s] copying turtlebot3_example/turtlebot3_patrol_server/turtlebot3_patrol_server.py -> /home/jalal/web/web_ws/turtlebot_ws/build/turtlebot3_example/build/lib/turtlebot3_example/turtlebot3_patrol_server
[1.213s] creating /home/jalal/web/web_ws/turtlebot_ws/build/turtlebot3_example/build/lib/turtlebot3_example/turtlebot3_patrol_client
[1.213s] copying turtlebot3_example/turtlebot3_patrol_client/__init__.py -> /home/jalal/web/web_ws/turtlebot_ws/build/turtlebot3_example/build/lib/turtlebot3_example/turtlebot3_patrol_client
[1.213s] copying turtlebot3_example/turtlebot3_patrol_client/turtlebot3_patrol_client.py -> /home/jalal/web/web_ws/turtlebot_ws/build/turtlebot3_example/build/lib/turtlebot3_example/turtlebot3_patrol_client
[1.213s] copying turtlebot3_example/turtlebot3_patrol_client/main.py -> /home/jalal/web/web_ws/turtlebot_ws/build/turtlebot3_example/build/lib/turtlebot3_example/turtlebot3_patrol_client
[1.213s] creating /home/jalal/web/web_ws/turtlebot_ws/build/turtlebot3_example/build/lib/turtlebot3_example/turtlebot3_position_control
[1.213s] copying turtlebot3_example/turtlebot3_position_control/__init__.py -> /home/jalal/web/web_ws/turtlebot_ws/build/turtlebot3_example/build/lib/turtlebot3_example/turtlebot3_position_control
[1.213s] copying turtlebot3_example/turtlebot3_position_control/turtlebot3_path.py -> /home/jalal/web/web_ws/turtlebot_ws/build/turtlebot3_example/build/lib/turtlebot3_example/turtlebot3_position_control
[1.214s] copying turtlebot3_example/turtlebot3_position_control/main.py -> /home/jalal/web/web_ws/turtlebot_ws/build/turtlebot3_example/build/lib/turtlebot3_example/turtlebot3_position_control
[1.214s] copying turtlebot3_example/turtlebot3_position_control/turtlebot3_position_control.py -> /home/jalal/web/web_ws/turtlebot_ws/build/turtlebot3_example/build/lib/turtlebot3_example/turtlebot3_position_control
[1.214s] running install
[1.214s] running install_lib
[1.215s] creating /home/jalal/web/web_ws/turtlebot_ws/install/turtlebot3_example/lib/python3.8/site-packages/turtlebot3_example
[1.215s] copying /home/jalal/web/web_ws/turtlebot_ws/build/turtlebot3_example/build/lib/turtlebot3_example/__init__.py -> /home/jalal/web/web_ws/turtlebot_ws/install/turtlebot3_example/lib/python3.8/site-packages/turtlebot3_example
[1.215s] creating /home/jalal/web/web_ws/turtlebot_ws/install/turtlebot3_example/lib/python3.8/site-packages/turtlebot3_example/turtlebot3_obstacle_detection
[1.215s] copying /home/jalal/web/web_ws/turtlebot_ws/build/turtlebot3_example/build/lib/turtlebot3_example/turtlebot3_obstacle_detection/__init__.py -> /home/jalal/web/web_ws/turtlebot_ws/install/turtlebot3_example/lib/python3.8/site-packages/turtlebot3_example/turtlebot3_obstacle_detection
[1.216s] copying /home/jalal/web/web_ws/turtlebot_ws/build/turtlebot3_example/build/lib/turtlebot3_example/turtlebot3_obstacle_detection/main.py -> /home/jalal/web/web_ws/turtlebot_ws/install/turtlebot3_example/lib/python3.8/site-packages/turtlebot3_example/turtlebot3_obstacle_detection
[1.216s] copying /home/jalal/web/web_ws/turtlebot_ws/build/turtlebot3_example/build/lib/turtlebot3_example/turtlebot3_obstacle_detection/turtlebot3_obstacle_detection.py -> /home/jalal/web/web_ws/turtlebot_ws/install/turtlebot3_example/lib/python3.8/site-packages/turtlebot3_example/turtlebot3_obstacle_detection
[1.216s] creating /home/jalal/web/web_ws/turtlebot_ws/install/turtlebot3_example/lib/python3.8/site-packages/turtlebot3_example/turtlebot3_patrol_server
[1.216s] copying /home/jalal/web/web_ws/turtlebot_ws/build/turtlebot3_example/build/lib/turtlebot3_example/turtlebot3_patrol_server/__init__.py -> /home/jalal/web/web_ws/turtlebot_ws/install/turtlebot3_example/lib/python3.8/site-packages/turtlebot3_example/turtlebot3_patrol_server
[1.216s] copying /home/jalal/web/web_ws/turtlebot_ws/build/turtlebot3_example/build/lib/turtlebot3_example/turtlebot3_patrol_server/turtlebot3_path.py -> /home/jalal/web/web_ws/turtlebot_ws/install/turtlebot3_example/lib/python3.8/site-packages/turtlebot3_example/turtlebot3_patrol_server
[1.216s] copying /home/jalal/web/web_ws/turtlebot_ws/build/turtlebot3_example/build/lib/turtlebot3_example/turtlebot3_patrol_server/main.py -> /home/jalal/web/web_ws/turtlebot_ws/install/turtlebot3_example/lib/python3.8/site-packages/turtlebot3_example/turtlebot3_patrol_server
[1.216s] copying /home/jalal/web/web_ws/turtlebot_ws/build/turtlebot3_example/build/lib/turtlebot3_example/turtlebot3_patrol_server/turtlebot3_patrol_server.py -> /home/jalal/web/web_ws/turtlebot_ws/install/turtlebot3_example/lib/python3.8/site-packages/turtlebot3_example/turtlebot3_patrol_server
[1.217s] creating /home/jalal/web/web_ws/turtlebot_ws/install/turtlebot3_example/lib/python3.8/site-packages/turtlebot3_example/turtlebot3_patrol_client
[1.217s] copying /home/jalal/web/web_ws/turtlebot_ws/build/turtlebot3_example/build/lib/turtlebot3_example/turtlebot3_patrol_client/__init__.py -> /home/jalal/web/web_ws/turtlebot_ws/install/turtlebot3_example/lib/python3.8/site-packages/turtlebot3_example/turtlebot3_patrol_client
[1.217s] copying /home/jalal/web/web_ws/turtlebot_ws/build/turtlebot3_example/build/lib/turtlebot3_example/turtlebot3_patrol_client/turtlebot3_patrol_client.py -> /home/jalal/web/web_ws/turtlebot_ws/install/turtlebot3_example/lib/python3.8/site-packages/turtlebot3_example/turtlebot3_patrol_client
[1.217s] copying /home/jalal/web/web_ws/turtlebot_ws/build/turtlebot3_example/build/lib/turtlebot3_example/turtlebot3_patrol_client/main.py -> /home/jalal/web/web_ws/turtlebot_ws/install/turtlebot3_example/lib/python3.8/site-packages/turtlebot3_example/turtlebot3_patrol_client
[1.217s] creating /home/jalal/web/web_ws/turtlebot_ws/install/turtlebot3_example/lib/python3.8/site-packages/turtlebot3_example/turtlebot3_position_control
[1.217s] copying /home/jalal/web/web_ws/turtlebot_ws/build/turtlebot3_example/build/lib/turtlebot3_example/turtlebot3_position_control/__init__.py -> /home/jalal/web/web_ws/turtlebot_ws/install/turtlebot3_example/lib/python3.8/site-packages/turtlebot3_example/turtlebot3_position_control
[1.217s] copying /home/jalal/web/web_ws/turtlebot_ws/build/turtlebot3_example/build/lib/turtlebot3_example/turtlebot3_position_control/turtlebot3_path.py -> /home/jalal/web/web_ws/turtlebot_ws/install/turtlebot3_example/lib/python3.8/site-packages/turtlebot3_example/turtlebot3_position_control
[1.217s] copying /home/jalal/web/web_ws/turtlebot_ws/build/turtlebot3_example/build/lib/turtlebot3_example/turtlebot3_position_control/main.py -> /home/jalal/web/web_ws/turtlebot_ws/install/turtlebot3_example/lib/python3.8/site-packages/turtlebot3_example/turtlebot3_position_control
[1.217s] copying /home/jalal/web/web_ws/turtlebot_ws/build/turtlebot3_example/build/lib/turtlebot3_example/turtlebot3_position_control/turtlebot3_position_control.py -> /home/jalal/web/web_ws/turtlebot_ws/install/turtlebot3_example/lib/python3.8/site-packages/turtlebot3_example/turtlebot3_position_control
[1.217s] byte-compiling /home/jalal/web/web_ws/turtlebot_ws/install/turtlebot3_example/lib/python3.8/site-packages/turtlebot3_example/__init__.py to __init__.cpython-38.pyc
[1.218s] byte-compiling /home/jalal/web/web_ws/turtlebot_ws/install/turtlebot3_example/lib/python3.8/site-packages/turtlebot3_example/turtlebot3_obstacle_detection/__init__.py to __init__.cpython-38.pyc
[1.218s] byte-compiling /home/jalal/web/web_ws/turtlebot_ws/install/turtlebot3_example/lib/python3.8/site-packages/turtlebot3_example/turtlebot3_obstacle_detection/main.py to main.cpython-38.pyc
[1.218s] byte-compiling /home/jalal/web/web_ws/turtlebot_ws/install/turtlebot3_example/lib/python3.8/site-packages/turtlebot3_example/turtlebot3_obstacle_detection/turtlebot3_obstacle_detection.py to turtlebot3_obstacle_detection.cpython-38.pyc
[1.219s] byte-compiling /home/jalal/web/web_ws/turtlebot_ws/install/turtlebot3_example/lib/python3.8/site-packages/turtlebot3_example/turtlebot3_patrol_server/__init__.py to __init__.cpython-38.pyc
[1.219s] byte-compiling /home/jalal/web/web_ws/turtlebot_ws/install/turtlebot3_example/lib/python3.8/site-packages/turtlebot3_example/turtlebot3_patrol_server/turtlebot3_path.py to turtlebot3_path.cpython-38.pyc
[1.219s] byte-compiling /home/jalal/web/web_ws/turtlebot_ws/install/turtlebot3_example/lib/python3.8/site-packages/turtlebot3_example/turtlebot3_patrol_server/main.py to main.cpython-38.pyc
[1.219s] byte-compiling /home/jalal/web/web_ws/turtlebot_ws/install/turtlebot3_example/lib/python3.8/site-packages/turtlebot3_example/turtlebot3_patrol_server/turtlebot3_patrol_server.py to turtlebot3_patrol_server.cpython-38.pyc
[1.221s] byte-compiling /home/jalal/web/web_ws/turtlebot_ws/install/turtlebot3_example/lib/python3.8/site-packages/turtlebot3_example/turtlebot3_patrol_client/__init__.py to __init__.cpython-38.pyc
[1.221s] byte-compiling /home/jalal/web/web_ws/turtlebot_ws/install/turtlebot3_example/lib/python3.8/site-packages/turtlebot3_example/turtlebot3_patrol_client/turtlebot3_patrol_client.py to turtlebot3_patrol_client.cpython-38.pyc
[1.222s] byte-compiling /home/jalal/web/web_ws/turtlebot_ws/install/turtlebot3_example/lib/python3.8/site-packages/turtlebot3_example/turtlebot3_patrol_client/main.py to main.cpython-38.pyc
[1.222s] byte-compiling /home/jalal/web/web_ws/turtlebot_ws/install/turtlebot3_example/lib/python3.8/site-packages/turtlebot3_example/turtlebot3_position_control/__init__.py to __init__.cpython-38.pyc
[1.222s] byte-compiling /home/jalal/web/web_ws/turtlebot_ws/install/turtlebot3_example/lib/python3.8/site-packages/turtlebot3_example/turtlebot3_position_control/turtlebot3_path.py to turtlebot3_path.cpython-38.pyc
[1.223s] byte-compiling /home/jalal/web/web_ws/turtlebot_ws/install/turtlebot3_example/lib/python3.8/site-packages/turtlebot3_example/turtlebot3_position_control/main.py to main.cpython-38.pyc
[1.223s] byte-compiling /home/jalal/web/web_ws/turtlebot_ws/install/turtlebot3_example/lib/python3.8/site-packages/turtlebot3_example/turtlebot3_position_control/turtlebot3_position_control.py to turtlebot3_position_control.cpython-38.pyc
[1.224s] running install_data
[1.224s] creating /home/jalal/web/web_ws/turtlebot_ws/install/turtlebot3_example/share/ament_index
[1.225s] creating /home/jalal/web/web_ws/turtlebot_ws/install/turtlebot3_example/share/ament_index/resource_index
[1.225s] creating /home/jalal/web/web_ws/turtlebot_ws/install/turtlebot3_example/share/ament_index/resource_index/packages
[1.225s] copying resource/turtlebot3_example -> /home/jalal/web/web_ws/turtlebot_ws/install/turtlebot3_example/share/ament_index/resource_index/packages
[1.225s] copying package.xml -> /home/jalal/web/web_ws/turtlebot_ws/install/turtlebot3_example/share/turtlebot3_example
[1.225s] running install_egg_info
[1.226s] Copying ../../../../build/turtlebot3_example/turtlebot3_example.egg-info to /home/jalal/web/web_ws/turtlebot_ws/install/turtlebot3_example/lib/python3.8/site-packages/turtlebot3_example-2.1.4-py3.8.egg-info
[1.227s] running install_scripts
[1.250s] Installing turtlebot3_obstacle_detection script to /home/jalal/web/web_ws/turtlebot_ws/install/turtlebot3_example/lib/turtlebot3_example
[1.250s] Installing turtlebot3_patrol_client script to /home/jalal/web/web_ws/turtlebot_ws/install/turtlebot3_example/lib/turtlebot3_example
[1.250s] Installing turtlebot3_patrol_server script to /home/jalal/web/web_ws/turtlebot_ws/install/turtlebot3_example/lib/turtlebot3_example
[1.250s] Installing turtlebot3_position_control script to /home/jalal/web/web_ws/turtlebot_ws/install/turtlebot3_example/lib/turtlebot3_example
[1.251s] writing list of installed files to '/home/jalal/web/web_ws/turtlebot_ws/build/turtlebot3_example/install.log'
[1.328s] Invoked command in '/home/jalal/web/web_ws/turtlebot_ws/src/turtlebot3/turtlebot3/turtlebot3_example' returned '0': AMENT_PREFIX_PATH=/home/jalal/web/web_ws/turtlebot_ws/install/turtlebot3_msgs:${AMENT_PREFIX_PATH} CMAKE_PREFIX_PATH=/home/jalal/web/web_ws/turtlebot_ws/install/turtlebot3_msgs LD_LIBRARY_PATH=/home/jalal/web/web_ws/turtlebot_ws/install/turtlebot3_msgs/lib:${LD_LIBRARY_PATH} PYTHONPATH=/home/jalal/web/web_ws/turtlebot_ws/build/turtlebot3_example/prefix_override:/home/jalal/web/web_ws/turtlebot_ws/install/turtlebot3_example/lib/python3.8/site-packages:/home/jalal/web/web_ws/turtlebot_ws/install/turtlebot3_msgs/lib/python3.8/site-packages:${PYTHONPATH} /usr/bin/python3 setup.py egg_info --egg-base ../../../../build/turtlebot3_example build --build-base /home/jalal/web/web_ws/turtlebot_ws/build/turtlebot3_example/build install --record /home/jalal/web/web_ws/turtlebot_ws/build/turtlebot3_example/install.log --single-version-externally-managed
