[0.066s] Invoking command in '/home/jalal/web/web_ws/turtlebot_ws/build/dynamixel_sdk': CMAKE_PREFIX_PATH=/opt/ros/foxy /usr/bin/cmake /home/jalal/web/web_ws/turtlebot_ws/src/utils/DynamixelSDK/dynamixel_sdk -DCMAKE_INSTALL_PREFIX=/home/jalal/web/web_ws/turtlebot_ws/install/dynamixel_sdk
[0.277s] -- The C compiler identification is GNU 9.4.0
[0.428s] -- The CXX compiler identification is GNU 9.4.0
[0.433s] -- Check for working C compiler: /usr/bin/cc
[0.538s] -- Check for working C compiler: /usr/bin/cc -- works
[0.540s] -- Detecting C compiler ABI info
[0.637s] -- Detecting C compiler ABI info - done
[0.652s] -- Detecting C compile features
[0.652s] -- Detecting C compile features - done
[0.655s] -- Check for working CXX compiler: /usr/bin/c++
[0.772s] -- Check for working CXX compiler: /usr/bin/c++ -- works
[0.773s] -- Detecting CXX compiler ABI info
[0.887s] -- Detecting CXX compiler ABI info - done
[0.902s] -- Detecting CXX compile features
[0.903s] -- Detecting CXX compile features - done
[0.906s] -- Found ament_cmake: 0.9.11 (/opt/ros/foxy/share/ament_cmake/cmake)
[0.948s] -- Found PythonInterp: /usr/bin/python3 (found suitable version "3.8.10", minimum required is "3") 
[0.948s] -- Using PYTHON_EXECUTABLE: /usr/bin/python3
[1.312s] -- Configuring done
[1.318s] -- Generating done
[1.319s] -- Build files have been written to: /home/jalal/web/web_ws/turtlebot_ws/build/dynamixel_sdk
[1.325s] Invoked command in '/home/jalal/web/web_ws/turtlebot_ws/build/dynamixel_sdk' returned '0': CMAKE_PREFIX_PATH=/opt/ros/foxy /usr/bin/cmake /home/jalal/web/web_ws/turtlebot_ws/src/utils/DynamixelSDK/dynamixel_sdk -DCMAKE_INSTALL_PREFIX=/home/jalal/web/web_ws/turtlebot_ws/install/dynamixel_sdk
[1.329s] Invoking command in '/home/jalal/web/web_ws/turtlebot_ws/build/dynamixel_sdk': CMAKE_PREFIX_PATH=/opt/ros/foxy /usr/bin/cmake --build /home/jalal/web/web_ws/turtlebot_ws/build/dynamixel_sdk -- -j12 -l12
[1.376s] [35m[1mScanning dependencies of target dynamixel_sdk[0m
[1.388s] [ 20%] [32mBuilding CXX object CMakeFiles/dynamixel_sdk.dir/src/dynamixel_sdk/packet_handler.cpp.o[0m
[1.388s] [ 20%] [32mBuilding CXX object CMakeFiles/dynamixel_sdk.dir/src/dynamixel_sdk/protocol2_packet_handler.cpp.o[0m
[1.395s] [ 40%] [32mBuilding CXX object CMakeFiles/dynamixel_sdk.dir/src/dynamixel_sdk/group_sync_write.cpp.o[0m
[1.398s] [ 40%] [32mBuilding CXX object CMakeFiles/dynamixel_sdk.dir/src/dynamixel_sdk/protocol1_packet_handler.cpp.o[0m
[1.398s] [ 50%] [32mBuilding CXX object CMakeFiles/dynamixel_sdk.dir/src/dynamixel_sdk/group_bulk_read.cpp.o[0m
[1.399s] [ 60%] [32mBuilding CXX object CMakeFiles/dynamixel_sdk.dir/src/dynamixel_sdk/group_sync_read.cpp.o[0m
[1.402s] [ 70%] [32mBuilding CXX object CMakeFiles/dynamixel_sdk.dir/src/dynamixel_sdk/group_bulk_write.cpp.o[0m
[1.414s] [ 80%] [32mBuilding CXX object CMakeFiles/dynamixel_sdk.dir/src/dynamixel_sdk/port_handler.cpp.o[0m
[1.415s] [ 90%] [32mBuilding CXX object CMakeFiles/dynamixel_sdk.dir/src/dynamixel_sdk/port_handler_linux.cpp.o[0m
[2.100s] [100%] [32m[1mLinking CXX shared library libdynamixel_sdk.so[0m
[2.240s] [100%] Built target dynamixel_sdk
[2.251s] Invoked command in '/home/jalal/web/web_ws/turtlebot_ws/build/dynamixel_sdk' returned '0': CMAKE_PREFIX_PATH=/opt/ros/foxy /usr/bin/cmake --build /home/jalal/web/web_ws/turtlebot_ws/build/dynamixel_sdk -- -j12 -l12
[2.293s] Invoking command in '/home/jalal/web/web_ws/turtlebot_ws/build/dynamixel_sdk': CMAKE_PREFIX_PATH=/opt/ros/foxy /usr/bin/cmake --install /home/jalal/web/web_ws/turtlebot_ws/build/dynamixel_sdk
[2.303s] -- Install configuration: ""
[2.303s] -- Installing: /home/jalal/web/web_ws/turtlebot_ws/install/dynamixel_sdk/include/
[2.303s] -- Installing: /home/jalal/web/web_ws/turtlebot_ws/install/dynamixel_sdk/include//dynamixel_sdk
[2.303s] -- Installing: /home/jalal/web/web_ws/turtlebot_ws/install/dynamixel_sdk/include//dynamixel_sdk/port_handler_mac.h
[2.303s] -- Installing: /home/jalal/web/web_ws/turtlebot_ws/install/dynamixel_sdk/include//dynamixel_sdk/protocol1_packet_handler.h
[2.303s] -- Installing: /home/jalal/web/web_ws/turtlebot_ws/install/dynamixel_sdk/include//dynamixel_sdk/group_bulk_read.h
[2.303s] -- Installing: /home/jalal/web/web_ws/turtlebot_ws/install/dynamixel_sdk/include//dynamixel_sdk/group_sync_write.h
[2.303s] -- Installing: /home/jalal/web/web_ws/turtlebot_ws/install/dynamixel_sdk/include//dynamixel_sdk/group_bulk_write.h
[2.304s] -- Installing: /home/jalal/web/web_ws/turtlebot_ws/install/dynamixel_sdk/include//dynamixel_sdk/dynamixel_sdk.h
[2.304s] -- Installing: /home/jalal/web/web_ws/turtlebot_ws/install/dynamixel_sdk/include//dynamixel_sdk/packet_handler.h
[2.304s] -- Installing: /home/jalal/web/web_ws/turtlebot_ws/install/dynamixel_sdk/include//dynamixel_sdk/protocol2_packet_handler.h
[2.304s] -- Installing: /home/jalal/web/web_ws/turtlebot_ws/install/dynamixel_sdk/include//dynamixel_sdk/port_handler.h
[2.304s] -- Installing: /home/jalal/web/web_ws/turtlebot_ws/install/dynamixel_sdk/include//dynamixel_sdk/group_sync_read.h
[2.304s] -- Installing: /home/jalal/web/web_ws/turtlebot_ws/install/dynamixel_sdk/include//dynamixel_sdk/port_handler_arduino.h
[2.304s] -- Installing: /home/jalal/web/web_ws/turtlebot_ws/install/dynamixel_sdk/include//dynamixel_sdk/port_handler_linux.h
[2.304s] -- Installing: /home/jalal/web/web_ws/turtlebot_ws/install/dynamixel_sdk/include//dynamixel_sdk/port_handler_windows.h
[2.304s] -- Installing: /home/jalal/web/web_ws/turtlebot_ws/install/dynamixel_sdk/lib/libdynamixel_sdk.so
[2.305s] -- Installing: /home/jalal/web/web_ws/turtlebot_ws/install/dynamixel_sdk/share/dynamixel_sdk/environment/library_path.sh
[2.305s] -- Installing: /home/jalal/web/web_ws/turtlebot_ws/install/dynamixel_sdk/share/dynamixel_sdk/environment/library_path.dsv
[2.306s] -- Installing: /home/jalal/web/web_ws/turtlebot_ws/install/dynamixel_sdk/share/ament_index/resource_index/package_run_dependencies/dynamixel_sdk
[2.306s] -- Installing: /home/jalal/web/web_ws/turtlebot_ws/install/dynamixel_sdk/share/ament_index/resource_index/parent_prefix_path/dynamixel_sdk
[2.306s] -- Installing: /home/jalal/web/web_ws/turtlebot_ws/install/dynamixel_sdk/share/dynamixel_sdk/environment/ament_prefix_path.sh
[2.306s] -- Installing: /home/jalal/web/web_ws/turtlebot_ws/install/dynamixel_sdk/share/dynamixel_sdk/environment/ament_prefix_path.dsv
[2.306s] -- Installing: /home/jalal/web/web_ws/turtlebot_ws/install/dynamixel_sdk/share/dynamixel_sdk/environment/path.sh
[2.306s] -- Installing: /home/jalal/web/web_ws/turtlebot_ws/install/dynamixel_sdk/share/dynamixel_sdk/environment/path.dsv
[2.306s] -- Installing: /home/jalal/web/web_ws/turtlebot_ws/install/dynamixel_sdk/share/dynamixel_sdk/local_setup.bash
[2.306s] -- Installing: /home/jalal/web/web_ws/turtlebot_ws/install/dynamixel_sdk/share/dynamixel_sdk/local_setup.sh
[2.307s] -- Installing: /home/jalal/web/web_ws/turtlebot_ws/install/dynamixel_sdk/share/dynamixel_sdk/local_setup.zsh
[2.307s] -- Installing: /home/jalal/web/web_ws/turtlebot_ws/install/dynamixel_sdk/share/dynamixel_sdk/local_setup.dsv
[2.307s] -- Installing: /home/jalal/web/web_ws/turtlebot_ws/install/dynamixel_sdk/share/dynamixel_sdk/package.dsv
[2.307s] -- Installing: /home/jalal/web/web_ws/turtlebot_ws/install/dynamixel_sdk/share/ament_index/resource_index/packages/dynamixel_sdk
[2.307s] -- Installing: /home/jalal/web/web_ws/turtlebot_ws/install/dynamixel_sdk/share/dynamixel_sdk/cmake/ament_cmake_export_include_directories-extras.cmake
[2.307s] -- Installing: /home/jalal/web/web_ws/turtlebot_ws/install/dynamixel_sdk/share/dynamixel_sdk/cmake/ament_cmake_export_libraries-extras.cmake
[2.308s] -- Installing: /home/jalal/web/web_ws/turtlebot_ws/install/dynamixel_sdk/share/dynamixel_sdk/cmake/dynamixel_sdkConfig.cmake
[2.308s] -- Installing: /home/jalal/web/web_ws/turtlebot_ws/install/dynamixel_sdk/share/dynamixel_sdk/cmake/dynamixel_sdkConfig-version.cmake
[2.308s] -- Installing: /home/jalal/web/web_ws/turtlebot_ws/install/dynamixel_sdk/share/dynamixel_sdk/package.xml
[2.312s] Invoked command in '/home/jalal/web/web_ws/turtlebot_ws/build/dynamixel_sdk' returned '0': CMAKE_PREFIX_PATH=/opt/ros/foxy /usr/bin/cmake --install /home/jalal/web/web_ws/turtlebot_ws/build/dynamixel_sdk
