[0.081s] Invoking command in '/home/jalal/web/web_ws/turtlebot_ws/build/turtlebot3_node': AMENT_PREFIX_PATH=/home/jalal/web/web_ws/turtlebot_ws/install/turtlebot3_msgs:/home/jalal/web/web_ws/turtlebot_ws/install/dynamixel_sdk:${AMENT_PREFIX_PATH} CMAKE_PREFIX_PATH=/home/jalal/web/web_ws/turtlebot_ws/install/turtlebot3_msgs:/home/jalal/web/web_ws/turtlebot_ws/install/dynamixel_sdk:/opt/ros/foxy LD_LIBRARY_PATH=/home/jalal/web/web_ws/turtlebot_ws/install/turtlebot3_msgs/lib:/home/jalal/web/web_ws/turtlebot_ws/install/dynamixel_sdk/lib:${LD_LIBRARY_PATH} PYTHONPATH=/home/jalal/web/web_ws/turtlebot_ws/install/turtlebot3_msgs/lib/python3.8/site-packages:${PYTHONPATH} /usr/bin/cmake /home/jalal/web/web_ws/turtlebot_ws/src/turtlebot3/turtlebot3/turtlebot3_node -DCMAKE_INSTALL_PREFIX=/home/jalal/web/web_ws/turtlebot_ws/install/turtlebot3_node
[0.413s] -- The C compiler identification is GNU 9.4.0
[0.414s] -- The CXX compiler identification is GNU 9.4.0
[0.414s] -- Check for working C compiler: /usr/bin/cc
[0.467s] -- Check for working C compiler: /usr/bin/cc -- works
[0.473s] -- Detecting C compiler ABI info
[0.645s] -- Detecting C compiler ABI info - done
[0.656s] -- Detecting C compile features
[0.656s] -- Detecting C compile features - done
[0.658s] -- Check for working CXX compiler: /usr/bin/c++
[0.778s] -- Check for working CXX compiler: /usr/bin/c++ -- works
[0.779s] -- Detecting CXX compiler ABI info
[0.892s] -- Detecting CXX compiler ABI info - done
[0.909s] -- Detecting CXX compile features
[0.910s] -- Detecting CXX compile features - done
[0.914s] -- Found ament_cmake: 0.9.11 (/opt/ros/foxy/share/ament_cmake/cmake)
[0.958s] -- Found PythonInterp: /usr/bin/python3 (found suitable version "3.8.10", minimum required is "3") 
[0.958s] -- Using PYTHON_EXECUTABLE: /usr/bin/python3
[1.209s] -- Found dynamixel_sdk: 3.7.40 (/home/jalal/web/web_ws/turtlebot_ws/install/dynamixel_sdk/share/dynamixel_sdk/cmake)
[1.213s] -- Found geometry_msgs: 2.0.5 (/opt/ros/foxy/share/geometry_msgs/cmake)
[1.253s] -- Using all available rosidl_typesupport_c: rosidl_typesupport_fastrtps_c;rosidl_typesupport_introspection_c
[1.263s] -- Found rosidl_adapter: 1.3.0 (/opt/ros/foxy/share/rosidl_adapter/cmake)
[1.426s] -- Found OpenSSL: /usr/lib/x86_64-linux-gnu/libcrypto.so (found version "1.1.1f")  
[1.500s] -- Found FastRTPS: /opt/ros/foxy/include  
[1.623s] -- Using all available rosidl_typesupport_cpp: rosidl_typesupport_fastrtps_cpp;rosidl_typesupport_introspection_cpp
[1.718s] -- Found message_filters: 3.2.5 (/opt/ros/foxy/share/message_filters/cmake)
[1.726s] -- Found nav_msgs: 2.0.5 (/opt/ros/foxy/share/nav_msgs/cmake)
[1.831s] -- Found rclcpp: 2.4.2 (/opt/ros/foxy/share/rclcpp/cmake)
[1.894s] -- Found rmw_implementation_cmake: 1.0.4 (/opt/ros/foxy/share/rmw_implementation_cmake/cmake)
[1.896s] -- Using RMW implementation 'rmw_fastrtps_cpp' as default
[1.897s] -- Looking for pthread.h
[1.994s] -- Looking for pthread.h - found
[1.994s] -- Performing Test CMAKE_HAVE_LIBC_PTHREAD
[2.166s] -- Performing Test CMAKE_HAVE_LIBC_PTHREAD - Failed
[2.166s] -- Looking for pthread_create in pthreads
[2.291s] -- Looking for pthread_create in pthreads - not found
[2.292s] -- Looking for pthread_create in pthread
[2.390s] -- Looking for pthread_create in pthread - found
[2.392s] -- Found Threads: TRUE  
[2.572s] -- Found sensor_msgs: 2.0.5 (/opt/ros/foxy/share/sensor_msgs/cmake)
[2.691s] -- Found std_srvs: 2.0.5 (/opt/ros/foxy/share/std_srvs/cmake)
[2.779s] -- Found tf2: 0.13.14 (/opt/ros/foxy/share/tf2/cmake)
[2.806s] -- Found tf2_ros: 0.13.14 (/opt/ros/foxy/share/tf2_ros/cmake)
[3.308s] -- Found turtlebot3_msgs: 2.2.1 (/home/jalal/web/web_ws/turtlebot_ws/install/turtlebot3_msgs/share/turtlebot3_msgs/cmake)
[3.522s] -- Configuring done
[3.547s] -- Generating done
[3.549s] -- Build files have been written to: /home/jalal/web/web_ws/turtlebot_ws/build/turtlebot3_node
[3.565s] Invoked command in '/home/jalal/web/web_ws/turtlebot_ws/build/turtlebot3_node' returned '0': AMENT_PREFIX_PATH=/home/jalal/web/web_ws/turtlebot_ws/install/turtlebot3_msgs:/home/jalal/web/web_ws/turtlebot_ws/install/dynamixel_sdk:${AMENT_PREFIX_PATH} CMAKE_PREFIX_PATH=/home/jalal/web/web_ws/turtlebot_ws/install/turtlebot3_msgs:/home/jalal/web/web_ws/turtlebot_ws/install/dynamixel_sdk:/opt/ros/foxy LD_LIBRARY_PATH=/home/jalal/web/web_ws/turtlebot_ws/install/turtlebot3_msgs/lib:/home/jalal/web/web_ws/turtlebot_ws/install/dynamixel_sdk/lib:${LD_LIBRARY_PATH} PYTHONPATH=/home/jalal/web/web_ws/turtlebot_ws/install/turtlebot3_msgs/lib/python3.8/site-packages:${PYTHONPATH} /usr/bin/cmake /home/jalal/web/web_ws/turtlebot_ws/src/turtlebot3/turtlebot3/turtlebot3_node -DCMAKE_INSTALL_PREFIX=/home/jalal/web/web_ws/turtlebot_ws/install/turtlebot3_node
[3.570s] Invoking command in '/home/jalal/web/web_ws/turtlebot_ws/build/turtlebot3_node': AMENT_PREFIX_PATH=/home/jalal/web/web_ws/turtlebot_ws/install/turtlebot3_msgs:/home/jalal/web/web_ws/turtlebot_ws/install/dynamixel_sdk:${AMENT_PREFIX_PATH} CMAKE_PREFIX_PATH=/home/jalal/web/web_ws/turtlebot_ws/install/turtlebot3_msgs:/home/jalal/web/web_ws/turtlebot_ws/install/dynamixel_sdk:/opt/ros/foxy LD_LIBRARY_PATH=/home/jalal/web/web_ws/turtlebot_ws/install/turtlebot3_msgs/lib:/home/jalal/web/web_ws/turtlebot_ws/install/dynamixel_sdk/lib:${LD_LIBRARY_PATH} PYTHONPATH=/home/jalal/web/web_ws/turtlebot_ws/install/turtlebot3_msgs/lib/python3.8/site-packages:${PYTHONPATH} /usr/bin/cmake --build /home/jalal/web/web_ws/turtlebot_ws/build/turtlebot3_node -- -j12 -l12
[3.634s] [35m[1mScanning dependencies of target turtlebot3_node_lib[0m
[3.769s] [  7%] [32mBuilding CXX object CMakeFiles/turtlebot3_node_lib.dir/src/devices/motor_power.cpp.o[0m
[3.770s] [ 14%] [32mBuilding CXX object CMakeFiles/turtlebot3_node_lib.dir/src/devices/sound.cpp.o[0m
[3.772s] [ 21%] [32mBuilding CXX object CMakeFiles/turtlebot3_node_lib.dir/src/devices/reset.cpp.o[0m
[3.781s] [ 28%] [32mBuilding CXX object CMakeFiles/turtlebot3_node_lib.dir/src/diff_drive_controller.cpp.o[0m
[3.794s] [ 35%] [32mBuilding CXX object CMakeFiles/turtlebot3_node_lib.dir/src/dynamixel_sdk_wrapper.cpp.o[0m
[3.864s] [ 42%] [32mBuilding CXX object CMakeFiles/turtlebot3_node_lib.dir/src/turtlebot3.cpp.o[0m
[3.889s] [ 50%] [32mBuilding CXX object CMakeFiles/turtlebot3_node_lib.dir/src/odometry.cpp.o[0m
[3.901s] [ 57%] [32mBuilding CXX object CMakeFiles/turtlebot3_node_lib.dir/src/sensors/imu.cpp.o[0m
[3.902s] [ 64%] [32mBuilding CXX object CMakeFiles/turtlebot3_node_lib.dir/src/sensors/battery_state.cpp.o[0m
[3.944s] [ 71%] [32mBuilding CXX object CMakeFiles/turtlebot3_node_lib.dir/src/sensors/sensor_state.cpp.o[0m
[3.947s] [ 78%] [32mBuilding CXX object CMakeFiles/turtlebot3_node_lib.dir/src/sensors/joint_state.cpp.o[0m
[18.147s] [ 85%] [32m[1mLinking CXX static library libturtlebot3_node_lib.a[0m
[18.438s] [ 85%] Built target turtlebot3_node_lib
[18.455s] [35m[1mScanning dependencies of target turtlebot3_ros[0m
[18.615s] [ 92%] [32mBuilding CXX object CMakeFiles/turtlebot3_ros.dir/src/node_main.cpp.o[0m
[20.646s] [100%] [32m[1mLinking CXX executable turtlebot3_ros[0m
[21.782s] [100%] Built target turtlebot3_ros
[21.800s] Invoked command in '/home/jalal/web/web_ws/turtlebot_ws/build/turtlebot3_node' returned '0': AMENT_PREFIX_PATH=/home/jalal/web/web_ws/turtlebot_ws/install/turtlebot3_msgs:/home/jalal/web/web_ws/turtlebot_ws/install/dynamixel_sdk:${AMENT_PREFIX_PATH} CMAKE_PREFIX_PATH=/home/jalal/web/web_ws/turtlebot_ws/install/turtlebot3_msgs:/home/jalal/web/web_ws/turtlebot_ws/install/dynamixel_sdk:/opt/ros/foxy LD_LIBRARY_PATH=/home/jalal/web/web_ws/turtlebot_ws/install/turtlebot3_msgs/lib:/home/jalal/web/web_ws/turtlebot_ws/install/dynamixel_sdk/lib:${LD_LIBRARY_PATH} PYTHONPATH=/home/jalal/web/web_ws/turtlebot_ws/install/turtlebot3_msgs/lib/python3.8/site-packages:${PYTHONPATH} /usr/bin/cmake --build /home/jalal/web/web_ws/turtlebot_ws/build/turtlebot3_node -- -j12 -l12
[21.866s] Invoking command in '/home/jalal/web/web_ws/turtlebot_ws/build/turtlebot3_node': AMENT_PREFIX_PATH=/home/jalal/web/web_ws/turtlebot_ws/install/turtlebot3_msgs:/home/jalal/web/web_ws/turtlebot_ws/install/dynamixel_sdk:${AMENT_PREFIX_PATH} CMAKE_PREFIX_PATH=/home/jalal/web/web_ws/turtlebot_ws/install/turtlebot3_msgs:/home/jalal/web/web_ws/turtlebot_ws/install/dynamixel_sdk:/opt/ros/foxy LD_LIBRARY_PATH=/home/jalal/web/web_ws/turtlebot_ws/install/turtlebot3_msgs/lib:/home/jalal/web/web_ws/turtlebot_ws/install/dynamixel_sdk/lib:${LD_LIBRARY_PATH} PYTHONPATH=/home/jalal/web/web_ws/turtlebot_ws/install/turtlebot3_msgs/lib/python3.8/site-packages:${PYTHONPATH} /usr/bin/cmake --install /home/jalal/web/web_ws/turtlebot_ws/build/turtlebot3_node
[21.879s] -- Install configuration: ""
[21.880s] -- Installing: /home/jalal/web/web_ws/turtlebot_ws/install/turtlebot3_node/share/turtlebot3_node/param
[21.880s] -- Installing: /home/jalal/web/web_ws/turtlebot_ws/install/turtlebot3_node/share/turtlebot3_node/param/waffle.yaml
[21.880s] -- Installing: /home/jalal/web/web_ws/turtlebot_ws/install/turtlebot3_node/share/turtlebot3_node/param/burger.yaml
[21.880s] -- Installing: /home/jalal/web/web_ws/turtlebot_ws/install/turtlebot3_node/share/turtlebot3_node/param/waffle_pi.yaml
[21.880s] -- Installing: /home/jalal/web/web_ws/turtlebot_ws/install/turtlebot3_node/lib/turtlebot3_node/turtlebot3_ros
[21.886s] -- Set runtime path of "/home/jalal/web/web_ws/turtlebot_ws/install/turtlebot3_node/lib/turtlebot3_node/turtlebot3_ros" to ""
[21.887s] -- Installing: /home/jalal/web/web_ws/turtlebot_ws/install/turtlebot3_node/share/ament_index/resource_index/package_run_dependencies/turtlebot3_node
[21.887s] -- Installing: /home/jalal/web/web_ws/turtlebot_ws/install/turtlebot3_node/share/ament_index/resource_index/parent_prefix_path/turtlebot3_node
[21.887s] -- Installing: /home/jalal/web/web_ws/turtlebot_ws/install/turtlebot3_node/share/turtlebot3_node/environment/ament_prefix_path.sh
[21.888s] -- Installing: /home/jalal/web/web_ws/turtlebot_ws/install/turtlebot3_node/share/turtlebot3_node/environment/ament_prefix_path.dsv
[21.888s] -- Installing: /home/jalal/web/web_ws/turtlebot_ws/install/turtlebot3_node/share/turtlebot3_node/environment/path.sh
[21.888s] -- Installing: /home/jalal/web/web_ws/turtlebot_ws/install/turtlebot3_node/share/turtlebot3_node/environment/path.dsv
[21.888s] -- Installing: /home/jalal/web/web_ws/turtlebot_ws/install/turtlebot3_node/share/turtlebot3_node/local_setup.bash
[21.888s] -- Installing: /home/jalal/web/web_ws/turtlebot_ws/install/turtlebot3_node/share/turtlebot3_node/local_setup.sh
[21.889s] -- Installing: /home/jalal/web/web_ws/turtlebot_ws/install/turtlebot3_node/share/turtlebot3_node/local_setup.zsh
[21.889s] -- Installing: /home/jalal/web/web_ws/turtlebot_ws/install/turtlebot3_node/share/turtlebot3_node/local_setup.dsv
[21.889s] -- Installing: /home/jalal/web/web_ws/turtlebot_ws/install/turtlebot3_node/share/turtlebot3_node/package.dsv
[21.889s] -- Installing: /home/jalal/web/web_ws/turtlebot_ws/install/turtlebot3_node/share/ament_index/resource_index/packages/turtlebot3_node
[21.889s] -- Installing: /home/jalal/web/web_ws/turtlebot_ws/install/turtlebot3_node/share/turtlebot3_node/cmake/ament_cmake_export_include_directories-extras.cmake
[21.889s] -- Installing: /home/jalal/web/web_ws/turtlebot_ws/install/turtlebot3_node/share/turtlebot3_node/cmake/turtlebot3_nodeConfig.cmake
[21.889s] -- Installing: /home/jalal/web/web_ws/turtlebot_ws/install/turtlebot3_node/share/turtlebot3_node/cmake/turtlebot3_nodeConfig-version.cmake
[21.889s] -- Installing: /home/jalal/web/web_ws/turtlebot_ws/install/turtlebot3_node/share/turtlebot3_node/package.xml
[21.896s] Invoked command in '/home/jalal/web/web_ws/turtlebot_ws/build/turtlebot3_node' returned '0': AMENT_PREFIX_PATH=/home/jalal/web/web_ws/turtlebot_ws/install/turtlebot3_msgs:/home/jalal/web/web_ws/turtlebot_ws/install/dynamixel_sdk:${AMENT_PREFIX_PATH} CMAKE_PREFIX_PATH=/home/jalal/web/web_ws/turtlebot_ws/install/turtlebot3_msgs:/home/jalal/web/web_ws/turtlebot_ws/install/dynamixel_sdk:/opt/ros/foxy LD_LIBRARY_PATH=/home/jalal/web/web_ws/turtlebot_ws/install/turtlebot3_msgs/lib:/home/jalal/web/web_ws/turtlebot_ws/install/dynamixel_sdk/lib:${LD_LIBRARY_PATH} PYTHONPATH=/home/jalal/web/web_ws/turtlebot_ws/install/turtlebot3_msgs/lib/python3.8/site-packages:${PYTHONPATH} /usr/bin/cmake --install /home/jalal/web/web_ws/turtlebot_ws/build/turtlebot3_node
