[0.344s] Invoking command in '/home/jalal/web/web_ws/turtlebot_ws/build/turtlebot3_fake_node': AMENT_PREFIX_PATH=/home/jalal/web/web_ws/turtlebot_ws/install/turtlebot3_msgs:${AMENT_PREFIX_PATH} CMAKE_PREFIX_PATH=/home/jalal/web/web_ws/turtlebot_ws/install/turtlebot3_msgs:/opt/ros/foxy LD_LIBRARY_PATH=/home/jalal/web/web_ws/turtlebot_ws/install/turtlebot3_msgs/lib:${LD_LIBRARY_PATH} PYTHONPATH=/home/jalal/web/web_ws/turtlebot_ws/install/turtlebot3_msgs/lib/python3.8/site-packages:${PYTHONPATH} /usr/bin/cmake /home/jalal/web/web_ws/turtlebot_ws/src/turtlebot3/turtlebot3_simulations/turtlebot3_fake_node -DCMAKE_INSTALL_PREFIX=/home/jalal/web/web_ws/turtlebot_ws/install/turtlebot3_fake_node
[0.463s] -- The C compiler identification is GNU 9.4.0
[0.586s] -- The CXX compiler identification is GNU 9.4.0
[0.592s] -- Check for working C compiler: /usr/bin/cc
[0.678s] -- Check for working C compiler: /usr/bin/cc -- works
[0.679s] -- Detecting C compiler ABI info
[0.802s] -- Detecting C compiler ABI info - done
[0.819s] -- Detecting C compile features
[0.819s] -- Detecting C compile features - done
[0.824s] -- Check for working CXX compiler: /usr/bin/c++
[0.935s] -- Check for working CXX compiler: /usr/bin/c++ -- works
[0.937s] -- Detecting CXX compiler ABI info
[1.057s] -- Detecting CXX compiler ABI info - done
[1.070s] -- Detecting CXX compile features
[1.071s] -- Detecting CXX compile features - done
[1.074s] -- Found ament_cmake: 0.9.11 (/opt/ros/foxy/share/ament_cmake/cmake)
[1.114s] -- Found PythonInterp: /usr/bin/python3 (found suitable version "3.8.10", minimum required is "3") 
[1.114s] -- Using PYTHON_EXECUTABLE: /usr/bin/python3
[1.385s] -- Found geometry_msgs: 2.0.5 (/opt/ros/foxy/share/geometry_msgs/cmake)
[1.428s] -- Using all available rosidl_typesupport_c: rosidl_typesupport_fastrtps_c;rosidl_typesupport_introspection_c
[1.436s] -- Found rosidl_adapter: 1.3.0 (/opt/ros/foxy/share/rosidl_adapter/cmake)
[1.629s] -- Found OpenSSL: /usr/lib/x86_64-linux-gnu/libcrypto.so (found version "1.1.1f")  
[1.689s] -- Found FastRTPS: /opt/ros/foxy/include  
[1.783s] -- Using all available rosidl_typesupport_cpp: rosidl_typesupport_fastrtps_cpp;rosidl_typesupport_introspection_cpp
[1.867s] -- Found nav_msgs: 2.0.5 (/opt/ros/foxy/share/nav_msgs/cmake)
[1.946s] -- Found rclcpp: 2.4.2 (/opt/ros/foxy/share/rclcpp/cmake)
[1.999s] -- Found rmw_implementation_cmake: 1.0.4 (/opt/ros/foxy/share/rmw_implementation_cmake/cmake)
[2.001s] -- Using RMW implementation 'rmw_fastrtps_cpp' as default
[2.002s] -- Looking for pthread.h
[2.107s] -- Looking for pthread.h - found
[2.107s] -- Performing Test CMAKE_HAVE_LIBC_PTHREAD
[2.256s] -- Performing Test CMAKE_HAVE_LIBC_PTHREAD - Failed
[2.256s] -- Looking for pthread_create in pthreads
[2.338s] -- Looking for pthread_create in pthreads - not found
[2.338s] -- Looking for pthread_create in pthread
[2.528s] -- Looking for pthread_create in pthread - found
[2.530s] -- Found Threads: TRUE  
[2.738s] -- Found sensor_msgs: 2.0.5 (/opt/ros/foxy/share/sensor_msgs/cmake)
[2.838s] -- Found tf2: 0.13.14 (/opt/ros/foxy/share/tf2/cmake)
[2.867s] -- Found tf2_msgs: 0.13.14 (/opt/ros/foxy/share/tf2_msgs/cmake)
[3.148s] -- Found turtlebot3_msgs: 2.2.1 (/home/jalal/web/web_ws/turtlebot_ws/install/turtlebot3_msgs/share/turtlebot3_msgs/cmake)
[3.353s] -- Configuring done
[3.373s] -- Generating done
[3.376s] -- Build files have been written to: /home/jalal/web/web_ws/turtlebot_ws/build/turtlebot3_fake_node
[3.407s] Invoked command in '/home/jalal/web/web_ws/turtlebot_ws/build/turtlebot3_fake_node' returned '0': AMENT_PREFIX_PATH=/home/jalal/web/web_ws/turtlebot_ws/install/turtlebot3_msgs:${AMENT_PREFIX_PATH} CMAKE_PREFIX_PATH=/home/jalal/web/web_ws/turtlebot_ws/install/turtlebot3_msgs:/opt/ros/foxy LD_LIBRARY_PATH=/home/jalal/web/web_ws/turtlebot_ws/install/turtlebot3_msgs/lib:${LD_LIBRARY_PATH} PYTHONPATH=/home/jalal/web/web_ws/turtlebot_ws/install/turtlebot3_msgs/lib/python3.8/site-packages:${PYTHONPATH} /usr/bin/cmake /home/jalal/web/web_ws/turtlebot_ws/src/turtlebot3/turtlebot3_simulations/turtlebot3_fake_node -DCMAKE_INSTALL_PREFIX=/home/jalal/web/web_ws/turtlebot_ws/install/turtlebot3_fake_node
[3.411s] Invoking command in '/home/jalal/web/web_ws/turtlebot_ws/build/turtlebot3_fake_node': AMENT_PREFIX_PATH=/home/jalal/web/web_ws/turtlebot_ws/install/turtlebot3_msgs:${AMENT_PREFIX_PATH} CMAKE_PREFIX_PATH=/home/jalal/web/web_ws/turtlebot_ws/install/turtlebot3_msgs:/opt/ros/foxy LD_LIBRARY_PATH=/home/jalal/web/web_ws/turtlebot_ws/install/turtlebot3_msgs/lib:${LD_LIBRARY_PATH} PYTHONPATH=/home/jalal/web/web_ws/turtlebot_ws/install/turtlebot3_msgs/lib/python3.8/site-packages:${PYTHONPATH} /usr/bin/cmake --build /home/jalal/web/web_ws/turtlebot_ws/build/turtlebot3_fake_node -- -j12 -l12
[3.475s] [35m[1mScanning dependencies of target turtlebot3_fake_node[0m
[3.530s] [ 50%] [32mBuilding CXX object CMakeFiles/turtlebot3_fake_node.dir/src/turtlebot3_fake_node.cpp.o[0m
[14.394s] [100%] [32m[1mLinking CXX executable turtlebot3_fake_node[0m
[14.881s] [100%] Built target turtlebot3_fake_node
[14.898s] Invoked command in '/home/jalal/web/web_ws/turtlebot_ws/build/turtlebot3_fake_node' returned '0': AMENT_PREFIX_PATH=/home/jalal/web/web_ws/turtlebot_ws/install/turtlebot3_msgs:${AMENT_PREFIX_PATH} CMAKE_PREFIX_PATH=/home/jalal/web/web_ws/turtlebot_ws/install/turtlebot3_msgs:/opt/ros/foxy LD_LIBRARY_PATH=/home/jalal/web/web_ws/turtlebot_ws/install/turtlebot3_msgs/lib:${LD_LIBRARY_PATH} PYTHONPATH=/home/jalal/web/web_ws/turtlebot_ws/install/turtlebot3_msgs/lib/python3.8/site-packages:${PYTHONPATH} /usr/bin/cmake --build /home/jalal/web/web_ws/turtlebot_ws/build/turtlebot3_fake_node -- -j12 -l12
[14.927s] Invoking command in '/home/jalal/web/web_ws/turtlebot_ws/build/turtlebot3_fake_node': AMENT_PREFIX_PATH=/home/jalal/web/web_ws/turtlebot_ws/install/turtlebot3_msgs:${AMENT_PREFIX_PATH} CMAKE_PREFIX_PATH=/home/jalal/web/web_ws/turtlebot_ws/install/turtlebot3_msgs:/opt/ros/foxy LD_LIBRARY_PATH=/home/jalal/web/web_ws/turtlebot_ws/install/turtlebot3_msgs/lib:${LD_LIBRARY_PATH} PYTHONPATH=/home/jalal/web/web_ws/turtlebot_ws/install/turtlebot3_msgs/lib/python3.8/site-packages:${PYTHONPATH} /usr/bin/cmake --install /home/jalal/web/web_ws/turtlebot_ws/build/turtlebot3_fake_node
[14.940s] -- Install configuration: ""
[14.940s] -- Installing: /home/jalal/web/web_ws/turtlebot_ws/install/turtlebot3_fake_node/lib/turtlebot3_fake_node/turtlebot3_fake_node
[14.943s] -- Set runtime path of "/home/jalal/web/web_ws/turtlebot_ws/install/turtlebot3_fake_node/lib/turtlebot3_fake_node/turtlebot3_fake_node" to ""
[14.943s] -- Installing: /home/jalal/web/web_ws/turtlebot_ws/install/turtlebot3_fake_node/share/turtlebot3_fake_node/launch
[14.943s] -- Installing: /home/jalal/web/web_ws/turtlebot_ws/install/turtlebot3_fake_node/share/turtlebot3_fake_node/launch/turtlebot3_fake_node.launch.py
[14.943s] -- Installing: /home/jalal/web/web_ws/turtlebot_ws/install/turtlebot3_fake_node/share/turtlebot3_fake_node/launch/rviz2.launch.py
[14.943s] -- Installing: /home/jalal/web/web_ws/turtlebot_ws/install/turtlebot3_fake_node/share/turtlebot3_fake_node/param
[14.943s] -- Installing: /home/jalal/web/web_ws/turtlebot_ws/install/turtlebot3_fake_node/share/turtlebot3_fake_node/param/waffle.yaml
[14.943s] -- Installing: /home/jalal/web/web_ws/turtlebot_ws/install/turtlebot3_fake_node/share/turtlebot3_fake_node/param/burger.yaml
[14.944s] -- Installing: /home/jalal/web/web_ws/turtlebot_ws/install/turtlebot3_fake_node/share/turtlebot3_fake_node/param/waffle_pi.yaml
[14.944s] -- Installing: /home/jalal/web/web_ws/turtlebot_ws/install/turtlebot3_fake_node/share/turtlebot3_fake_node/rviz
[14.944s] -- Installing: /home/jalal/web/web_ws/turtlebot_ws/install/turtlebot3_fake_node/share/turtlebot3_fake_node/rviz/model.rviz
[14.944s] -- Installing: /home/jalal/web/web_ws/turtlebot_ws/install/turtlebot3_fake_node/include/
[14.945s] -- Installing: /home/jalal/web/web_ws/turtlebot_ws/install/turtlebot3_fake_node/include//turtlebot3_fake_node
[14.945s] -- Installing: /home/jalal/web/web_ws/turtlebot_ws/install/turtlebot3_fake_node/include//turtlebot3_fake_node/turtlebot3_fake_node.hpp
[14.945s] -- Installing: /home/jalal/web/web_ws/turtlebot_ws/install/turtlebot3_fake_node/share/ament_index/resource_index/package_run_dependencies/turtlebot3_fake_node
[14.945s] -- Installing: /home/jalal/web/web_ws/turtlebot_ws/install/turtlebot3_fake_node/share/ament_index/resource_index/parent_prefix_path/turtlebot3_fake_node
[14.945s] -- Installing: /home/jalal/web/web_ws/turtlebot_ws/install/turtlebot3_fake_node/share/turtlebot3_fake_node/environment/ament_prefix_path.sh
[14.945s] -- Installing: /home/jalal/web/web_ws/turtlebot_ws/install/turtlebot3_fake_node/share/turtlebot3_fake_node/environment/ament_prefix_path.dsv
[14.946s] -- Installing: /home/jalal/web/web_ws/turtlebot_ws/install/turtlebot3_fake_node/share/turtlebot3_fake_node/environment/path.sh
[14.946s] -- Installing: /home/jalal/web/web_ws/turtlebot_ws/install/turtlebot3_fake_node/share/turtlebot3_fake_node/environment/path.dsv
[14.946s] -- Installing: /home/jalal/web/web_ws/turtlebot_ws/install/turtlebot3_fake_node/share/turtlebot3_fake_node/local_setup.bash
[14.946s] -- Installing: /home/jalal/web/web_ws/turtlebot_ws/install/turtlebot3_fake_node/share/turtlebot3_fake_node/local_setup.sh
[14.946s] -- Installing: /home/jalal/web/web_ws/turtlebot_ws/install/turtlebot3_fake_node/share/turtlebot3_fake_node/local_setup.zsh
[14.947s] -- Installing: /home/jalal/web/web_ws/turtlebot_ws/install/turtlebot3_fake_node/share/turtlebot3_fake_node/local_setup.dsv
[14.947s] -- Installing: /home/jalal/web/web_ws/turtlebot_ws/install/turtlebot3_fake_node/share/turtlebot3_fake_node/package.dsv
[14.947s] -- Installing: /home/jalal/web/web_ws/turtlebot_ws/install/turtlebot3_fake_node/share/ament_index/resource_index/packages/turtlebot3_fake_node
[14.947s] -- Installing: /home/jalal/web/web_ws/turtlebot_ws/install/turtlebot3_fake_node/share/turtlebot3_fake_node/cmake/ament_cmake_export_include_directories-extras.cmake
[14.947s] -- Installing: /home/jalal/web/web_ws/turtlebot_ws/install/turtlebot3_fake_node/share/turtlebot3_fake_node/cmake/ament_cmake_export_dependencies-extras.cmake
[14.947s] -- Installing: /home/jalal/web/web_ws/turtlebot_ws/install/turtlebot3_fake_node/share/turtlebot3_fake_node/cmake/turtlebot3_fake_nodeConfig.cmake
[14.948s] -- Installing: /home/jalal/web/web_ws/turtlebot_ws/install/turtlebot3_fake_node/share/turtlebot3_fake_node/cmake/turtlebot3_fake_nodeConfig-version.cmake
[14.948s] -- Installing: /home/jalal/web/web_ws/turtlebot_ws/install/turtlebot3_fake_node/share/turtlebot3_fake_node/package.xml
[14.954s] Invoked command in '/home/jalal/web/web_ws/turtlebot_ws/build/turtlebot3_fake_node' returned '0': AMENT_PREFIX_PATH=/home/jalal/web/web_ws/turtlebot_ws/install/turtlebot3_msgs:${AMENT_PREFIX_PATH} CMAKE_PREFIX_PATH=/home/jalal/web/web_ws/turtlebot_ws/install/turtlebot3_msgs:/opt/ros/foxy LD_LIBRARY_PATH=/home/jalal/web/web_ws/turtlebot_ws/install/turtlebot3_msgs/lib:${LD_LIBRARY_PATH} PYTHONPATH=/home/jalal/web/web_ws/turtlebot_ws/install/turtlebot3_msgs/lib/python3.8/site-packages:${PYTHONPATH} /usr/bin/cmake --install /home/jalal/web/web_ws/turtlebot_ws/build/turtlebot3_fake_node
