[0.070s] Invoking command in '/home/jalal/web/web_ws/turtlebot_ws/build/turtlebot3_msgs': CMAKE_PREFIX_PATH=/opt/ros/foxy /usr/bin/cmake /home/jalal/web/web_ws/turtlebot_ws/src/turtlebot3/turtlebot3_msgs -DCMAKE_INSTALL_PREFIX=/home/jalal/web/web_ws/turtlebot_ws/install/turtlebot3_msgs
[0.290s] -- The C compiler identification is GNU 9.4.0
[0.443s] -- The CXX compiler identification is GNU 9.4.0
[0.449s] -- Check for working C compiler: /usr/bin/cc
[0.550s] -- Check for working C compiler: /usr/bin/cc -- works
[0.550s] -- Detecting C compiler ABI info
[0.637s] -- Detecting C compiler ABI info - done
[0.647s] -- Detecting C compile features
[0.647s] -- Detecting C compile features - done
[0.649s] -- Check for working CXX compiler: /usr/bin/c++
[0.768s] -- Check for working CXX compiler: /usr/bin/c++ -- works
[0.770s] -- Detecting CXX compiler ABI info
[0.878s] -- Detecting CXX compiler ABI info - done
[0.890s] -- Detecting CXX compile features
[0.890s] -- Detecting CXX compile features - done
[0.893s] -- Found action_msgs: 1.0.0 (/opt/ros/foxy/share/action_msgs/cmake)
[0.928s] -- Found PythonInterp: /usr/bin/python3 (found suitable version "3.8.10", minimum required is "3") 
[0.928s] -- Using PYTHON_EXECUTABLE: /usr/bin/python3
[1.197s] -- Using all available rosidl_typesupport_c: rosidl_typesupport_fastrtps_c;rosidl_typesupport_introspection_c
[1.205s] -- Found rosidl_adapter: 1.3.0 (/opt/ros/foxy/share/rosidl_adapter/cmake)
[1.316s] -- Found OpenSSL: /usr/lib/x86_64-linux-gnu/libcrypto.so (found version "1.1.1f")  
[1.354s] -- Found FastRTPS: /opt/ros/foxy/include  
[1.476s] -- Using all available rosidl_typesupport_cpp: rosidl_typesupport_fastrtps_cpp;rosidl_typesupport_introspection_cpp
[1.611s] -- Found rosidl_default_generators: 1.0.1 (/opt/ros/foxy/share/rosidl_default_generators/cmake)
[1.627s] -- Found std_msgs: 2.0.5 (/opt/ros/foxy/share/std_msgs/cmake)
[1.687s] -- Found PythonInterp: /usr/bin/python3 (found version "3.8.10") 
[1.995s] -- Found ament_cmake_cppcheck: 0.9.8 (/opt/ros/foxy/share/ament_cmake_cppcheck/cmake)
[1.999s] -- Found ament_cmake_cpplint: 0.9.8 (/opt/ros/foxy/share/ament_cmake_cpplint/cmake)
[2.002s] -- Found ament_cmake_uncrustify: 0.9.8 (/opt/ros/foxy/share/ament_cmake_uncrustify/cmake)
[2.006s] -- Found ament_cmake_ros: 0.9.2 (/opt/ros/foxy/share/ament_cmake_ros/cmake)
[2.231s] -- Using all available rosidl_typesupport_c: rosidl_typesupport_fastrtps_c;rosidl_typesupport_introspection_c
[2.308s] -- Using all available rosidl_typesupport_cpp: rosidl_typesupport_fastrtps_cpp;rosidl_typesupport_introspection_cpp
[2.333s] -- Found PythonInterp: /usr/bin/python3 (found suitable version "3.8.10", minimum required is "3.5") 
[2.336s] -- Found python_cmake_module: 0.8.1 (/opt/ros/foxy/share/python_cmake_module/cmake)
[2.365s] -- Found PythonLibs: /usr/lib/x86_64-linux-gnu/libpython3.8.so (found suitable version "3.8.10", minimum required is "3.5") 
[2.365s] -- Using PYTHON_EXECUTABLE: /usr/bin/python3
[2.365s] -- Using PYTHON_INCLUDE_DIRS: /usr/include/python3.8
[2.365s] -- Using PYTHON_LIBRARIES: /usr/lib/x86_64-linux-gnu/libpython3.8.so
[2.389s] -- Found PythonExtra: .so  
[2.458s] -- Found ament_cmake_flake8: 0.9.8 (/opt/ros/foxy/share/ament_cmake_flake8/cmake)
[2.461s] -- Found ament_cmake_pep257: 0.9.8 (/opt/ros/foxy/share/ament_cmake_pep257/cmake)
[2.470s] -- Configuring done
[2.545s] -- Generating done
[2.549s] -- Build files have been written to: /home/jalal/web/web_ws/turtlebot_ws/build/turtlebot3_msgs
[2.566s] Invoked command in '/home/jalal/web/web_ws/turtlebot_ws/build/turtlebot3_msgs' returned '0': CMAKE_PREFIX_PATH=/opt/ros/foxy /usr/bin/cmake /home/jalal/web/web_ws/turtlebot_ws/src/turtlebot3/turtlebot3_msgs -DCMAKE_INSTALL_PREFIX=/home/jalal/web/web_ws/turtlebot_ws/install/turtlebot3_msgs
[2.570s] Invoking command in '/home/jalal/web/web_ws/turtlebot_ws/build/turtlebot3_msgs': CMAKE_PREFIX_PATH=/opt/ros/foxy /usr/bin/cmake --build /home/jalal/web/web_ws/turtlebot_ws/build/turtlebot3_msgs -- -j12 -l12
[2.634s] [35m[1mScanning dependencies of target turtlebot3_msgs__cpp[0m
[2.639s] [  1%] [34m[1mGenerating C code for ROS interfaces[0m
[2.649s] [  2%] [34m[1mGenerating C++ code for ROS interfaces[0m
[3.699s] [  2%] Built target turtlebot3_msgs__cpp
[3.713s] [  5%] [34m[1mGenerating C++ type support dispatch for ROS interfaces[0m
[3.713s] [  5%] [34m[1mGenerating C++ type support for eProsima Fast-RTPS[0m
[3.716s] [  7%] [34m[1mGenerating C++ introspection for ROS interfaces[0m
[3.845s] [35m[1mScanning dependencies of target turtlebot3_msgs__rosidl_generator_c[0m
[3.872s] [  8%] [32mBuilding C object CMakeFiles/turtlebot3_msgs__rosidl_generator_c.dir/rosidl_generator_c/turtlebot3_msgs/srv/detail/dqn__functions.c.o[0m
[3.873s] [  9%] [32mBuilding C object CMakeFiles/turtlebot3_msgs__rosidl_generator_c.dir/rosidl_generator_c/turtlebot3_msgs/msg/detail/version_info__functions.c.o[0m
[3.873s] [ 11%] [32mBuilding C object CMakeFiles/turtlebot3_msgs__rosidl_generator_c.dir/rosidl_generator_c/turtlebot3_msgs/srv/detail/sound__functions.c.o[0m
[3.874s] [ 12%] [32mBuilding C object CMakeFiles/turtlebot3_msgs__rosidl_generator_c.dir/rosidl_generator_c/turtlebot3_msgs/msg/detail/sensor_state__functions.c.o[0m
[3.878s] [ 15%] [32mBuilding C object CMakeFiles/turtlebot3_msgs__rosidl_generator_c.dir/rosidl_generator_c/turtlebot3_msgs/action/detail/patrol__functions.c.o[0m
[3.878s] [ 15%] [32mBuilding C object CMakeFiles/turtlebot3_msgs__rosidl_generator_c.dir/rosidl_generator_c/turtlebot3_msgs/msg/detail/sound__functions.c.o[0m
[4.031s] [ 16%] [32m[1mLinking C shared library libturtlebot3_msgs__rosidl_generator_c.so[0m
[4.094s] [ 16%] Built target turtlebot3_msgs__rosidl_generator_c
[4.105s] [ 18%] [34m[1mGenerating C type support dispatch for ROS interfaces[0m
[4.106s] [ 19%] [34m[1mGenerating C introspection for ROS interfaces[0m
[4.589s] [35m[1mScanning dependencies of target turtlebot3_msgs__rosidl_typesupport_cpp[0m
[4.624s] [ 21%] [32mBuilding CXX object CMakeFiles/turtlebot3_msgs__rosidl_typesupport_cpp.dir/rosidl_typesupport_cpp/turtlebot3_msgs/msg/sound__type_support.cpp.o[0m
[4.625s] [ 22%] [32mBuilding CXX object CMakeFiles/turtlebot3_msgs__rosidl_typesupport_cpp.dir/rosidl_typesupport_cpp/turtlebot3_msgs/msg/version_info__type_support.cpp.o[0m
[4.626s] [ 23%] [32mBuilding CXX object CMakeFiles/turtlebot3_msgs__rosidl_typesupport_cpp.dir/rosidl_typesupport_cpp/turtlebot3_msgs/msg/sensor_state__type_support.cpp.o[0m
[4.640s] [ 25%] [32mBuilding CXX object CMakeFiles/turtlebot3_msgs__rosidl_typesupport_cpp.dir/rosidl_typesupport_cpp/turtlebot3_msgs/srv/sound__type_support.cpp.o[0m
[4.649s] [ 26%] [32mBuilding CXX object CMakeFiles/turtlebot3_msgs__rosidl_typesupport_cpp.dir/rosidl_typesupport_cpp/turtlebot3_msgs/srv/dqn__type_support.cpp.o[0m
[4.671s] [ 28%] [32mBuilding CXX object CMakeFiles/turtlebot3_msgs__rosidl_typesupport_cpp.dir/rosidl_typesupport_cpp/turtlebot3_msgs/action/patrol__type_support.cpp.o[0m
[4.676s] [35m[1mScanning dependencies of target turtlebot3_msgs__rosidl_typesupport_fastrtps_cpp[0m
[4.723s] [ 29%] [32mBuilding CXX object CMakeFiles/turtlebot3_msgs__rosidl_typesupport_fastrtps_cpp.dir/rosidl_typesupport_fastrtps_cpp/turtlebot3_msgs/msg/detail/dds_fastrtps/sensor_state__type_support.cpp.o[0m
[4.774s] [ 30%] [32mBuilding CXX object CMakeFiles/turtlebot3_msgs__rosidl_typesupport_fastrtps_cpp.dir/rosidl_typesupport_fastrtps_cpp/turtlebot3_msgs/msg/detail/dds_fastrtps/sound__type_support.cpp.o[0m
[4.797s] [ 32%] [32mBuilding CXX object CMakeFiles/turtlebot3_msgs__rosidl_typesupport_fastrtps_cpp.dir/rosidl_typesupport_fastrtps_cpp/turtlebot3_msgs/msg/detail/dds_fastrtps/version_info__type_support.cpp.o[0m
[5.066s] [35m[1mScanning dependencies of target turtlebot3_msgs__rosidl_typesupport_introspection_cpp[0m
[5.136s] [ 33%] [32mBuilding CXX object CMakeFiles/turtlebot3_msgs__rosidl_typesupport_introspection_cpp.dir/rosidl_typesupport_introspection_cpp/turtlebot3_msgs/msg/detail/sound__type_support.cpp.o[0m
[5.143s] [ 35%] [32mBuilding CXX object CMakeFiles/turtlebot3_msgs__rosidl_typesupport_introspection_cpp.dir/rosidl_typesupport_introspection_cpp/turtlebot3_msgs/msg/detail/sensor_state__type_support.cpp.o[0m
[5.166s] [ 36%] [32mBuilding CXX object CMakeFiles/turtlebot3_msgs__rosidl_typesupport_introspection_cpp.dir/rosidl_typesupport_introspection_cpp/turtlebot3_msgs/msg/detail/version_info__type_support.cpp.o[0m
[5.170s] [35m[1mScanning dependencies of target turtlebot3_msgs__rosidl_typesupport_c[0m
[5.214s] [ 38%] [32mBuilding CXX object CMakeFiles/turtlebot3_msgs__rosidl_typesupport_c.dir/rosidl_typesupport_c/turtlebot3_msgs/msg/sensor_state__type_support.cpp.o[0m
[5.233s] [ 39%] [32mBuilding CXX object CMakeFiles/turtlebot3_msgs__rosidl_typesupport_c.dir/rosidl_typesupport_c/turtlebot3_msgs/msg/sound__type_support.cpp.o[0m
[5.241s] [ 40%] [32mBuilding CXX object CMakeFiles/turtlebot3_msgs__rosidl_typesupport_introspection_cpp.dir/rosidl_typesupport_introspection_cpp/turtlebot3_msgs/srv/detail/sound__type_support.cpp.o[0m
[5.251s] [ 42%] [32m[1mLinking CXX shared library libturtlebot3_msgs__rosidl_typesupport_cpp.so[0m
[5.252s] [ 43%] [32mBuilding CXX object CMakeFiles/turtlebot3_msgs__rosidl_typesupport_c.dir/rosidl_typesupport_c/turtlebot3_msgs/msg/version_info__type_support.cpp.o[0m
[5.288s] [35m[1mScanning dependencies of target turtlebot3_msgs__rosidl_typesupport_introspection_c[0m
[5.295s] [ 45%] [32mBuilding CXX object CMakeFiles/turtlebot3_msgs__rosidl_typesupport_c.dir/rosidl_typesupport_c/turtlebot3_msgs/srv/sound__type_support.cpp.o[0m
[5.310s] [ 46%] [32mBuilding CXX object CMakeFiles/turtlebot3_msgs__rosidl_typesupport_c.dir/rosidl_typesupport_c/turtlebot3_msgs/srv/dqn__type_support.cpp.o[0m
[5.355s] [ 47%] [32mBuilding C object CMakeFiles/turtlebot3_msgs__rosidl_typesupport_introspection_c.dir/rosidl_typesupport_introspection_c/turtlebot3_msgs/msg/detail/sensor_state__type_support.c.o[0m
[5.355s] [ 49%] [32mBuilding CXX object CMakeFiles/turtlebot3_msgs__rosidl_typesupport_c.dir/rosidl_typesupport_c/turtlebot3_msgs/action/patrol__type_support.cpp.o[0m
[5.407s] [ 49%] Built target turtlebot3_msgs__rosidl_typesupport_cpp
[5.420s] [ 50%] [32mBuilding CXX object CMakeFiles/turtlebot3_msgs__rosidl_typesupport_introspection_cpp.dir/rosidl_typesupport_introspection_cpp/turtlebot3_msgs/srv/detail/dqn__type_support.cpp.o[0m
[5.439s] [ 52%] [32mBuilding C object CMakeFiles/turtlebot3_msgs__rosidl_typesupport_introspection_c.dir/rosidl_typesupport_introspection_c/turtlebot3_msgs/msg/detail/sound__type_support.c.o[0m
[5.459s] [ 53%] [32mBuilding C object CMakeFiles/turtlebot3_msgs__rosidl_typesupport_introspection_c.dir/rosidl_typesupport_introspection_c/turtlebot3_msgs/msg/detail/version_info__type_support.c.o[0m
[5.462s] [ 54%] [32mBuilding C object CMakeFiles/turtlebot3_msgs__rosidl_typesupport_introspection_c.dir/rosidl_typesupport_introspection_c/turtlebot3_msgs/srv/detail/sound__type_support.c.o[0m
[5.487s] [ 56%] [32m[1mLinking CXX shared library libturtlebot3_msgs__rosidl_typesupport_c.so[0m
[5.550s] [ 57%] [32mBuilding CXX object CMakeFiles/turtlebot3_msgs__rosidl_typesupport_introspection_cpp.dir/rosidl_typesupport_introspection_cpp/turtlebot3_msgs/action/detail/patrol__type_support.cpp.o[0m
[5.563s] [ 59%] [32mBuilding C object CMakeFiles/turtlebot3_msgs__rosidl_typesupport_introspection_c.dir/rosidl_typesupport_introspection_c/turtlebot3_msgs/srv/detail/dqn__type_support.c.o[0m
[5.569s] [ 60%] [32mBuilding C object CMakeFiles/turtlebot3_msgs__rosidl_typesupport_introspection_c.dir/rosidl_typesupport_introspection_c/turtlebot3_msgs/action/detail/patrol__type_support.c.o[0m
[5.602s] [ 61%] [32mBuilding CXX object CMakeFiles/turtlebot3_msgs__rosidl_typesupport_fastrtps_cpp.dir/rosidl_typesupport_fastrtps_cpp/turtlebot3_msgs/srv/detail/dds_fastrtps/sound__type_support.cpp.o[0m
[5.637s] [ 61%] Built target turtlebot3_msgs__rosidl_typesupport_c
[5.654s] [ 63%] [32mBuilding CXX object CMakeFiles/turtlebot3_msgs__rosidl_typesupport_fastrtps_cpp.dir/rosidl_typesupport_fastrtps_cpp/turtlebot3_msgs/srv/detail/dds_fastrtps/dqn__type_support.cpp.o[0m
[5.669s] [ 64%] [32mBuilding CXX object CMakeFiles/turtlebot3_msgs__rosidl_typesupport_fastrtps_cpp.dir/rosidl_typesupport_fastrtps_cpp/turtlebot3_msgs/action/detail/dds_fastrtps/patrol__type_support.cpp.o[0m
[5.681s] [ 66%] [32m[1mLinking C shared library libturtlebot3_msgs__rosidl_typesupport_introspection_c.so[0m
[5.723s] [ 66%] Built target turtlebot3_msgs__rosidl_typesupport_introspection_c
[5.957s] [ 67%] [32m[1mLinking CXX shared library libturtlebot3_msgs__rosidl_typesupport_introspection_cpp.so[0m
[6.073s] [ 67%] Built target turtlebot3_msgs__rosidl_typesupport_introspection_cpp
[6.266s] [ 69%] [32m[1mLinking CXX shared library libturtlebot3_msgs__rosidl_typesupport_fastrtps_cpp.so[0m
[6.412s] [ 69%] Built target turtlebot3_msgs__rosidl_typesupport_fastrtps_cpp
[6.429s] [ 70%] [34m[1mGenerating C type support for eProsima Fast-RTPS[0m
[7.322s] [35m[1mScanning dependencies of target turtlebot3_msgs__rosidl_typesupport_fastrtps_c[0m
[7.355s] [ 73%] [32mBuilding CXX object CMakeFiles/turtlebot3_msgs__rosidl_typesupport_fastrtps_c.dir/rosidl_typesupport_fastrtps_c/turtlebot3_msgs/srv/detail/sound__type_support_c.cpp.o[0m
[7.355s] [ 73%] [32mBuilding CXX object CMakeFiles/turtlebot3_msgs__rosidl_typesupport_fastrtps_c.dir/rosidl_typesupport_fastrtps_c/turtlebot3_msgs/action/detail/patrol__type_support_c.cpp.o[0m
[7.357s] [ 76%] [32mBuilding CXX object CMakeFiles/turtlebot3_msgs__rosidl_typesupport_fastrtps_c.dir/rosidl_typesupport_fastrtps_c/turtlebot3_msgs/msg/detail/sound__type_support_c.cpp.o[0m
[7.357s] [ 76%] [32mBuilding CXX object CMakeFiles/turtlebot3_msgs__rosidl_typesupport_fastrtps_c.dir/rosidl_typesupport_fastrtps_c/turtlebot3_msgs/msg/detail/version_info__type_support_c.cpp.o[0m
[7.359s] [ 77%] [32mBuilding CXX object CMakeFiles/turtlebot3_msgs__rosidl_typesupport_fastrtps_c.dir/rosidl_typesupport_fastrtps_c/turtlebot3_msgs/srv/detail/dqn__type_support_c.cpp.o[0m
[7.360s] [ 78%] [32mBuilding CXX object CMakeFiles/turtlebot3_msgs__rosidl_typesupport_fastrtps_c.dir/rosidl_typesupport_fastrtps_c/turtlebot3_msgs/msg/detail/sensor_state__type_support_c.cpp.o[0m
[7.952s] [ 80%] [32m[1mLinking CXX shared library libturtlebot3_msgs__rosidl_typesupport_fastrtps_c.so[0m
[8.132s] [ 80%] Built target turtlebot3_msgs__rosidl_typesupport_fastrtps_c
[8.144s] [35m[1mScanning dependencies of target turtlebot3_msgs[0m
[8.157s] [ 80%] Built target turtlebot3_msgs
[8.172s] [35m[1mScanning dependencies of target turtlebot3_msgs__py[0m
[8.188s] [ 81%] [34m[1mGenerating Python code for ROS interfaces[0m
[10.264s] [ 81%] Built target turtlebot3_msgs__py
[10.275s] [35m[1mScanning dependencies of target turtlebot3_msgs__python[0m
[10.307s] [ 84%] [32mBuilding C object CMakeFiles/turtlebot3_msgs__python.dir/rosidl_generator_py/turtlebot3_msgs/msg/_version_info_s.c.o[0m
[10.310s] [ 84%] [32mBuilding C object CMakeFiles/turtlebot3_msgs__python.dir/rosidl_generator_py/turtlebot3_msgs/msg/_sensor_state_s.c.o[0m
[10.310s] [ 85%] [32mBuilding C object CMakeFiles/turtlebot3_msgs__python.dir/rosidl_generator_py/turtlebot3_msgs/srv/_dqn_s.c.o[0m
[10.310s] [ 88%] [32mBuilding C object CMakeFiles/turtlebot3_msgs__python.dir/rosidl_generator_py/turtlebot3_msgs/action/_patrol_s.c.o[0m
[10.327s] [ 90%] [32mBuilding C object CMakeFiles/turtlebot3_msgs__python.dir/rosidl_generator_py/turtlebot3_msgs/srv/_sound_s.c.o[0m
[10.343s] [ 88%] [32mBuilding C object CMakeFiles/turtlebot3_msgs__python.dir/rosidl_generator_py/turtlebot3_msgs/msg/_sound_s.c.o[0m
[10.643s] [ 91%] [32m[1mLinking C shared library rosidl_generator_py/turtlebot3_msgs/libturtlebot3_msgs__python.so[0m
[10.706s] [ 91%] Built target turtlebot3_msgs__python
[10.722s] [35m[1mScanning dependencies of target turtlebot3_msgs__rosidl_typesupport_c__pyext[0m
[10.722s] [35m[1mScanning dependencies of target turtlebot3_msgs__rosidl_typesupport_fastrtps_c__pyext[0m
[10.723s] [35m[1mScanning dependencies of target turtlebot3_msgs__rosidl_typesupport_introspection_c__pyext[0m
[10.774s] [ 92%] [32mBuilding C object CMakeFiles/turtlebot3_msgs__rosidl_typesupport_c__pyext.dir/rosidl_generator_py/turtlebot3_msgs/_turtlebot3_msgs_s.ep.rosidl_typesupport_c.c.o[0m
[10.792s] [ 94%] [32mBuilding C object CMakeFiles/turtlebot3_msgs__rosidl_typesupport_fastrtps_c__pyext.dir/rosidl_generator_py/turtlebot3_msgs/_turtlebot3_msgs_s.ep.rosidl_typesupport_fastrtps_c.c.o[0m
[10.808s] [ 95%] [32mBuilding C object CMakeFiles/turtlebot3_msgs__rosidl_typesupport_introspection_c__pyext.dir/rosidl_generator_py/turtlebot3_msgs/_turtlebot3_msgs_s.ep.rosidl_typesupport_introspection_c.c.o[0m
[10.973s] [ 97%] [32m[1mLinking CXX shared library rosidl_generator_py/turtlebot3_msgs/turtlebot3_msgs_s__rosidl_typesupport_fastrtps_c.cpython-38-x86_64-linux-gnu.so[0m
[10.991s] [ 98%] [32m[1mLinking C shared library rosidl_generator_py/turtlebot3_msgs/turtlebot3_msgs_s__rosidl_typesupport_introspection_c.cpython-38-x86_64-linux-gnu.so[0m
[11.006s] [100%] [32m[1mLinking C shared library rosidl_generator_py/turtlebot3_msgs/turtlebot3_msgs_s__rosidl_typesupport_c.cpython-38-x86_64-linux-gnu.so[0m
[11.048s] [100%] Built target turtlebot3_msgs__rosidl_typesupport_introspection_c__pyext
[11.065s] [100%] Built target turtlebot3_msgs__rosidl_typesupport_c__pyext
[11.092s] [100%] Built target turtlebot3_msgs__rosidl_typesupport_fastrtps_c__pyext
[11.107s] Invoked command in '/home/jalal/web/web_ws/turtlebot_ws/build/turtlebot3_msgs' returned '0': CMAKE_PREFIX_PATH=/opt/ros/foxy /usr/bin/cmake --build /home/jalal/web/web_ws/turtlebot_ws/build/turtlebot3_msgs -- -j12 -l12
[11.264s] Invoking command in '/home/jalal/web/web_ws/turtlebot_ws/build/turtlebot3_msgs': CMAKE_PREFIX_PATH=/opt/ros/foxy /usr/bin/cmake --install /home/jalal/web/web_ws/turtlebot_ws/build/turtlebot3_msgs
[11.284s] -- Install configuration: ""
[11.285s] -- Installing: /home/jalal/web/web_ws/turtlebot_ws/install/turtlebot3_msgs/share/ament_index/resource_index/rosidl_interfaces/turtlebot3_msgs
[11.285s] -- Installing: /home/jalal/web/web_ws/turtlebot_ws/install/turtlebot3_msgs/include/turtlebot3_msgs
[11.285s] -- Installing: /home/jalal/web/web_ws/turtlebot_ws/install/turtlebot3_msgs/include/turtlebot3_msgs/action
[11.285s] -- Installing: /home/jalal/web/web_ws/turtlebot_ws/install/turtlebot3_msgs/include/turtlebot3_msgs/action/patrol.h
[11.286s] -- Installing: /home/jalal/web/web_ws/turtlebot_ws/install/turtlebot3_msgs/include/turtlebot3_msgs/action/detail
[11.286s] -- Installing: /home/jalal/web/web_ws/turtlebot_ws/install/turtlebot3_msgs/include/turtlebot3_msgs/action/detail/patrol__functions.h
[11.286s] -- Installing: /home/jalal/web/web_ws/turtlebot_ws/install/turtlebot3_msgs/include/turtlebot3_msgs/action/detail/patrol__struct.h
[11.286s] -- Installing: /home/jalal/web/web_ws/turtlebot_ws/install/turtlebot3_msgs/include/turtlebot3_msgs/action/detail/patrol__functions.c
[11.286s] -- Installing: /home/jalal/web/web_ws/turtlebot_ws/install/turtlebot3_msgs/include/turtlebot3_msgs/action/detail/patrol__type_support.h
[11.287s] -- Installing: /home/jalal/web/web_ws/turtlebot_ws/install/turtlebot3_msgs/include/turtlebot3_msgs/msg
[11.287s] -- Installing: /home/jalal/web/web_ws/turtlebot_ws/install/turtlebot3_msgs/include/turtlebot3_msgs/msg/sensor_state.h
[11.287s] -- Installing: /home/jalal/web/web_ws/turtlebot_ws/install/turtlebot3_msgs/include/turtlebot3_msgs/msg/version_info.h
[11.287s] -- Installing: /home/jalal/web/web_ws/turtlebot_ws/install/turtlebot3_msgs/include/turtlebot3_msgs/msg/sound.h
[11.287s] -- Installing: /home/jalal/web/web_ws/turtlebot_ws/install/turtlebot3_msgs/include/turtlebot3_msgs/msg/detail
[11.288s] -- Installing: /home/jalal/web/web_ws/turtlebot_ws/install/turtlebot3_msgs/include/turtlebot3_msgs/msg/detail/sensor_state__functions.c
[11.288s] -- Installing: /home/jalal/web/web_ws/turtlebot_ws/install/turtlebot3_msgs/include/turtlebot3_msgs/msg/detail/sensor_state__type_support.h
[11.288s] -- Installing: /home/jalal/web/web_ws/turtlebot_ws/install/turtlebot3_msgs/include/turtlebot3_msgs/msg/detail/sensor_state__struct.h
[11.288s] -- Installing: /home/jalal/web/web_ws/turtlebot_ws/install/turtlebot3_msgs/include/turtlebot3_msgs/msg/detail/sensor_state__functions.h
[11.288s] -- Installing: /home/jalal/web/web_ws/turtlebot_ws/install/turtlebot3_msgs/include/turtlebot3_msgs/msg/detail/version_info__functions.c
[11.288s] -- Installing: /home/jalal/web/web_ws/turtlebot_ws/install/turtlebot3_msgs/include/turtlebot3_msgs/msg/detail/version_info__type_support.h
[11.288s] -- Installing: /home/jalal/web/web_ws/turtlebot_ws/install/turtlebot3_msgs/include/turtlebot3_msgs/msg/detail/sound__functions.c
[11.288s] -- Installing: /home/jalal/web/web_ws/turtlebot_ws/install/turtlebot3_msgs/include/turtlebot3_msgs/msg/detail/sound__struct.h
[11.289s] -- Installing: /home/jalal/web/web_ws/turtlebot_ws/install/turtlebot3_msgs/include/turtlebot3_msgs/msg/detail/sound__functions.h
[11.289s] -- Installing: /home/jalal/web/web_ws/turtlebot_ws/install/turtlebot3_msgs/include/turtlebot3_msgs/msg/detail/sound__type_support.h
[11.289s] -- Installing: /home/jalal/web/web_ws/turtlebot_ws/install/turtlebot3_msgs/include/turtlebot3_msgs/msg/detail/version_info__functions.h
[11.289s] -- Installing: /home/jalal/web/web_ws/turtlebot_ws/install/turtlebot3_msgs/include/turtlebot3_msgs/msg/detail/version_info__struct.h
[11.289s] -- Installing: /home/jalal/web/web_ws/turtlebot_ws/install/turtlebot3_msgs/include/turtlebot3_msgs/msg/rosidl_generator_c__visibility_control.h
[11.289s] -- Installing: /home/jalal/web/web_ws/turtlebot_ws/install/turtlebot3_msgs/include/turtlebot3_msgs/srv
[11.289s] -- Installing: /home/jalal/web/web_ws/turtlebot_ws/install/turtlebot3_msgs/include/turtlebot3_msgs/srv/dqn.h
[11.290s] -- Installing: /home/jalal/web/web_ws/turtlebot_ws/install/turtlebot3_msgs/include/turtlebot3_msgs/srv/sound.h
[11.290s] -- Installing: /home/jalal/web/web_ws/turtlebot_ws/install/turtlebot3_msgs/include/turtlebot3_msgs/srv/detail
[11.290s] -- Installing: /home/jalal/web/web_ws/turtlebot_ws/install/turtlebot3_msgs/include/turtlebot3_msgs/srv/detail/dqn__functions.h
[11.290s] -- Installing: /home/jalal/web/web_ws/turtlebot_ws/install/turtlebot3_msgs/include/turtlebot3_msgs/srv/detail/dqn__struct.h
[11.291s] -- Installing: /home/jalal/web/web_ws/turtlebot_ws/install/turtlebot3_msgs/include/turtlebot3_msgs/srv/detail/dqn__type_support.h
[11.291s] -- Installing: /home/jalal/web/web_ws/turtlebot_ws/install/turtlebot3_msgs/include/turtlebot3_msgs/srv/detail/dqn__functions.c
[11.291s] -- Installing: /home/jalal/web/web_ws/turtlebot_ws/install/turtlebot3_msgs/include/turtlebot3_msgs/srv/detail/sound__functions.c
[11.291s] -- Installing: /home/jalal/web/web_ws/turtlebot_ws/install/turtlebot3_msgs/include/turtlebot3_msgs/srv/detail/sound__struct.h
[11.291s] -- Installing: /home/jalal/web/web_ws/turtlebot_ws/install/turtlebot3_msgs/include/turtlebot3_msgs/srv/detail/sound__functions.h
[11.291s] -- Installing: /home/jalal/web/web_ws/turtlebot_ws/install/turtlebot3_msgs/include/turtlebot3_msgs/srv/detail/sound__type_support.h
[11.292s] -- Installing: /home/jalal/web/web_ws/turtlebot_ws/install/turtlebot3_msgs/share/turtlebot3_msgs/environment/library_path.sh
[11.292s] -- Installing: /home/jalal/web/web_ws/turtlebot_ws/install/turtlebot3_msgs/share/turtlebot3_msgs/environment/library_path.dsv
[11.292s] -- Installing: /home/jalal/web/web_ws/turtlebot_ws/install/turtlebot3_msgs/lib/libturtlebot3_msgs__rosidl_generator_c.so
[11.292s] -- Set runtime path of "/home/jalal/web/web_ws/turtlebot_ws/install/turtlebot3_msgs/lib/libturtlebot3_msgs__rosidl_generator_c.so" to ""
[11.292s] -- Up-to-date: /home/jalal/web/web_ws/turtlebot_ws/install/turtlebot3_msgs/include/turtlebot3_msgs
[11.293s] -- Up-to-date: /home/jalal/web/web_ws/turtlebot_ws/install/turtlebot3_msgs/include/turtlebot3_msgs/action
[11.293s] -- Up-to-date: /home/jalal/web/web_ws/turtlebot_ws/install/turtlebot3_msgs/include/turtlebot3_msgs/action/detail
[11.293s] -- Installing: /home/jalal/web/web_ws/turtlebot_ws/install/turtlebot3_msgs/include/turtlebot3_msgs/action/detail/patrol__rosidl_typesupport_fastrtps_c.h
[11.293s] -- Up-to-date: /home/jalal/web/web_ws/turtlebot_ws/install/turtlebot3_msgs/include/turtlebot3_msgs/msg
[11.294s] -- Installing: /home/jalal/web/web_ws/turtlebot_ws/install/turtlebot3_msgs/include/turtlebot3_msgs/msg/rosidl_typesupport_fastrtps_c__visibility_control.h
[11.294s] -- Up-to-date: /home/jalal/web/web_ws/turtlebot_ws/install/turtlebot3_msgs/include/turtlebot3_msgs/msg/detail
[11.294s] -- Installing: /home/jalal/web/web_ws/turtlebot_ws/install/turtlebot3_msgs/include/turtlebot3_msgs/msg/detail/sensor_state__rosidl_typesupport_fastrtps_c.h
[11.294s] -- Installing: /home/jalal/web/web_ws/turtlebot_ws/install/turtlebot3_msgs/include/turtlebot3_msgs/msg/detail/version_info__rosidl_typesupport_fastrtps_c.h
[11.294s] -- Installing: /home/jalal/web/web_ws/turtlebot_ws/install/turtlebot3_msgs/include/turtlebot3_msgs/msg/detail/sound__rosidl_typesupport_fastrtps_c.h
[11.294s] -- Up-to-date: /home/jalal/web/web_ws/turtlebot_ws/install/turtlebot3_msgs/include/turtlebot3_msgs/srv
[11.294s] -- Up-to-date: /home/jalal/web/web_ws/turtlebot_ws/install/turtlebot3_msgs/include/turtlebot3_msgs/srv/detail
[11.294s] -- Installing: /home/jalal/web/web_ws/turtlebot_ws/install/turtlebot3_msgs/include/turtlebot3_msgs/srv/detail/dqn__rosidl_typesupport_fastrtps_c.h
[11.294s] -- Installing: /home/jalal/web/web_ws/turtlebot_ws/install/turtlebot3_msgs/include/turtlebot3_msgs/srv/detail/sound__rosidl_typesupport_fastrtps_c.h
[11.294s] -- Installing: /home/jalal/web/web_ws/turtlebot_ws/install/turtlebot3_msgs/lib/libturtlebot3_msgs__rosidl_typesupport_fastrtps_c.so
[11.294s] -- Set runtime path of "/home/jalal/web/web_ws/turtlebot_ws/install/turtlebot3_msgs/lib/libturtlebot3_msgs__rosidl_typesupport_fastrtps_c.so" to ""
[11.294s] -- Up-to-date: /home/jalal/web/web_ws/turtlebot_ws/install/turtlebot3_msgs/include/turtlebot3_msgs
[11.295s] -- Up-to-date: /home/jalal/web/web_ws/turtlebot_ws/install/turtlebot3_msgs/include/turtlebot3_msgs/action
[11.295s] -- Up-to-date: /home/jalal/web/web_ws/turtlebot_ws/install/turtlebot3_msgs/include/turtlebot3_msgs/action/detail
[11.295s] -- Installing: /home/jalal/web/web_ws/turtlebot_ws/install/turtlebot3_msgs/include/turtlebot3_msgs/action/detail/dds_fastrtps
[11.295s] -- Installing: /home/jalal/web/web_ws/turtlebot_ws/install/turtlebot3_msgs/include/turtlebot3_msgs/action/detail/patrol__rosidl_typesupport_fastrtps_cpp.hpp
[11.295s] -- Up-to-date: /home/jalal/web/web_ws/turtlebot_ws/install/turtlebot3_msgs/include/turtlebot3_msgs/msg
[11.295s] -- Installing: /home/jalal/web/web_ws/turtlebot_ws/install/turtlebot3_msgs/include/turtlebot3_msgs/msg/rosidl_typesupport_fastrtps_cpp__visibility_control.h
[11.295s] -- Up-to-date: /home/jalal/web/web_ws/turtlebot_ws/install/turtlebot3_msgs/include/turtlebot3_msgs/msg/detail
[11.295s] -- Installing: /home/jalal/web/web_ws/turtlebot_ws/install/turtlebot3_msgs/include/turtlebot3_msgs/msg/detail/dds_fastrtps
[11.295s] -- Installing: /home/jalal/web/web_ws/turtlebot_ws/install/turtlebot3_msgs/include/turtlebot3_msgs/msg/detail/sensor_state__rosidl_typesupport_fastrtps_cpp.hpp
[11.295s] -- Installing: /home/jalal/web/web_ws/turtlebot_ws/install/turtlebot3_msgs/include/turtlebot3_msgs/msg/detail/sound__rosidl_typesupport_fastrtps_cpp.hpp
[11.296s] -- Installing: /home/jalal/web/web_ws/turtlebot_ws/install/turtlebot3_msgs/include/turtlebot3_msgs/msg/detail/version_info__rosidl_typesupport_fastrtps_cpp.hpp
[11.296s] -- Up-to-date: /home/jalal/web/web_ws/turtlebot_ws/install/turtlebot3_msgs/include/turtlebot3_msgs/srv
[11.296s] -- Up-to-date: /home/jalal/web/web_ws/turtlebot_ws/install/turtlebot3_msgs/include/turtlebot3_msgs/srv/detail
[11.296s] -- Installing: /home/jalal/web/web_ws/turtlebot_ws/install/turtlebot3_msgs/include/turtlebot3_msgs/srv/detail/dqn__rosidl_typesupport_fastrtps_cpp.hpp
[11.296s] -- Installing: /home/jalal/web/web_ws/turtlebot_ws/install/turtlebot3_msgs/include/turtlebot3_msgs/srv/detail/dds_fastrtps
[11.296s] -- Installing: /home/jalal/web/web_ws/turtlebot_ws/install/turtlebot3_msgs/include/turtlebot3_msgs/srv/detail/sound__rosidl_typesupport_fastrtps_cpp.hpp
[11.296s] -- Installing: /home/jalal/web/web_ws/turtlebot_ws/install/turtlebot3_msgs/lib/libturtlebot3_msgs__rosidl_typesupport_fastrtps_cpp.so
[11.296s] -- Set runtime path of "/home/jalal/web/web_ws/turtlebot_ws/install/turtlebot3_msgs/lib/libturtlebot3_msgs__rosidl_typesupport_fastrtps_cpp.so" to ""
[11.296s] -- Up-to-date: /home/jalal/web/web_ws/turtlebot_ws/install/turtlebot3_msgs/include/turtlebot3_msgs
[11.296s] -- Up-to-date: /home/jalal/web/web_ws/turtlebot_ws/install/turtlebot3_msgs/include/turtlebot3_msgs/action
[11.296s] -- Up-to-date: /home/jalal/web/web_ws/turtlebot_ws/install/turtlebot3_msgs/include/turtlebot3_msgs/action/detail
[11.296s] -- Installing: /home/jalal/web/web_ws/turtlebot_ws/install/turtlebot3_msgs/include/turtlebot3_msgs/action/detail/patrol__rosidl_typesupport_introspection_c.h
[11.297s] -- Installing: /home/jalal/web/web_ws/turtlebot_ws/install/turtlebot3_msgs/include/turtlebot3_msgs/action/detail/patrol__type_support.c
[11.297s] -- Up-to-date: /home/jalal/web/web_ws/turtlebot_ws/install/turtlebot3_msgs/include/turtlebot3_msgs/msg
[11.297s] -- Installing: /home/jalal/web/web_ws/turtlebot_ws/install/turtlebot3_msgs/include/turtlebot3_msgs/msg/rosidl_typesupport_introspection_c__visibility_control.h
[11.297s] -- Up-to-date: /home/jalal/web/web_ws/turtlebot_ws/install/turtlebot3_msgs/include/turtlebot3_msgs/msg/detail
[11.297s] -- Installing: /home/jalal/web/web_ws/turtlebot_ws/install/turtlebot3_msgs/include/turtlebot3_msgs/msg/detail/sound__type_support.c
[11.297s] -- Installing: /home/jalal/web/web_ws/turtlebot_ws/install/turtlebot3_msgs/include/turtlebot3_msgs/msg/detail/sensor_state__type_support.c
[11.297s] -- Installing: /home/jalal/web/web_ws/turtlebot_ws/install/turtlebot3_msgs/include/turtlebot3_msgs/msg/detail/sound__rosidl_typesupport_introspection_c.h
[11.297s] -- Installing: /home/jalal/web/web_ws/turtlebot_ws/install/turtlebot3_msgs/include/turtlebot3_msgs/msg/detail/version_info__type_support.c
[11.297s] -- Installing: /home/jalal/web/web_ws/turtlebot_ws/install/turtlebot3_msgs/include/turtlebot3_msgs/msg/detail/sensor_state__rosidl_typesupport_introspection_c.h
[11.297s] -- Installing: /home/jalal/web/web_ws/turtlebot_ws/install/turtlebot3_msgs/include/turtlebot3_msgs/msg/detail/version_info__rosidl_typesupport_introspection_c.h
[11.297s] -- Up-to-date: /home/jalal/web/web_ws/turtlebot_ws/install/turtlebot3_msgs/include/turtlebot3_msgs/srv
[11.297s] -- Up-to-date: /home/jalal/web/web_ws/turtlebot_ws/install/turtlebot3_msgs/include/turtlebot3_msgs/srv/detail
[11.298s] -- Installing: /home/jalal/web/web_ws/turtlebot_ws/install/turtlebot3_msgs/include/turtlebot3_msgs/srv/detail/dqn__type_support.c
[11.298s] -- Installing: /home/jalal/web/web_ws/turtlebot_ws/install/turtlebot3_msgs/include/turtlebot3_msgs/srv/detail/sound__type_support.c
[11.298s] -- Installing: /home/jalal/web/web_ws/turtlebot_ws/install/turtlebot3_msgs/include/turtlebot3_msgs/srv/detail/dqn__rosidl_typesupport_introspection_c.h
[11.298s] -- Installing: /home/jalal/web/web_ws/turtlebot_ws/install/turtlebot3_msgs/include/turtlebot3_msgs/srv/detail/sound__rosidl_typesupport_introspection_c.h
[11.298s] -- Installing: /home/jalal/web/web_ws/turtlebot_ws/install/turtlebot3_msgs/lib/libturtlebot3_msgs__rosidl_typesupport_introspection_c.so
[11.298s] -- Set runtime path of "/home/jalal/web/web_ws/turtlebot_ws/install/turtlebot3_msgs/lib/libturtlebot3_msgs__rosidl_typesupport_introspection_c.so" to ""
[11.298s] -- Installing: /home/jalal/web/web_ws/turtlebot_ws/install/turtlebot3_msgs/lib/libturtlebot3_msgs__rosidl_typesupport_c.so
[11.298s] -- Set runtime path of "/home/jalal/web/web_ws/turtlebot_ws/install/turtlebot3_msgs/lib/libturtlebot3_msgs__rosidl_typesupport_c.so" to ""
[11.298s] -- Up-to-date: /home/jalal/web/web_ws/turtlebot_ws/install/turtlebot3_msgs/include/turtlebot3_msgs
[11.298s] -- Up-to-date: /home/jalal/web/web_ws/turtlebot_ws/install/turtlebot3_msgs/include/turtlebot3_msgs/action
[11.298s] -- Installing: /home/jalal/web/web_ws/turtlebot_ws/install/turtlebot3_msgs/include/turtlebot3_msgs/action/patrol.hpp
[11.298s] -- Up-to-date: /home/jalal/web/web_ws/turtlebot_ws/install/turtlebot3_msgs/include/turtlebot3_msgs/action/detail
[11.299s] -- Installing: /home/jalal/web/web_ws/turtlebot_ws/install/turtlebot3_msgs/include/turtlebot3_msgs/action/detail/patrol__struct.hpp
[11.299s] -- Installing: /home/jalal/web/web_ws/turtlebot_ws/install/turtlebot3_msgs/include/turtlebot3_msgs/action/detail/patrol__traits.hpp
[11.299s] -- Installing: /home/jalal/web/web_ws/turtlebot_ws/install/turtlebot3_msgs/include/turtlebot3_msgs/action/detail/patrol__builder.hpp
[11.299s] -- Up-to-date: /home/jalal/web/web_ws/turtlebot_ws/install/turtlebot3_msgs/include/turtlebot3_msgs/msg
[11.299s] -- Installing: /home/jalal/web/web_ws/turtlebot_ws/install/turtlebot3_msgs/include/turtlebot3_msgs/msg/sensor_state.hpp
[11.299s] -- Installing: /home/jalal/web/web_ws/turtlebot_ws/install/turtlebot3_msgs/include/turtlebot3_msgs/msg/version_info.hpp
[11.299s] -- Installing: /home/jalal/web/web_ws/turtlebot_ws/install/turtlebot3_msgs/include/turtlebot3_msgs/msg/sound.hpp
[11.299s] -- Up-to-date: /home/jalal/web/web_ws/turtlebot_ws/install/turtlebot3_msgs/include/turtlebot3_msgs/msg/detail
[11.299s] -- Installing: /home/jalal/web/web_ws/turtlebot_ws/install/turtlebot3_msgs/include/turtlebot3_msgs/msg/detail/sensor_state__builder.hpp
[11.300s] -- Installing: /home/jalal/web/web_ws/turtlebot_ws/install/turtlebot3_msgs/include/turtlebot3_msgs/msg/detail/sensor_state__traits.hpp
[11.300s] -- Installing: /home/jalal/web/web_ws/turtlebot_ws/install/turtlebot3_msgs/include/turtlebot3_msgs/msg/detail/version_info__traits.hpp
[11.300s] -- Installing: /home/jalal/web/web_ws/turtlebot_ws/install/turtlebot3_msgs/include/turtlebot3_msgs/msg/detail/sound__traits.hpp
[11.300s] -- Installing: /home/jalal/web/web_ws/turtlebot_ws/install/turtlebot3_msgs/include/turtlebot3_msgs/msg/detail/version_info__builder.hpp
[11.300s] -- Installing: /home/jalal/web/web_ws/turtlebot_ws/install/turtlebot3_msgs/include/turtlebot3_msgs/msg/detail/sensor_state__struct.hpp
[11.300s] -- Installing: /home/jalal/web/web_ws/turtlebot_ws/install/turtlebot3_msgs/include/turtlebot3_msgs/msg/detail/version_info__struct.hpp
[11.300s] -- Installing: /home/jalal/web/web_ws/turtlebot_ws/install/turtlebot3_msgs/include/turtlebot3_msgs/msg/detail/sound__struct.hpp
[11.300s] -- Installing: /home/jalal/web/web_ws/turtlebot_ws/install/turtlebot3_msgs/include/turtlebot3_msgs/msg/detail/sound__builder.hpp
[11.300s] -- Up-to-date: /home/jalal/web/web_ws/turtlebot_ws/install/turtlebot3_msgs/include/turtlebot3_msgs/srv
[11.300s] -- Installing: /home/jalal/web/web_ws/turtlebot_ws/install/turtlebot3_msgs/include/turtlebot3_msgs/srv/dqn.hpp
[11.300s] -- Installing: /home/jalal/web/web_ws/turtlebot_ws/install/turtlebot3_msgs/include/turtlebot3_msgs/srv/sound.hpp
[11.301s] -- Up-to-date: /home/jalal/web/web_ws/turtlebot_ws/install/turtlebot3_msgs/include/turtlebot3_msgs/srv/detail
[11.301s] -- Installing: /home/jalal/web/web_ws/turtlebot_ws/install/turtlebot3_msgs/include/turtlebot3_msgs/srv/detail/dqn__struct.hpp
[11.301s] -- Installing: /home/jalal/web/web_ws/turtlebot_ws/install/turtlebot3_msgs/include/turtlebot3_msgs/srv/detail/sound__traits.hpp
[11.301s] -- Installing: /home/jalal/web/web_ws/turtlebot_ws/install/turtlebot3_msgs/include/turtlebot3_msgs/srv/detail/sound__struct.hpp
[11.301s] -- Installing: /home/jalal/web/web_ws/turtlebot_ws/install/turtlebot3_msgs/include/turtlebot3_msgs/srv/detail/dqn__builder.hpp
[11.301s] -- Installing: /home/jalal/web/web_ws/turtlebot_ws/install/turtlebot3_msgs/include/turtlebot3_msgs/srv/detail/dqn__traits.hpp
[11.301s] -- Installing: /home/jalal/web/web_ws/turtlebot_ws/install/turtlebot3_msgs/include/turtlebot3_msgs/srv/detail/sound__builder.hpp
[11.302s] -- Up-to-date: /home/jalal/web/web_ws/turtlebot_ws/install/turtlebot3_msgs/include/turtlebot3_msgs
[11.302s] -- Up-to-date: /home/jalal/web/web_ws/turtlebot_ws/install/turtlebot3_msgs/include/turtlebot3_msgs/action
[11.302s] -- Up-to-date: /home/jalal/web/web_ws/turtlebot_ws/install/turtlebot3_msgs/include/turtlebot3_msgs/action/detail
[11.302s] -- Installing: /home/jalal/web/web_ws/turtlebot_ws/install/turtlebot3_msgs/include/turtlebot3_msgs/action/detail/patrol__rosidl_typesupport_introspection_cpp.hpp
[11.302s] -- Installing: /home/jalal/web/web_ws/turtlebot_ws/install/turtlebot3_msgs/include/turtlebot3_msgs/action/detail/patrol__type_support.cpp
[11.302s] -- Up-to-date: /home/jalal/web/web_ws/turtlebot_ws/install/turtlebot3_msgs/include/turtlebot3_msgs/msg
[11.302s] -- Up-to-date: /home/jalal/web/web_ws/turtlebot_ws/install/turtlebot3_msgs/include/turtlebot3_msgs/msg/detail
[11.302s] -- Installing: /home/jalal/web/web_ws/turtlebot_ws/install/turtlebot3_msgs/include/turtlebot3_msgs/msg/detail/sound__type_support.cpp
[11.303s] -- Installing: /home/jalal/web/web_ws/turtlebot_ws/install/turtlebot3_msgs/include/turtlebot3_msgs/msg/detail/version_info__type_support.cpp
[11.303s] -- Installing: /home/jalal/web/web_ws/turtlebot_ws/install/turtlebot3_msgs/include/turtlebot3_msgs/msg/detail/sound__rosidl_typesupport_introspection_cpp.hpp
[11.303s] -- Installing: /home/jalal/web/web_ws/turtlebot_ws/install/turtlebot3_msgs/include/turtlebot3_msgs/msg/detail/sensor_state__type_support.cpp
[11.303s] -- Installing: /home/jalal/web/web_ws/turtlebot_ws/install/turtlebot3_msgs/include/turtlebot3_msgs/msg/detail/version_info__rosidl_typesupport_introspection_cpp.hpp
[11.303s] -- Installing: /home/jalal/web/web_ws/turtlebot_ws/install/turtlebot3_msgs/include/turtlebot3_msgs/msg/detail/sensor_state__rosidl_typesupport_introspection_cpp.hpp
[11.303s] -- Up-to-date: /home/jalal/web/web_ws/turtlebot_ws/install/turtlebot3_msgs/include/turtlebot3_msgs/srv
[11.303s] -- Up-to-date: /home/jalal/web/web_ws/turtlebot_ws/install/turtlebot3_msgs/include/turtlebot3_msgs/srv/detail
[11.303s] -- Installing: /home/jalal/web/web_ws/turtlebot_ws/install/turtlebot3_msgs/include/turtlebot3_msgs/srv/detail/sound__type_support.cpp
[11.304s] -- Installing: /home/jalal/web/web_ws/turtlebot_ws/install/turtlebot3_msgs/include/turtlebot3_msgs/srv/detail/dqn__rosidl_typesupport_introspection_cpp.hpp
[11.304s] -- Installing: /home/jalal/web/web_ws/turtlebot_ws/install/turtlebot3_msgs/include/turtlebot3_msgs/srv/detail/sound__rosidl_typesupport_introspection_cpp.hpp
[11.304s] -- Installing: /home/jalal/web/web_ws/turtlebot_ws/install/turtlebot3_msgs/include/turtlebot3_msgs/srv/detail/dqn__type_support.cpp
[11.304s] -- Installing: /home/jalal/web/web_ws/turtlebot_ws/install/turtlebot3_msgs/lib/libturtlebot3_msgs__rosidl_typesupport_introspection_cpp.so
[11.304s] -- Set runtime path of "/home/jalal/web/web_ws/turtlebot_ws/install/turtlebot3_msgs/lib/libturtlebot3_msgs__rosidl_typesupport_introspection_cpp.so" to ""
[11.304s] -- Installing: /home/jalal/web/web_ws/turtlebot_ws/install/turtlebot3_msgs/lib/libturtlebot3_msgs__rosidl_typesupport_cpp.so
[11.304s] -- Set runtime path of "/home/jalal/web/web_ws/turtlebot_ws/install/turtlebot3_msgs/lib/libturtlebot3_msgs__rosidl_typesupport_cpp.so" to ""
[11.304s] -- Installing: /home/jalal/web/web_ws/turtlebot_ws/install/turtlebot3_msgs/share/turtlebot3_msgs/environment/pythonpath.sh
[11.304s] -- Installing: /home/jalal/web/web_ws/turtlebot_ws/install/turtlebot3_msgs/share/turtlebot3_msgs/environment/pythonpath.dsv
[11.304s] -- Installing: /home/jalal/web/web_ws/turtlebot_ws/install/turtlebot3_msgs/lib/python3.8/site-packages/turtlebot3_msgs/__init__.py
[11.339s] Compiling '/home/jalal/web/web_ws/turtlebot_ws/install/turtlebot3_msgs/lib/python3.8/site-packages/turtlebot3_msgs/__init__.py'...
[11.351s] -- Installing: /home/jalal/web/web_ws/turtlebot_ws/install/turtlebot3_msgs/lib/python3.8/site-packages/turtlebot3_msgs/msg
[11.351s] -- Installing: /home/jalal/web/web_ws/turtlebot_ws/install/turtlebot3_msgs/lib/python3.8/site-packages/turtlebot3_msgs/msg/_sensor_state.py
[11.351s] -- Installing: /home/jalal/web/web_ws/turtlebot_ws/install/turtlebot3_msgs/lib/python3.8/site-packages/turtlebot3_msgs/msg/_sensor_state_s.c
[11.351s] -- Installing: /home/jalal/web/web_ws/turtlebot_ws/install/turtlebot3_msgs/lib/python3.8/site-packages/turtlebot3_msgs/msg/__init__.py
[11.352s] -- Installing: /home/jalal/web/web_ws/turtlebot_ws/install/turtlebot3_msgs/lib/python3.8/site-packages/turtlebot3_msgs/msg/_version_info.py
[11.352s] -- Installing: /home/jalal/web/web_ws/turtlebot_ws/install/turtlebot3_msgs/lib/python3.8/site-packages/turtlebot3_msgs/msg/_version_info_s.c
[11.352s] -- Installing: /home/jalal/web/web_ws/turtlebot_ws/install/turtlebot3_msgs/lib/python3.8/site-packages/turtlebot3_msgs/msg/_sound_s.c
[11.352s] -- Installing: /home/jalal/web/web_ws/turtlebot_ws/install/turtlebot3_msgs/lib/python3.8/site-packages/turtlebot3_msgs/msg/_sound.py
[11.352s] -- Installing: /home/jalal/web/web_ws/turtlebot_ws/install/turtlebot3_msgs/lib/python3.8/site-packages/turtlebot3_msgs/srv
[11.352s] -- Installing: /home/jalal/web/web_ws/turtlebot_ws/install/turtlebot3_msgs/lib/python3.8/site-packages/turtlebot3_msgs/srv/__init__.py
[11.352s] -- Installing: /home/jalal/web/web_ws/turtlebot_ws/install/turtlebot3_msgs/lib/python3.8/site-packages/turtlebot3_msgs/srv/_dqn.py
[11.352s] -- Installing: /home/jalal/web/web_ws/turtlebot_ws/install/turtlebot3_msgs/lib/python3.8/site-packages/turtlebot3_msgs/srv/_dqn_s.c
[11.352s] -- Installing: /home/jalal/web/web_ws/turtlebot_ws/install/turtlebot3_msgs/lib/python3.8/site-packages/turtlebot3_msgs/srv/_sound_s.c
[11.352s] -- Installing: /home/jalal/web/web_ws/turtlebot_ws/install/turtlebot3_msgs/lib/python3.8/site-packages/turtlebot3_msgs/srv/_sound.py
[11.353s] -- Installing: /home/jalal/web/web_ws/turtlebot_ws/install/turtlebot3_msgs/lib/python3.8/site-packages/turtlebot3_msgs/action
[11.354s] -- Installing: /home/jalal/web/web_ws/turtlebot_ws/install/turtlebot3_msgs/lib/python3.8/site-packages/turtlebot3_msgs/action/__init__.py
[11.354s] -- Installing: /home/jalal/web/web_ws/turtlebot_ws/install/turtlebot3_msgs/lib/python3.8/site-packages/turtlebot3_msgs/action/_patrol.py
[11.354s] -- Installing: /home/jalal/web/web_ws/turtlebot_ws/install/turtlebot3_msgs/lib/python3.8/site-packages/turtlebot3_msgs/action/_patrol_s.c
[11.354s] -- Installing: /home/jalal/web/web_ws/turtlebot_ws/install/turtlebot3_msgs/lib/python3.8/site-packages/turtlebot3_msgs/turtlebot3_msgs_s__rosidl_typesupport_fastrtps_c.cpython-38-x86_64-linux-gnu.so
[11.355s] -- Set runtime path of "/home/jalal/web/web_ws/turtlebot_ws/install/turtlebot3_msgs/lib/python3.8/site-packages/turtlebot3_msgs/turtlebot3_msgs_s__rosidl_typesupport_fastrtps_c.cpython-38-x86_64-linux-gnu.so" to ""
[11.355s] -- Installing: /home/jalal/web/web_ws/turtlebot_ws/install/turtlebot3_msgs/lib/python3.8/site-packages/turtlebot3_msgs/turtlebot3_msgs_s__rosidl_typesupport_introspection_c.cpython-38-x86_64-linux-gnu.so
[11.356s] -- Set runtime path of "/home/jalal/web/web_ws/turtlebot_ws/install/turtlebot3_msgs/lib/python3.8/site-packages/turtlebot3_msgs/turtlebot3_msgs_s__rosidl_typesupport_introspection_c.cpython-38-x86_64-linux-gnu.so" to ""
[11.356s] -- Installing: /home/jalal/web/web_ws/turtlebot_ws/install/turtlebot3_msgs/lib/python3.8/site-packages/turtlebot3_msgs/turtlebot3_msgs_s__rosidl_typesupport_c.cpython-38-x86_64-linux-gnu.so
[11.357s] -- Set runtime path of "/home/jalal/web/web_ws/turtlebot_ws/install/turtlebot3_msgs/lib/python3.8/site-packages/turtlebot3_msgs/turtlebot3_msgs_s__rosidl_typesupport_c.cpython-38-x86_64-linux-gnu.so" to ""
[11.357s] -- Installing: /home/jalal/web/web_ws/turtlebot_ws/install/turtlebot3_msgs/lib/libturtlebot3_msgs__python.so
[11.358s] -- Set runtime path of "/home/jalal/web/web_ws/turtlebot_ws/install/turtlebot3_msgs/lib/libturtlebot3_msgs__python.so" to ""
[11.358s] -- Installing: /home/jalal/web/web_ws/turtlebot_ws/install/turtlebot3_msgs/share/turtlebot3_msgs/msg/SensorState.idl
[11.358s] -- Installing: /home/jalal/web/web_ws/turtlebot_ws/install/turtlebot3_msgs/share/turtlebot3_msgs/msg/Sound.idl
[11.358s] -- Installing: /home/jalal/web/web_ws/turtlebot_ws/install/turtlebot3_msgs/share/turtlebot3_msgs/msg/VersionInfo.idl
[11.358s] -- Installing: /home/jalal/web/web_ws/turtlebot_ws/install/turtlebot3_msgs/share/turtlebot3_msgs/srv/Sound.idl
[11.358s] -- Installing: /home/jalal/web/web_ws/turtlebot_ws/install/turtlebot3_msgs/share/turtlebot3_msgs/srv/Dqn.idl
[11.359s] -- Installing: /home/jalal/web/web_ws/turtlebot_ws/install/turtlebot3_msgs/share/turtlebot3_msgs/action/Patrol.idl
[11.359s] -- Installing: /home/jalal/web/web_ws/turtlebot_ws/install/turtlebot3_msgs/share/turtlebot3_msgs/msg/SensorState.msg
[11.359s] -- Installing: /home/jalal/web/web_ws/turtlebot_ws/install/turtlebot3_msgs/share/turtlebot3_msgs/msg/Sound.msg
[11.359s] -- Installing: /home/jalal/web/web_ws/turtlebot_ws/install/turtlebot3_msgs/share/turtlebot3_msgs/msg/VersionInfo.msg
[11.359s] -- Installing: /home/jalal/web/web_ws/turtlebot_ws/install/turtlebot3_msgs/share/turtlebot3_msgs/srv/Sound.srv
[11.359s] -- Installing: /home/jalal/web/web_ws/turtlebot_ws/install/turtlebot3_msgs/share/turtlebot3_msgs/srv/Sound_Request.msg
[11.360s] -- Installing: /home/jalal/web/web_ws/turtlebot_ws/install/turtlebot3_msgs/share/turtlebot3_msgs/srv/Sound_Response.msg
[11.360s] -- Installing: /home/jalal/web/web_ws/turtlebot_ws/install/turtlebot3_msgs/share/turtlebot3_msgs/srv/Dqn.srv
[11.360s] -- Installing: /home/jalal/web/web_ws/turtlebot_ws/install/turtlebot3_msgs/share/turtlebot3_msgs/srv/Dqn_Request.msg
[11.360s] -- Installing: /home/jalal/web/web_ws/turtlebot_ws/install/turtlebot3_msgs/share/turtlebot3_msgs/srv/Dqn_Response.msg
[11.360s] -- Installing: /home/jalal/web/web_ws/turtlebot_ws/install/turtlebot3_msgs/share/turtlebot3_msgs/action/Patrol.action
[11.360s] -- Installing: /home/jalal/web/web_ws/turtlebot_ws/install/turtlebot3_msgs/share/ament_index/resource_index/package_run_dependencies/turtlebot3_msgs
[11.361s] -- Installing: /home/jalal/web/web_ws/turtlebot_ws/install/turtlebot3_msgs/share/ament_index/resource_index/parent_prefix_path/turtlebot3_msgs
[11.361s] -- Installing: /home/jalal/web/web_ws/turtlebot_ws/install/turtlebot3_msgs/share/turtlebot3_msgs/environment/ament_prefix_path.sh
[11.361s] -- Installing: /home/jalal/web/web_ws/turtlebot_ws/install/turtlebot3_msgs/share/turtlebot3_msgs/environment/ament_prefix_path.dsv
[11.361s] -- Installing: /home/jalal/web/web_ws/turtlebot_ws/install/turtlebot3_msgs/share/turtlebot3_msgs/environment/path.sh
[11.361s] -- Installing: /home/jalal/web/web_ws/turtlebot_ws/install/turtlebot3_msgs/share/turtlebot3_msgs/environment/path.dsv
[11.362s] -- Installing: /home/jalal/web/web_ws/turtlebot_ws/install/turtlebot3_msgs/share/turtlebot3_msgs/local_setup.bash
[11.362s] -- Installing: /home/jalal/web/web_ws/turtlebot_ws/install/turtlebot3_msgs/share/turtlebot3_msgs/local_setup.sh
[11.362s] -- Installing: /home/jalal/web/web_ws/turtlebot_ws/install/turtlebot3_msgs/share/turtlebot3_msgs/local_setup.zsh
[11.362s] -- Installing: /home/jalal/web/web_ws/turtlebot_ws/install/turtlebot3_msgs/share/turtlebot3_msgs/local_setup.dsv
[11.362s] -- Installing: /home/jalal/web/web_ws/turtlebot_ws/install/turtlebot3_msgs/share/turtlebot3_msgs/package.dsv
[11.363s] -- Installing: /home/jalal/web/web_ws/turtlebot_ws/install/turtlebot3_msgs/share/ament_index/resource_index/packages/turtlebot3_msgs
[11.363s] -- Installing: /home/jalal/web/web_ws/turtlebot_ws/install/turtlebot3_msgs/share/turtlebot3_msgs/cmake/turtlebot3_msgs__rosidl_generator_cExport.cmake
[11.363s] -- Installing: /home/jalal/web/web_ws/turtlebot_ws/install/turtlebot3_msgs/share/turtlebot3_msgs/cmake/turtlebot3_msgs__rosidl_generator_cExport-noconfig.cmake
[11.363s] -- Installing: /home/jalal/web/web_ws/turtlebot_ws/install/turtlebot3_msgs/share/turtlebot3_msgs/cmake/turtlebot3_msgs__rosidl_typesupport_introspection_cExport.cmake
[11.363s] -- Installing: /home/jalal/web/web_ws/turtlebot_ws/install/turtlebot3_msgs/share/turtlebot3_msgs/cmake/turtlebot3_msgs__rosidl_typesupport_introspection_cExport-noconfig.cmake
[11.364s] -- Installing: /home/jalal/web/web_ws/turtlebot_ws/install/turtlebot3_msgs/share/turtlebot3_msgs/cmake/turtlebot3_msgs__rosidl_typesupport_cExport.cmake
[11.364s] -- Installing: /home/jalal/web/web_ws/turtlebot_ws/install/turtlebot3_msgs/share/turtlebot3_msgs/cmake/turtlebot3_msgs__rosidl_typesupport_cExport-noconfig.cmake
[11.364s] -- Installing: /home/jalal/web/web_ws/turtlebot_ws/install/turtlebot3_msgs/share/turtlebot3_msgs/cmake/turtlebot3_msgs__rosidl_generator_cppExport.cmake
[11.364s] -- Installing: /home/jalal/web/web_ws/turtlebot_ws/install/turtlebot3_msgs/share/turtlebot3_msgs/cmake/turtlebot3_msgs__rosidl_typesupport_introspection_cppExport.cmake
[11.364s] -- Installing: /home/jalal/web/web_ws/turtlebot_ws/install/turtlebot3_msgs/share/turtlebot3_msgs/cmake/turtlebot3_msgs__rosidl_typesupport_introspection_cppExport-noconfig.cmake
[11.365s] -- Installing: /home/jalal/web/web_ws/turtlebot_ws/install/turtlebot3_msgs/share/turtlebot3_msgs/cmake/turtlebot3_msgs__rosidl_typesupport_cppExport.cmake
[11.365s] -- Installing: /home/jalal/web/web_ws/turtlebot_ws/install/turtlebot3_msgs/share/turtlebot3_msgs/cmake/turtlebot3_msgs__rosidl_typesupport_cppExport-noconfig.cmake
[11.365s] -- Installing: /home/jalal/web/web_ws/turtlebot_ws/install/turtlebot3_msgs/share/turtlebot3_msgs/cmake/rosidl_cmake-extras.cmake
[11.365s] -- Installing: /home/jalal/web/web_ws/turtlebot_ws/install/turtlebot3_msgs/share/turtlebot3_msgs/cmake/ament_cmake_export_dependencies-extras.cmake
[11.366s] -- Installing: /home/jalal/web/web_ws/turtlebot_ws/install/turtlebot3_msgs/share/turtlebot3_msgs/cmake/ament_cmake_export_libraries-extras.cmake
[11.366s] -- Installing: /home/jalal/web/web_ws/turtlebot_ws/install/turtlebot3_msgs/share/turtlebot3_msgs/cmake/ament_cmake_export_targets-extras.cmake
[11.366s] -- Installing: /home/jalal/web/web_ws/turtlebot_ws/install/turtlebot3_msgs/share/turtlebot3_msgs/cmake/ament_cmake_export_include_directories-extras.cmake
[11.366s] -- Installing: /home/jalal/web/web_ws/turtlebot_ws/install/turtlebot3_msgs/share/turtlebot3_msgs/cmake/rosidl_cmake_export_typesupport_libraries-extras.cmake
[11.366s] -- Installing: /home/jalal/web/web_ws/turtlebot_ws/install/turtlebot3_msgs/share/turtlebot3_msgs/cmake/rosidl_cmake_export_typesupport_targets-extras.cmake
[11.366s] -- Installing: /home/jalal/web/web_ws/turtlebot_ws/install/turtlebot3_msgs/share/turtlebot3_msgs/cmake/turtlebot3_msgsConfig.cmake
[11.367s] -- Installing: /home/jalal/web/web_ws/turtlebot_ws/install/turtlebot3_msgs/share/turtlebot3_msgs/cmake/turtlebot3_msgsConfig-version.cmake
[11.367s] -- Installing: /home/jalal/web/web_ws/turtlebot_ws/install/turtlebot3_msgs/share/turtlebot3_msgs/package.xml
[11.375s] Invoked command in '/home/jalal/web/web_ws/turtlebot_ws/build/turtlebot3_msgs' returned '0': CMAKE_PREFIX_PATH=/opt/ros/foxy /usr/bin/cmake --install /home/jalal/web/web_ws/turtlebot_ws/build/turtlebot3_msgs
