[0.096s] Invoking command in '/home/jalal/web/web_ws/turtlebot_ws/build/turtlebot3_msgs': CMAKE_PREFIX_PATH=${CMAKE_PREFIX_PATH}:/home/jalal/web/web_ws/turtlebot_ws/install/turtlebot3_teleop:/home/jalal/web/web_ws/turtlebot_ws/install/turtlebot3_example:/opt/ros/foxy /usr/bin/cmake --build /home/jalal/web/web_ws/turtlebot_ws/build/turtlebot3_msgs -- -j12 -l12
[0.190s] [  1%] Built target turtlebot3_msgs__cpp
[0.196s] [ 12%] Built target turtlebot3_msgs__rosidl_generator_c
[0.230s] [ 23%] Built target turtlebot3_msgs__rosidl_typesupport_cpp
[0.242s] [ 35%] Built target turtlebot3_msgs__rosidl_typesupport_introspection_cpp
[0.245s] [ 56%] Built target turtlebot3_msgs__rosidl_typesupport_c
[0.246s] [ 57%] Built target turtlebot3_msgs__rosidl_typesupport_fastrtps_cpp
[0.250s] [ 69%] Built target turtlebot3_msgs__rosidl_typesupport_introspection_c
[0.289s] [ 80%] Built target turtlebot3_msgs__rosidl_typesupport_fastrtps_c
[0.316s] [ 80%] Built target turtlebot3_msgs
[0.339s] [ 81%] Built target turtlebot3_msgs__py
[0.387s] [ 91%] Built target turtlebot3_msgs__python
[0.431s] [ 94%] Built target turtlebot3_msgs__rosidl_typesupport_fastrtps_c__pyext
[0.434s] [ 98%] Built target turtlebot3_msgs__rosidl_typesupport_c__pyext
[0.435s] [100%] Built target turtlebot3_msgs__rosidl_typesupport_introspection_c__pyext
[0.476s] Invoked command in '/home/jalal/web/web_ws/turtlebot_ws/build/turtlebot3_msgs' returned '0': CMAKE_PREFIX_PATH=${CMAKE_PREFIX_PATH}:/home/jalal/web/web_ws/turtlebot_ws/install/turtlebot3_teleop:/home/jalal/web/web_ws/turtlebot_ws/install/turtlebot3_example:/opt/ros/foxy /usr/bin/cmake --build /home/jalal/web/web_ws/turtlebot_ws/build/turtlebot3_msgs -- -j12 -l12
[0.709s] Invoking command in '/home/jalal/web/web_ws/turtlebot_ws/build/turtlebot3_msgs': CMAKE_PREFIX_PATH=${CMAKE_PREFIX_PATH}:/home/jalal/web/web_ws/turtlebot_ws/install/turtlebot3_teleop:/home/jalal/web/web_ws/turtlebot_ws/install/turtlebot3_example:/opt/ros/foxy /usr/bin/cmake --install /home/jalal/web/web_ws/turtlebot_ws/build/turtlebot3_msgs
[0.733s] -- Install configuration: ""
[0.733s] -- Up-to-date: /home/jalal/web/web_ws/turtlebot_ws/install/turtlebot3_msgs/share/ament_index/resource_index/rosidl_interfaces/turtlebot3_msgs
[0.733s] -- Up-to-date: /home/jalal/web/web_ws/turtlebot_ws/install/turtlebot3_msgs/include/turtlebot3_msgs
[0.734s] -- Up-to-date: /home/jalal/web/web_ws/turtlebot_ws/install/turtlebot3_msgs/include/turtlebot3_msgs/action
[0.734s] -- Up-to-date: /home/jalal/web/web_ws/turtlebot_ws/install/turtlebot3_msgs/include/turtlebot3_msgs/action/patrol.h
[0.734s] -- Up-to-date: /home/jalal/web/web_ws/turtlebot_ws/install/turtlebot3_msgs/include/turtlebot3_msgs/action/detail
[0.734s] -- Up-to-date: /home/jalal/web/web_ws/turtlebot_ws/install/turtlebot3_msgs/include/turtlebot3_msgs/action/detail/patrol__functions.h
[0.734s] -- Up-to-date: /home/jalal/web/web_ws/turtlebot_ws/install/turtlebot3_msgs/include/turtlebot3_msgs/action/detail/patrol__struct.h
[0.734s] -- Up-to-date: /home/jalal/web/web_ws/turtlebot_ws/install/turtlebot3_msgs/include/turtlebot3_msgs/action/detail/patrol__functions.c
[0.734s] -- Up-to-date: /home/jalal/web/web_ws/turtlebot_ws/install/turtlebot3_msgs/include/turtlebot3_msgs/action/detail/patrol__type_support.h
[0.734s] -- Up-to-date: /home/jalal/web/web_ws/turtlebot_ws/install/turtlebot3_msgs/include/turtlebot3_msgs/msg
[0.734s] -- Up-to-date: /home/jalal/web/web_ws/turtlebot_ws/install/turtlebot3_msgs/include/turtlebot3_msgs/msg/sensor_state.h
[0.735s] -- Up-to-date: /home/jalal/web/web_ws/turtlebot_ws/install/turtlebot3_msgs/include/turtlebot3_msgs/msg/version_info.h
[0.735s] -- Up-to-date: /home/jalal/web/web_ws/turtlebot_ws/install/turtlebot3_msgs/include/turtlebot3_msgs/msg/sound.h
[0.735s] -- Up-to-date: /home/jalal/web/web_ws/turtlebot_ws/install/turtlebot3_msgs/include/turtlebot3_msgs/msg/detail
[0.735s] -- Up-to-date: /home/jalal/web/web_ws/turtlebot_ws/install/turtlebot3_msgs/include/turtlebot3_msgs/msg/detail/sensor_state__functions.c
[0.735s] -- Up-to-date: /home/jalal/web/web_ws/turtlebot_ws/install/turtlebot3_msgs/include/turtlebot3_msgs/msg/detail/sensor_state__type_support.h
[0.735s] -- Up-to-date: /home/jalal/web/web_ws/turtlebot_ws/install/turtlebot3_msgs/include/turtlebot3_msgs/msg/detail/sensor_state__struct.h
[0.735s] -- Up-to-date: /home/jalal/web/web_ws/turtlebot_ws/install/turtlebot3_msgs/include/turtlebot3_msgs/msg/detail/sensor_state__functions.h
[0.736s] -- Up-to-date: /home/jalal/web/web_ws/turtlebot_ws/install/turtlebot3_msgs/include/turtlebot3_msgs/msg/detail/version_info__functions.c
[0.736s] -- Up-to-date: /home/jalal/web/web_ws/turtlebot_ws/install/turtlebot3_msgs/include/turtlebot3_msgs/msg/detail/version_info__type_support.h
[0.736s] -- Up-to-date: /home/jalal/web/web_ws/turtlebot_ws/install/turtlebot3_msgs/include/turtlebot3_msgs/msg/detail/sound__functions.c
[0.736s] -- Up-to-date: /home/jalal/web/web_ws/turtlebot_ws/install/turtlebot3_msgs/include/turtlebot3_msgs/msg/detail/sound__struct.h
[0.736s] -- Up-to-date: /home/jalal/web/web_ws/turtlebot_ws/install/turtlebot3_msgs/include/turtlebot3_msgs/msg/detail/sound__functions.h
[0.736s] -- Up-to-date: /home/jalal/web/web_ws/turtlebot_ws/install/turtlebot3_msgs/include/turtlebot3_msgs/msg/detail/sound__type_support.h
[0.736s] -- Up-to-date: /home/jalal/web/web_ws/turtlebot_ws/install/turtlebot3_msgs/include/turtlebot3_msgs/msg/detail/version_info__functions.h
[0.737s] -- Up-to-date: /home/jalal/web/web_ws/turtlebot_ws/install/turtlebot3_msgs/include/turtlebot3_msgs/msg/detail/version_info__struct.h
[0.738s] -- Up-to-date: /home/jalal/web/web_ws/turtlebot_ws/install/turtlebot3_msgs/include/turtlebot3_msgs/msg/rosidl_generator_c__visibility_control.h
[0.738s] -- Up-to-date: /home/jalal/web/web_ws/turtlebot_ws/install/turtlebot3_msgs/include/turtlebot3_msgs/srv
[0.738s] -- Up-to-date: /home/jalal/web/web_ws/turtlebot_ws/install/turtlebot3_msgs/include/turtlebot3_msgs/srv/dqn.h
[0.738s] -- Up-to-date: /home/jalal/web/web_ws/turtlebot_ws/install/turtlebot3_msgs/include/turtlebot3_msgs/srv/sound.h
[0.738s] -- Up-to-date: /home/jalal/web/web_ws/turtlebot_ws/install/turtlebot3_msgs/include/turtlebot3_msgs/srv/detail
[0.738s] -- Up-to-date: /home/jalal/web/web_ws/turtlebot_ws/install/turtlebot3_msgs/include/turtlebot3_msgs/srv/detail/dqn__functions.h
[0.738s] -- Up-to-date: /home/jalal/web/web_ws/turtlebot_ws/install/turtlebot3_msgs/include/turtlebot3_msgs/srv/detail/dqn__struct.h
[0.738s] -- Up-to-date: /home/jalal/web/web_ws/turtlebot_ws/install/turtlebot3_msgs/include/turtlebot3_msgs/srv/detail/dqn__type_support.h
[0.739s] -- Up-to-date: /home/jalal/web/web_ws/turtlebot_ws/install/turtlebot3_msgs/include/turtlebot3_msgs/srv/detail/dqn__functions.c
[0.739s] -- Up-to-date: /home/jalal/web/web_ws/turtlebot_ws/install/turtlebot3_msgs/include/turtlebot3_msgs/srv/detail/sound__functions.c
[0.739s] -- Up-to-date: /home/jalal/web/web_ws/turtlebot_ws/install/turtlebot3_msgs/include/turtlebot3_msgs/srv/detail/sound__struct.h
[0.739s] -- Up-to-date: /home/jalal/web/web_ws/turtlebot_ws/install/turtlebot3_msgs/include/turtlebot3_msgs/srv/detail/sound__functions.h
[0.739s] -- Up-to-date: /home/jalal/web/web_ws/turtlebot_ws/install/turtlebot3_msgs/include/turtlebot3_msgs/srv/detail/sound__type_support.h
[0.739s] -- Up-to-date: /home/jalal/web/web_ws/turtlebot_ws/install/turtlebot3_msgs/share/turtlebot3_msgs/environment/library_path.sh
[0.739s] -- Up-to-date: /home/jalal/web/web_ws/turtlebot_ws/install/turtlebot3_msgs/share/turtlebot3_msgs/environment/library_path.dsv
[0.739s] -- Up-to-date: /home/jalal/web/web_ws/turtlebot_ws/install/turtlebot3_msgs/lib/libturtlebot3_msgs__rosidl_generator_c.so
[0.740s] -- Up-to-date: /home/jalal/web/web_ws/turtlebot_ws/install/turtlebot3_msgs/include/turtlebot3_msgs
[0.740s] -- Up-to-date: /home/jalal/web/web_ws/turtlebot_ws/install/turtlebot3_msgs/include/turtlebot3_msgs/action
[0.740s] -- Up-to-date: /home/jalal/web/web_ws/turtlebot_ws/install/turtlebot3_msgs/include/turtlebot3_msgs/action/detail
[0.740s] -- Up-to-date: /home/jalal/web/web_ws/turtlebot_ws/install/turtlebot3_msgs/include/turtlebot3_msgs/action/detail/patrol__rosidl_typesupport_fastrtps_c.h
[0.740s] -- Up-to-date: /home/jalal/web/web_ws/turtlebot_ws/install/turtlebot3_msgs/include/turtlebot3_msgs/msg
[0.740s] -- Up-to-date: /home/jalal/web/web_ws/turtlebot_ws/install/turtlebot3_msgs/include/turtlebot3_msgs/msg/rosidl_typesupport_fastrtps_c__visibility_control.h
[0.740s] -- Up-to-date: /home/jalal/web/web_ws/turtlebot_ws/install/turtlebot3_msgs/include/turtlebot3_msgs/msg/detail
[0.740s] -- Up-to-date: /home/jalal/web/web_ws/turtlebot_ws/install/turtlebot3_msgs/include/turtlebot3_msgs/msg/detail/sensor_state__rosidl_typesupport_fastrtps_c.h
[0.740s] -- Up-to-date: /home/jalal/web/web_ws/turtlebot_ws/install/turtlebot3_msgs/include/turtlebot3_msgs/msg/detail/version_info__rosidl_typesupport_fastrtps_c.h
[0.741s] -- Up-to-date: /home/jalal/web/web_ws/turtlebot_ws/install/turtlebot3_msgs/include/turtlebot3_msgs/msg/detail/sound__rosidl_typesupport_fastrtps_c.h
[0.741s] -- Up-to-date: /home/jalal/web/web_ws/turtlebot_ws/install/turtlebot3_msgs/include/turtlebot3_msgs/srv
[0.741s] -- Up-to-date: /home/jalal/web/web_ws/turtlebot_ws/install/turtlebot3_msgs/include/turtlebot3_msgs/srv/detail
[0.741s] -- Up-to-date: /home/jalal/web/web_ws/turtlebot_ws/install/turtlebot3_msgs/include/turtlebot3_msgs/srv/detail/dqn__rosidl_typesupport_fastrtps_c.h
[0.741s] -- Up-to-date: /home/jalal/web/web_ws/turtlebot_ws/install/turtlebot3_msgs/include/turtlebot3_msgs/srv/detail/sound__rosidl_typesupport_fastrtps_c.h
[0.741s] -- Up-to-date: /home/jalal/web/web_ws/turtlebot_ws/install/turtlebot3_msgs/lib/libturtlebot3_msgs__rosidl_typesupport_fastrtps_c.so
[0.742s] -- Up-to-date: /home/jalal/web/web_ws/turtlebot_ws/install/turtlebot3_msgs/include/turtlebot3_msgs
[0.744s] -- Up-to-date: /home/jalal/web/web_ws/turtlebot_ws/install/turtlebot3_msgs/include/turtlebot3_msgs/action
[0.745s] -- Up-to-date: /home/jalal/web/web_ws/turtlebot_ws/install/turtlebot3_msgs/include/turtlebot3_msgs/action/detail
[0.745s] -- Up-to-date: /home/jalal/web/web_ws/turtlebot_ws/install/turtlebot3_msgs/include/turtlebot3_msgs/action/detail/dds_fastrtps
[0.745s] -- Up-to-date: /home/jalal/web/web_ws/turtlebot_ws/install/turtlebot3_msgs/include/turtlebot3_msgs/action/detail/patrol__rosidl_typesupport_fastrtps_cpp.hpp
[0.745s] -- Up-to-date: /home/jalal/web/web_ws/turtlebot_ws/install/turtlebot3_msgs/include/turtlebot3_msgs/msg
[0.745s] -- Up-to-date: /home/jalal/web/web_ws/turtlebot_ws/install/turtlebot3_msgs/include/turtlebot3_msgs/msg/rosidl_typesupport_fastrtps_cpp__visibility_control.h
[0.745s] -- Up-to-date: /home/jalal/web/web_ws/turtlebot_ws/install/turtlebot3_msgs/include/turtlebot3_msgs/msg/detail
[0.745s] -- Up-to-date: /home/jalal/web/web_ws/turtlebot_ws/install/turtlebot3_msgs/include/turtlebot3_msgs/msg/detail/dds_fastrtps
[0.745s] -- Up-to-date: /home/jalal/web/web_ws/turtlebot_ws/install/turtlebot3_msgs/include/turtlebot3_msgs/msg/detail/sensor_state__rosidl_typesupport_fastrtps_cpp.hpp
[0.745s] -- Up-to-date: /home/jalal/web/web_ws/turtlebot_ws/install/turtlebot3_msgs/include/turtlebot3_msgs/msg/detail/sound__rosidl_typesupport_fastrtps_cpp.hpp
[0.746s] -- Up-to-date: /home/jalal/web/web_ws/turtlebot_ws/install/turtlebot3_msgs/include/turtlebot3_msgs/msg/detail/version_info__rosidl_typesupport_fastrtps_cpp.hpp
[0.746s] -- Up-to-date: /home/jalal/web/web_ws/turtlebot_ws/install/turtlebot3_msgs/include/turtlebot3_msgs/srv
[0.746s] -- Up-to-date: /home/jalal/web/web_ws/turtlebot_ws/install/turtlebot3_msgs/include/turtlebot3_msgs/srv/detail
[0.746s] -- Up-to-date: /home/jalal/web/web_ws/turtlebot_ws/install/turtlebot3_msgs/include/turtlebot3_msgs/srv/detail/dqn__rosidl_typesupport_fastrtps_cpp.hpp
[0.746s] -- Up-to-date: /home/jalal/web/web_ws/turtlebot_ws/install/turtlebot3_msgs/include/turtlebot3_msgs/srv/detail/dds_fastrtps
[0.746s] -- Up-to-date: /home/jalal/web/web_ws/turtlebot_ws/install/turtlebot3_msgs/include/turtlebot3_msgs/srv/detail/sound__rosidl_typesupport_fastrtps_cpp.hpp
[0.746s] -- Up-to-date: /home/jalal/web/web_ws/turtlebot_ws/install/turtlebot3_msgs/lib/libturtlebot3_msgs__rosidl_typesupport_fastrtps_cpp.so
[0.746s] -- Up-to-date: /home/jalal/web/web_ws/turtlebot_ws/install/turtlebot3_msgs/include/turtlebot3_msgs
[0.746s] -- Up-to-date: /home/jalal/web/web_ws/turtlebot_ws/install/turtlebot3_msgs/include/turtlebot3_msgs/action
[0.746s] -- Up-to-date: /home/jalal/web/web_ws/turtlebot_ws/install/turtlebot3_msgs/include/turtlebot3_msgs/action/detail
[0.746s] -- Up-to-date: /home/jalal/web/web_ws/turtlebot_ws/install/turtlebot3_msgs/include/turtlebot3_msgs/action/detail/patrol__rosidl_typesupport_introspection_c.h
[0.746s] -- Up-to-date: /home/jalal/web/web_ws/turtlebot_ws/install/turtlebot3_msgs/include/turtlebot3_msgs/action/detail/patrol__type_support.c
[0.746s] -- Up-to-date: /home/jalal/web/web_ws/turtlebot_ws/install/turtlebot3_msgs/include/turtlebot3_msgs/msg
[0.746s] -- Up-to-date: /home/jalal/web/web_ws/turtlebot_ws/install/turtlebot3_msgs/include/turtlebot3_msgs/msg/rosidl_typesupport_introspection_c__visibility_control.h
[0.746s] -- Up-to-date: /home/jalal/web/web_ws/turtlebot_ws/install/turtlebot3_msgs/include/turtlebot3_msgs/msg/detail
[0.747s] -- Up-to-date: /home/jalal/web/web_ws/turtlebot_ws/install/turtlebot3_msgs/include/turtlebot3_msgs/msg/detail/sound__type_support.c
[0.747s] -- Up-to-date: /home/jalal/web/web_ws/turtlebot_ws/install/turtlebot3_msgs/include/turtlebot3_msgs/msg/detail/sensor_state__type_support.c
[0.747s] -- Up-to-date: /home/jalal/web/web_ws/turtlebot_ws/install/turtlebot3_msgs/include/turtlebot3_msgs/msg/detail/sound__rosidl_typesupport_introspection_c.h
[0.747s] -- Up-to-date: /home/jalal/web/web_ws/turtlebot_ws/install/turtlebot3_msgs/include/turtlebot3_msgs/msg/detail/version_info__type_support.c
[0.747s] -- Up-to-date: /home/jalal/web/web_ws/turtlebot_ws/install/turtlebot3_msgs/include/turtlebot3_msgs/msg/detail/sensor_state__rosidl_typesupport_introspection_c.h
[0.747s] -- Up-to-date: /home/jalal/web/web_ws/turtlebot_ws/install/turtlebot3_msgs/include/turtlebot3_msgs/msg/detail/version_info__rosidl_typesupport_introspection_c.h
[0.747s] -- Up-to-date: /home/jalal/web/web_ws/turtlebot_ws/install/turtlebot3_msgs/include/turtlebot3_msgs/srv
[0.747s] -- Up-to-date: /home/jalal/web/web_ws/turtlebot_ws/install/turtlebot3_msgs/include/turtlebot3_msgs/srv/detail
[0.747s] -- Up-to-date: /home/jalal/web/web_ws/turtlebot_ws/install/turtlebot3_msgs/include/turtlebot3_msgs/srv/detail/dqn__type_support.c
[0.748s] -- Up-to-date: /home/jalal/web/web_ws/turtlebot_ws/install/turtlebot3_msgs/include/turtlebot3_msgs/srv/detail/sound__type_support.c
[0.748s] -- Up-to-date: /home/jalal/web/web_ws/turtlebot_ws/install/turtlebot3_msgs/include/turtlebot3_msgs/srv/detail/dqn__rosidl_typesupport_introspection_c.h
[0.748s] -- Up-to-date: /home/jalal/web/web_ws/turtlebot_ws/install/turtlebot3_msgs/include/turtlebot3_msgs/srv/detail/sound__rosidl_typesupport_introspection_c.h
[0.748s] -- Up-to-date: /home/jalal/web/web_ws/turtlebot_ws/install/turtlebot3_msgs/lib/libturtlebot3_msgs__rosidl_typesupport_introspection_c.so
[0.748s] -- Up-to-date: /home/jalal/web/web_ws/turtlebot_ws/install/turtlebot3_msgs/lib/libturtlebot3_msgs__rosidl_typesupport_c.so
[0.748s] -- Up-to-date: /home/jalal/web/web_ws/turtlebot_ws/install/turtlebot3_msgs/include/turtlebot3_msgs
[0.748s] -- Up-to-date: /home/jalal/web/web_ws/turtlebot_ws/install/turtlebot3_msgs/include/turtlebot3_msgs/action
[0.748s] -- Up-to-date: /home/jalal/web/web_ws/turtlebot_ws/install/turtlebot3_msgs/include/turtlebot3_msgs/action/patrol.hpp
[0.748s] -- Up-to-date: /home/jalal/web/web_ws/turtlebot_ws/install/turtlebot3_msgs/include/turtlebot3_msgs/action/detail
[0.748s] -- Up-to-date: /home/jalal/web/web_ws/turtlebot_ws/install/turtlebot3_msgs/include/turtlebot3_msgs/action/detail/patrol__struct.hpp
[0.748s] -- Up-to-date: /home/jalal/web/web_ws/turtlebot_ws/install/turtlebot3_msgs/include/turtlebot3_msgs/action/detail/patrol__traits.hpp
[0.748s] -- Up-to-date: /home/jalal/web/web_ws/turtlebot_ws/install/turtlebot3_msgs/include/turtlebot3_msgs/action/detail/patrol__builder.hpp
[0.748s] -- Up-to-date: /home/jalal/web/web_ws/turtlebot_ws/install/turtlebot3_msgs/include/turtlebot3_msgs/msg
[0.749s] -- Up-to-date: /home/jalal/web/web_ws/turtlebot_ws/install/turtlebot3_msgs/include/turtlebot3_msgs/msg/sensor_state.hpp
[0.751s] -- Up-to-date: /home/jalal/web/web_ws/turtlebot_ws/install/turtlebot3_msgs/include/turtlebot3_msgs/msg/version_info.hpp
[0.751s] -- Up-to-date: /home/jalal/web/web_ws/turtlebot_ws/install/turtlebot3_msgs/include/turtlebot3_msgs/msg/sound.hpp
[0.751s] -- Up-to-date: /home/jalal/web/web_ws/turtlebot_ws/install/turtlebot3_msgs/include/turtlebot3_msgs/msg/detail
[0.751s] -- Up-to-date: /home/jalal/web/web_ws/turtlebot_ws/install/turtlebot3_msgs/include/turtlebot3_msgs/msg/detail/sensor_state__builder.hpp
[0.751s] -- Up-to-date: /home/jalal/web/web_ws/turtlebot_ws/install/turtlebot3_msgs/include/turtlebot3_msgs/msg/detail/sensor_state__traits.hpp
[0.751s] -- Up-to-date: /home/jalal/web/web_ws/turtlebot_ws/install/turtlebot3_msgs/include/turtlebot3_msgs/msg/detail/version_info__traits.hpp
[0.751s] -- Up-to-date: /home/jalal/web/web_ws/turtlebot_ws/install/turtlebot3_msgs/include/turtlebot3_msgs/msg/detail/sound__traits.hpp
[0.752s] -- Up-to-date: /home/jalal/web/web_ws/turtlebot_ws/install/turtlebot3_msgs/include/turtlebot3_msgs/msg/detail/version_info__builder.hpp
[0.752s] -- Up-to-date: /home/jalal/web/web_ws/turtlebot_ws/install/turtlebot3_msgs/include/turtlebot3_msgs/msg/detail/sensor_state__struct.hpp
[0.752s] -- Up-to-date: /home/jalal/web/web_ws/turtlebot_ws/install/turtlebot3_msgs/include/turtlebot3_msgs/msg/detail/version_info__struct.hpp
[0.752s] -- Up-to-date: /home/jalal/web/web_ws/turtlebot_ws/install/turtlebot3_msgs/include/turtlebot3_msgs/msg/detail/sound__struct.hpp
[0.752s] -- Up-to-date: /home/jalal/web/web_ws/turtlebot_ws/install/turtlebot3_msgs/include/turtlebot3_msgs/msg/detail/sound__builder.hpp
[0.752s] -- Up-to-date: /home/jalal/web/web_ws/turtlebot_ws/install/turtlebot3_msgs/include/turtlebot3_msgs/srv
[0.752s] -- Up-to-date: /home/jalal/web/web_ws/turtlebot_ws/install/turtlebot3_msgs/include/turtlebot3_msgs/srv/dqn.hpp
[0.752s] -- Up-to-date: /home/jalal/web/web_ws/turtlebot_ws/install/turtlebot3_msgs/include/turtlebot3_msgs/srv/sound.hpp
[0.752s] -- Up-to-date: /home/jalal/web/web_ws/turtlebot_ws/install/turtlebot3_msgs/include/turtlebot3_msgs/srv/detail
[0.752s] -- Up-to-date: /home/jalal/web/web_ws/turtlebot_ws/install/turtlebot3_msgs/include/turtlebot3_msgs/srv/detail/dqn__struct.hpp
[0.752s] -- Up-to-date: /home/jalal/web/web_ws/turtlebot_ws/install/turtlebot3_msgs/include/turtlebot3_msgs/srv/detail/sound__traits.hpp
[0.752s] -- Up-to-date: /home/jalal/web/web_ws/turtlebot_ws/install/turtlebot3_msgs/include/turtlebot3_msgs/srv/detail/sound__struct.hpp
[0.752s] -- Up-to-date: /home/jalal/web/web_ws/turtlebot_ws/install/turtlebot3_msgs/include/turtlebot3_msgs/srv/detail/dqn__builder.hpp
[0.753s] -- Up-to-date: /home/jalal/web/web_ws/turtlebot_ws/install/turtlebot3_msgs/include/turtlebot3_msgs/srv/detail/dqn__traits.hpp
[0.753s] -- Up-to-date: /home/jalal/web/web_ws/turtlebot_ws/install/turtlebot3_msgs/include/turtlebot3_msgs/srv/detail/sound__builder.hpp
[0.753s] -- Up-to-date: /home/jalal/web/web_ws/turtlebot_ws/install/turtlebot3_msgs/include/turtlebot3_msgs
[0.753s] -- Up-to-date: /home/jalal/web/web_ws/turtlebot_ws/install/turtlebot3_msgs/include/turtlebot3_msgs/action
[0.753s] -- Up-to-date: /home/jalal/web/web_ws/turtlebot_ws/install/turtlebot3_msgs/include/turtlebot3_msgs/action/detail
[0.753s] -- Up-to-date: /home/jalal/web/web_ws/turtlebot_ws/install/turtlebot3_msgs/include/turtlebot3_msgs/action/detail/patrol__rosidl_typesupport_introspection_cpp.hpp
[0.753s] -- Up-to-date: /home/jalal/web/web_ws/turtlebot_ws/install/turtlebot3_msgs/include/turtlebot3_msgs/action/detail/patrol__type_support.cpp
[0.753s] -- Up-to-date: /home/jalal/web/web_ws/turtlebot_ws/install/turtlebot3_msgs/include/turtlebot3_msgs/msg
[0.753s] -- Up-to-date: /home/jalal/web/web_ws/turtlebot_ws/install/turtlebot3_msgs/include/turtlebot3_msgs/msg/detail
[0.753s] -- Up-to-date: /home/jalal/web/web_ws/turtlebot_ws/install/turtlebot3_msgs/include/turtlebot3_msgs/msg/detail/sound__type_support.cpp
[0.753s] -- Up-to-date: /home/jalal/web/web_ws/turtlebot_ws/install/turtlebot3_msgs/include/turtlebot3_msgs/msg/detail/version_info__type_support.cpp
[0.753s] -- Up-to-date: /home/jalal/web/web_ws/turtlebot_ws/install/turtlebot3_msgs/include/turtlebot3_msgs/msg/detail/sound__rosidl_typesupport_introspection_cpp.hpp
[0.753s] -- Up-to-date: /home/jalal/web/web_ws/turtlebot_ws/install/turtlebot3_msgs/include/turtlebot3_msgs/msg/detail/sensor_state__type_support.cpp
[0.753s] -- Up-to-date: /home/jalal/web/web_ws/turtlebot_ws/install/turtlebot3_msgs/include/turtlebot3_msgs/msg/detail/version_info__rosidl_typesupport_introspection_cpp.hpp
[0.754s] -- Up-to-date: /home/jalal/web/web_ws/turtlebot_ws/install/turtlebot3_msgs/include/turtlebot3_msgs/msg/detail/sensor_state__rosidl_typesupport_introspection_cpp.hpp
[0.754s] -- Up-to-date: /home/jalal/web/web_ws/turtlebot_ws/install/turtlebot3_msgs/include/turtlebot3_msgs/srv
[0.754s] -- Up-to-date: /home/jalal/web/web_ws/turtlebot_ws/install/turtlebot3_msgs/include/turtlebot3_msgs/srv/detail
[0.754s] -- Up-to-date: /home/jalal/web/web_ws/turtlebot_ws/install/turtlebot3_msgs/include/turtlebot3_msgs/srv/detail/sound__type_support.cpp
[0.754s] -- Up-to-date: /home/jalal/web/web_ws/turtlebot_ws/install/turtlebot3_msgs/include/turtlebot3_msgs/srv/detail/dqn__rosidl_typesupport_introspection_cpp.hpp
[0.754s] -- Up-to-date: /home/jalal/web/web_ws/turtlebot_ws/install/turtlebot3_msgs/include/turtlebot3_msgs/srv/detail/sound__rosidl_typesupport_introspection_cpp.hpp
[0.754s] -- Up-to-date: /home/jalal/web/web_ws/turtlebot_ws/install/turtlebot3_msgs/include/turtlebot3_msgs/srv/detail/dqn__type_support.cpp
[0.754s] -- Up-to-date: /home/jalal/web/web_ws/turtlebot_ws/install/turtlebot3_msgs/lib/libturtlebot3_msgs__rosidl_typesupport_introspection_cpp.so
[0.754s] -- Up-to-date: /home/jalal/web/web_ws/turtlebot_ws/install/turtlebot3_msgs/lib/libturtlebot3_msgs__rosidl_typesupport_cpp.so
[0.754s] -- Up-to-date: /home/jalal/web/web_ws/turtlebot_ws/install/turtlebot3_msgs/share/turtlebot3_msgs/environment/pythonpath.sh
[0.754s] -- Up-to-date: /home/jalal/web/web_ws/turtlebot_ws/install/turtlebot3_msgs/share/turtlebot3_msgs/environment/pythonpath.dsv
[0.754s] -- Up-to-date: /home/jalal/web/web_ws/turtlebot_ws/install/turtlebot3_msgs/lib/python3.8/site-packages/turtlebot3_msgs/__init__.py
[0.766s] -- Up-to-date: /home/jalal/web/web_ws/turtlebot_ws/install/turtlebot3_msgs/lib/python3.8/site-packages/turtlebot3_msgs/msg
[0.766s] -- Up-to-date: /home/jalal/web/web_ws/turtlebot_ws/install/turtlebot3_msgs/lib/python3.8/site-packages/turtlebot3_msgs/msg/_sensor_state.py
[0.766s] -- Up-to-date: /home/jalal/web/web_ws/turtlebot_ws/install/turtlebot3_msgs/lib/python3.8/site-packages/turtlebot3_msgs/msg/_sensor_state_s.c
[0.767s] -- Up-to-date: /home/jalal/web/web_ws/turtlebot_ws/install/turtlebot3_msgs/lib/python3.8/site-packages/turtlebot3_msgs/msg/__init__.py
[0.767s] -- Up-to-date: /home/jalal/web/web_ws/turtlebot_ws/install/turtlebot3_msgs/lib/python3.8/site-packages/turtlebot3_msgs/msg/_version_info.py
[0.767s] -- Up-to-date: /home/jalal/web/web_ws/turtlebot_ws/install/turtlebot3_msgs/lib/python3.8/site-packages/turtlebot3_msgs/msg/_version_info_s.c
[0.767s] -- Up-to-date: /home/jalal/web/web_ws/turtlebot_ws/install/turtlebot3_msgs/lib/python3.8/site-packages/turtlebot3_msgs/msg/_sound_s.c
[0.767s] -- Up-to-date: /home/jalal/web/web_ws/turtlebot_ws/install/turtlebot3_msgs/lib/python3.8/site-packages/turtlebot3_msgs/msg/_sound.py
[0.767s] -- Up-to-date: /home/jalal/web/web_ws/turtlebot_ws/install/turtlebot3_msgs/lib/python3.8/site-packages/turtlebot3_msgs/srv
[0.768s] -- Up-to-date: /home/jalal/web/web_ws/turtlebot_ws/install/turtlebot3_msgs/lib/python3.8/site-packages/turtlebot3_msgs/srv/__init__.py
[0.768s] -- Up-to-date: /home/jalal/web/web_ws/turtlebot_ws/install/turtlebot3_msgs/lib/python3.8/site-packages/turtlebot3_msgs/srv/_dqn.py
[0.768s] -- Up-to-date: /home/jalal/web/web_ws/turtlebot_ws/install/turtlebot3_msgs/lib/python3.8/site-packages/turtlebot3_msgs/srv/_dqn_s.c
[0.768s] -- Up-to-date: /home/jalal/web/web_ws/turtlebot_ws/install/turtlebot3_msgs/lib/python3.8/site-packages/turtlebot3_msgs/srv/_sound_s.c
[0.768s] -- Up-to-date: /home/jalal/web/web_ws/turtlebot_ws/install/turtlebot3_msgs/lib/python3.8/site-packages/turtlebot3_msgs/srv/_sound.py
[0.768s] -- Up-to-date: /home/jalal/web/web_ws/turtlebot_ws/install/turtlebot3_msgs/lib/python3.8/site-packages/turtlebot3_msgs/action
[0.768s] -- Up-to-date: /home/jalal/web/web_ws/turtlebot_ws/install/turtlebot3_msgs/lib/python3.8/site-packages/turtlebot3_msgs/action/__init__.py
[0.768s] -- Up-to-date: /home/jalal/web/web_ws/turtlebot_ws/install/turtlebot3_msgs/lib/python3.8/site-packages/turtlebot3_msgs/action/_patrol.py
[0.768s] -- Up-to-date: /home/jalal/web/web_ws/turtlebot_ws/install/turtlebot3_msgs/lib/python3.8/site-packages/turtlebot3_msgs/action/_patrol_s.c
[0.768s] -- Up-to-date: /home/jalal/web/web_ws/turtlebot_ws/install/turtlebot3_msgs/lib/python3.8/site-packages/turtlebot3_msgs/turtlebot3_msgs_s__rosidl_typesupport_fastrtps_c.cpython-38-x86_64-linux-gnu.so
[0.771s] -- Up-to-date: /home/jalal/web/web_ws/turtlebot_ws/install/turtlebot3_msgs/lib/python3.8/site-packages/turtlebot3_msgs/turtlebot3_msgs_s__rosidl_typesupport_introspection_c.cpython-38-x86_64-linux-gnu.so
[0.771s] -- Up-to-date: /home/jalal/web/web_ws/turtlebot_ws/install/turtlebot3_msgs/lib/python3.8/site-packages/turtlebot3_msgs/turtlebot3_msgs_s__rosidl_typesupport_c.cpython-38-x86_64-linux-gnu.so
[0.772s] -- Up-to-date: /home/jalal/web/web_ws/turtlebot_ws/install/turtlebot3_msgs/lib/libturtlebot3_msgs__python.so
[0.773s] -- Up-to-date: /home/jalal/web/web_ws/turtlebot_ws/install/turtlebot3_msgs/share/turtlebot3_msgs/msg/SensorState.idl
[0.773s] -- Up-to-date: /home/jalal/web/web_ws/turtlebot_ws/install/turtlebot3_msgs/share/turtlebot3_msgs/msg/Sound.idl
[0.773s] -- Up-to-date: /home/jalal/web/web_ws/turtlebot_ws/install/turtlebot3_msgs/share/turtlebot3_msgs/msg/VersionInfo.idl
[0.773s] -- Up-to-date: /home/jalal/web/web_ws/turtlebot_ws/install/turtlebot3_msgs/share/turtlebot3_msgs/srv/Sound.idl
[0.774s] -- Up-to-date: /home/jalal/web/web_ws/turtlebot_ws/install/turtlebot3_msgs/share/turtlebot3_msgs/srv/Dqn.idl
[0.774s] -- Up-to-date: /home/jalal/web/web_ws/turtlebot_ws/install/turtlebot3_msgs/share/turtlebot3_msgs/action/Patrol.idl
[0.774s] -- Up-to-date: /home/jalal/web/web_ws/turtlebot_ws/install/turtlebot3_msgs/share/turtlebot3_msgs/msg/SensorState.msg
[0.774s] -- Up-to-date: /home/jalal/web/web_ws/turtlebot_ws/install/turtlebot3_msgs/share/turtlebot3_msgs/msg/Sound.msg
[0.774s] -- Up-to-date: /home/jalal/web/web_ws/turtlebot_ws/install/turtlebot3_msgs/share/turtlebot3_msgs/msg/VersionInfo.msg
[0.774s] -- Up-to-date: /home/jalal/web/web_ws/turtlebot_ws/install/turtlebot3_msgs/share/turtlebot3_msgs/srv/Sound.srv
[0.774s] -- Up-to-date: /home/jalal/web/web_ws/turtlebot_ws/install/turtlebot3_msgs/share/turtlebot3_msgs/srv/Sound_Request.msg
[0.774s] -- Up-to-date: /home/jalal/web/web_ws/turtlebot_ws/install/turtlebot3_msgs/share/turtlebot3_msgs/srv/Sound_Response.msg
[0.775s] -- Up-to-date: /home/jalal/web/web_ws/turtlebot_ws/install/turtlebot3_msgs/share/turtlebot3_msgs/srv/Dqn.srv
[0.775s] -- Up-to-date: /home/jalal/web/web_ws/turtlebot_ws/install/turtlebot3_msgs/share/turtlebot3_msgs/srv/Dqn_Request.msg
[0.775s] -- Up-to-date: /home/jalal/web/web_ws/turtlebot_ws/install/turtlebot3_msgs/share/turtlebot3_msgs/srv/Dqn_Response.msg
[0.775s] -- Up-to-date: /home/jalal/web/web_ws/turtlebot_ws/install/turtlebot3_msgs/share/turtlebot3_msgs/action/Patrol.action
[0.775s] -- Up-to-date: /home/jalal/web/web_ws/turtlebot_ws/install/turtlebot3_msgs/share/ament_index/resource_index/package_run_dependencies/turtlebot3_msgs
[0.775s] -- Up-to-date: /home/jalal/web/web_ws/turtlebot_ws/install/turtlebot3_msgs/share/ament_index/resource_index/parent_prefix_path/turtlebot3_msgs
[0.775s] -- Up-to-date: /home/jalal/web/web_ws/turtlebot_ws/install/turtlebot3_msgs/share/turtlebot3_msgs/environment/ament_prefix_path.sh
[0.776s] -- Up-to-date: /home/jalal/web/web_ws/turtlebot_ws/install/turtlebot3_msgs/share/turtlebot3_msgs/environment/ament_prefix_path.dsv
[0.776s] -- Up-to-date: /home/jalal/web/web_ws/turtlebot_ws/install/turtlebot3_msgs/share/turtlebot3_msgs/environment/path.sh
[0.776s] -- Up-to-date: /home/jalal/web/web_ws/turtlebot_ws/install/turtlebot3_msgs/share/turtlebot3_msgs/environment/path.dsv
[0.776s] -- Up-to-date: /home/jalal/web/web_ws/turtlebot_ws/install/turtlebot3_msgs/share/turtlebot3_msgs/local_setup.bash
[0.776s] -- Up-to-date: /home/jalal/web/web_ws/turtlebot_ws/install/turtlebot3_msgs/share/turtlebot3_msgs/local_setup.sh
[0.776s] -- Up-to-date: /home/jalal/web/web_ws/turtlebot_ws/install/turtlebot3_msgs/share/turtlebot3_msgs/local_setup.zsh
[0.776s] -- Up-to-date: /home/jalal/web/web_ws/turtlebot_ws/install/turtlebot3_msgs/share/turtlebot3_msgs/local_setup.dsv
[0.776s] -- Installing: /home/jalal/web/web_ws/turtlebot_ws/install/turtlebot3_msgs/share/turtlebot3_msgs/package.dsv
[0.776s] -- Up-to-date: /home/jalal/web/web_ws/turtlebot_ws/install/turtlebot3_msgs/share/ament_index/resource_index/packages/turtlebot3_msgs
[0.778s] -- Up-to-date: /home/jalal/web/web_ws/turtlebot_ws/install/turtlebot3_msgs/share/turtlebot3_msgs/cmake/turtlebot3_msgs__rosidl_generator_cExport.cmake
[0.778s] -- Up-to-date: /home/jalal/web/web_ws/turtlebot_ws/install/turtlebot3_msgs/share/turtlebot3_msgs/cmake/turtlebot3_msgs__rosidl_generator_cExport-noconfig.cmake
[0.778s] -- Up-to-date: /home/jalal/web/web_ws/turtlebot_ws/install/turtlebot3_msgs/share/turtlebot3_msgs/cmake/turtlebot3_msgs__rosidl_typesupport_introspection_cExport.cmake
[0.778s] -- Up-to-date: /home/jalal/web/web_ws/turtlebot_ws/install/turtlebot3_msgs/share/turtlebot3_msgs/cmake/turtlebot3_msgs__rosidl_typesupport_introspection_cExport-noconfig.cmake
[0.781s] -- Up-to-date: /home/jalal/web/web_ws/turtlebot_ws/install/turtlebot3_msgs/share/turtlebot3_msgs/cmake/turtlebot3_msgs__rosidl_typesupport_cExport.cmake
[0.782s] -- Up-to-date: /home/jalal/web/web_ws/turtlebot_ws/install/turtlebot3_msgs/share/turtlebot3_msgs/cmake/turtlebot3_msgs__rosidl_typesupport_cExport-noconfig.cmake
[0.782s] -- Up-to-date: /home/jalal/web/web_ws/turtlebot_ws/install/turtlebot3_msgs/share/turtlebot3_msgs/cmake/turtlebot3_msgs__rosidl_generator_cppExport.cmake
[0.782s] -- Up-to-date: /home/jalal/web/web_ws/turtlebot_ws/install/turtlebot3_msgs/share/turtlebot3_msgs/cmake/turtlebot3_msgs__rosidl_typesupport_introspection_cppExport.cmake
[0.782s] -- Up-to-date: /home/jalal/web/web_ws/turtlebot_ws/install/turtlebot3_msgs/share/turtlebot3_msgs/cmake/turtlebot3_msgs__rosidl_typesupport_introspection_cppExport-noconfig.cmake
[0.782s] -- Up-to-date: /home/jalal/web/web_ws/turtlebot_ws/install/turtlebot3_msgs/share/turtlebot3_msgs/cmake/turtlebot3_msgs__rosidl_typesupport_cppExport.cmake
[0.782s] -- Up-to-date: /home/jalal/web/web_ws/turtlebot_ws/install/turtlebot3_msgs/share/turtlebot3_msgs/cmake/turtlebot3_msgs__rosidl_typesupport_cppExport-noconfig.cmake
[0.782s] -- Up-to-date: /home/jalal/web/web_ws/turtlebot_ws/install/turtlebot3_msgs/share/turtlebot3_msgs/cmake/rosidl_cmake-extras.cmake
[0.782s] -- Up-to-date: /home/jalal/web/web_ws/turtlebot_ws/install/turtlebot3_msgs/share/turtlebot3_msgs/cmake/ament_cmake_export_dependencies-extras.cmake
[0.782s] -- Up-to-date: /home/jalal/web/web_ws/turtlebot_ws/install/turtlebot3_msgs/share/turtlebot3_msgs/cmake/ament_cmake_export_libraries-extras.cmake
[0.782s] -- Up-to-date: /home/jalal/web/web_ws/turtlebot_ws/install/turtlebot3_msgs/share/turtlebot3_msgs/cmake/ament_cmake_export_targets-extras.cmake
[0.783s] -- Up-to-date: /home/jalal/web/web_ws/turtlebot_ws/install/turtlebot3_msgs/share/turtlebot3_msgs/cmake/ament_cmake_export_include_directories-extras.cmake
[0.784s] -- Up-to-date: /home/jalal/web/web_ws/turtlebot_ws/install/turtlebot3_msgs/share/turtlebot3_msgs/cmake/rosidl_cmake_export_typesupport_libraries-extras.cmake
[0.785s] -- Up-to-date: /home/jalal/web/web_ws/turtlebot_ws/install/turtlebot3_msgs/share/turtlebot3_msgs/cmake/rosidl_cmake_export_typesupport_targets-extras.cmake
[0.785s] -- Up-to-date: /home/jalal/web/web_ws/turtlebot_ws/install/turtlebot3_msgs/share/turtlebot3_msgs/cmake/turtlebot3_msgsConfig.cmake
[0.785s] -- Up-to-date: /home/jalal/web/web_ws/turtlebot_ws/install/turtlebot3_msgs/share/turtlebot3_msgs/cmake/turtlebot3_msgsConfig-version.cmake
[0.785s] -- Up-to-date: /home/jalal/web/web_ws/turtlebot_ws/install/turtlebot3_msgs/share/turtlebot3_msgs/package.xml
[0.788s] Invoked command in '/home/jalal/web/web_ws/turtlebot_ws/build/turtlebot3_msgs' returned '0': CMAKE_PREFIX_PATH=${CMAKE_PREFIX_PATH}:/home/jalal/web/web_ws/turtlebot_ws/install/turtlebot3_teleop:/home/jalal/web/web_ws/turtlebot_ws/install/turtlebot3_example:/opt/ros/foxy /usr/bin/cmake --install /home/jalal/web/web_ws/turtlebot_ws/build/turtlebot3_msgs
