[0.053s] Invoking command in '/home/jalal/web/web_ws/turtlebot_ws/build/turtlebot3_navigation2': CMAKE_PREFIX_PATH=/opt/ros/foxy /usr/bin/cmake /home/jalal/web/web_ws/turtlebot_ws/src/turtlebot3/turtlebot3/turtlebot3_navigation2 -DCMAKE_INSTALL_PREFIX=/home/jalal/web/web_ws/turtlebot_ws/install/turtlebot3_navigation2
[0.239s] -- The C compiler identification is GNU 9.4.0
[0.387s] -- The CXX compiler identification is GNU 9.4.0
[0.394s] -- Check for working C compiler: /usr/bin/cc
[0.488s] -- Check for working C compiler: /usr/bin/cc -- works
[0.490s] -- Detecting C compiler ABI info
[0.596s] -- Detecting C compiler ABI info - done
[0.611s] -- Detecting C compile features
[0.612s] -- Detecting C compile features - done
[0.615s] -- Check for working CXX compiler: /usr/bin/c++
[0.737s] -- Check for working CXX compiler: /usr/bin/c++ -- works
[0.739s] -- Detecting CXX compiler ABI info
[0.850s] -- Detecting CXX compiler ABI info - done
[0.868s] -- Detecting CXX compile features
[0.868s] -- Detecting CXX compile features - done
[0.872s] -- Found ament_cmake: 0.9.11 (/opt/ros/foxy/share/ament_cmake/cmake)
[0.914s] -- Found PythonInterp: /usr/bin/python3 (found suitable version "3.8.10", minimum required is "3") 
[0.914s] -- Using PYTHON_EXECUTABLE: /usr/bin/python3
[1.266s] -- Configuring done
[1.268s] -- Generating done
[1.269s] -- Build files have been written to: /home/jalal/web/web_ws/turtlebot_ws/build/turtlebot3_navigation2
[1.274s] Invoked command in '/home/jalal/web/web_ws/turtlebot_ws/build/turtlebot3_navigation2' returned '0': CMAKE_PREFIX_PATH=/opt/ros/foxy /usr/bin/cmake /home/jalal/web/web_ws/turtlebot_ws/src/turtlebot3/turtlebot3/turtlebot3_navigation2 -DCMAKE_INSTALL_PREFIX=/home/jalal/web/web_ws/turtlebot_ws/install/turtlebot3_navigation2
[1.278s] Invoking command in '/home/jalal/web/web_ws/turtlebot_ws/build/turtlebot3_navigation2': CMAKE_PREFIX_PATH=/opt/ros/foxy /usr/bin/cmake --build /home/jalal/web/web_ws/turtlebot_ws/build/turtlebot3_navigation2 -- -j12 -l12
[1.335s] Invoked command in '/home/jalal/web/web_ws/turtlebot_ws/build/turtlebot3_navigation2' returned '0': CMAKE_PREFIX_PATH=/opt/ros/foxy /usr/bin/cmake --build /home/jalal/web/web_ws/turtlebot_ws/build/turtlebot3_navigation2 -- -j12 -l12
[1.377s] Invoking command in '/home/jalal/web/web_ws/turtlebot_ws/build/turtlebot3_navigation2': CMAKE_PREFIX_PATH=/opt/ros/foxy /usr/bin/cmake --install /home/jalal/web/web_ws/turtlebot_ws/build/turtlebot3_navigation2
[1.398s] -- Install configuration: ""
[1.398s] -- Installing: /home/jalal/web/web_ws/turtlebot_ws/install/turtlebot3_navigation2/share/turtlebot3_navigation2/launch
[1.398s] -- Installing: /home/jalal/web/web_ws/turtlebot_ws/install/turtlebot3_navigation2/share/turtlebot3_navigation2/launch/navigation2.launch.py
[1.398s] -- Installing: /home/jalal/web/web_ws/turtlebot_ws/install/turtlebot3_navigation2/share/turtlebot3_navigation2/map
[1.398s] -- Installing: /home/jalal/web/web_ws/turtlebot_ws/install/turtlebot3_navigation2/share/turtlebot3_navigation2/map/turtlebot3_world.pgm
[1.399s] -- Installing: /home/jalal/web/web_ws/turtlebot_ws/install/turtlebot3_navigation2/share/turtlebot3_navigation2/map/turtlebot3_world.yaml
[1.399s] -- Installing: /home/jalal/web/web_ws/turtlebot_ws/install/turtlebot3_navigation2/share/turtlebot3_navigation2/param
[1.399s] -- Installing: /home/jalal/web/web_ws/turtlebot_ws/install/turtlebot3_navigation2/share/turtlebot3_navigation2/param/waffle.yaml
[1.399s] -- Installing: /home/jalal/web/web_ws/turtlebot_ws/install/turtlebot3_navigation2/share/turtlebot3_navigation2/param/burger.yaml
[1.399s] -- Installing: /home/jalal/web/web_ws/turtlebot_ws/install/turtlebot3_navigation2/share/turtlebot3_navigation2/param/waffle_pi.yaml
[1.399s] -- Installing: /home/jalal/web/web_ws/turtlebot_ws/install/turtlebot3_navigation2/share/turtlebot3_navigation2/rviz
[1.399s] -- Installing: /home/jalal/web/web_ws/turtlebot_ws/install/turtlebot3_navigation2/share/turtlebot3_navigation2/rviz/tb3_navigation2.rviz
[1.399s] -- Installing: /home/jalal/web/web_ws/turtlebot_ws/install/turtlebot3_navigation2/share/ament_index/resource_index/package_run_dependencies/turtlebot3_navigation2
[1.399s] -- Installing: /home/jalal/web/web_ws/turtlebot_ws/install/turtlebot3_navigation2/share/ament_index/resource_index/parent_prefix_path/turtlebot3_navigation2
[1.399s] -- Installing: /home/jalal/web/web_ws/turtlebot_ws/install/turtlebot3_navigation2/share/turtlebot3_navigation2/environment/ament_prefix_path.sh
[1.400s] -- Installing: /home/jalal/web/web_ws/turtlebot_ws/install/turtlebot3_navigation2/share/turtlebot3_navigation2/environment/ament_prefix_path.dsv
[1.400s] -- Installing: /home/jalal/web/web_ws/turtlebot_ws/install/turtlebot3_navigation2/share/turtlebot3_navigation2/environment/path.sh
[1.400s] -- Installing: /home/jalal/web/web_ws/turtlebot_ws/install/turtlebot3_navigation2/share/turtlebot3_navigation2/environment/path.dsv
[1.400s] -- Installing: /home/jalal/web/web_ws/turtlebot_ws/install/turtlebot3_navigation2/share/turtlebot3_navigation2/local_setup.bash
[1.400s] -- Installing: /home/jalal/web/web_ws/turtlebot_ws/install/turtlebot3_navigation2/share/turtlebot3_navigation2/local_setup.sh
[1.400s] -- Installing: /home/jalal/web/web_ws/turtlebot_ws/install/turtlebot3_navigation2/share/turtlebot3_navigation2/local_setup.zsh
[1.401s] -- Installing: /home/jalal/web/web_ws/turtlebot_ws/install/turtlebot3_navigation2/share/turtlebot3_navigation2/local_setup.dsv
[1.401s] -- Installing: /home/jalal/web/web_ws/turtlebot_ws/install/turtlebot3_navigation2/share/turtlebot3_navigation2/package.dsv
[1.401s] -- Installing: /home/jalal/web/web_ws/turtlebot_ws/install/turtlebot3_navigation2/share/ament_index/resource_index/packages/turtlebot3_navigation2
[1.401s] -- Installing: /home/jalal/web/web_ws/turtlebot_ws/install/turtlebot3_navigation2/share/turtlebot3_navigation2/cmake/turtlebot3_navigation2Config.cmake
[1.401s] -- Installing: /home/jalal/web/web_ws/turtlebot_ws/install/turtlebot3_navigation2/share/turtlebot3_navigation2/cmake/turtlebot3_navigation2Config-version.cmake
[1.401s] -- Installing: /home/jalal/web/web_ws/turtlebot_ws/install/turtlebot3_navigation2/share/turtlebot3_navigation2/package.xml
[1.427s] Invoked command in '/home/jalal/web/web_ws/turtlebot_ws/build/turtlebot3_navigation2' returned '0': CMAKE_PREFIX_PATH=/opt/ros/foxy /usr/bin/cmake --install /home/jalal/web/web_ws/turtlebot_ws/build/turtlebot3_navigation2
