[0.020s] Invoking command in '/home/jalal/web/web_ws/turtlebot_ws/build/dynamixel_sdk_examples': AMENT_PREFIX_PATH=/home/jalal/web/web_ws/turtlebot_ws/install/dynamixel_sdk_custom_interfaces:/home/jalal/web/web_ws/turtlebot_ws/install/dynamixel_sdk:${AMENT_PREFIX_PATH} CMAKE_PREFIX_PATH=/home/jalal/web/web_ws/turtlebot_ws/install/dynamixel_sdk_custom_interfaces:/home/jalal/web/web_ws/turtlebot_ws/install/dynamixel_sdk:/opt/ros/foxy LD_LIBRARY_PATH=/home/jalal/web/web_ws/turtlebot_ws/install/dynamixel_sdk_custom_interfaces/lib:/home/jalal/web/web_ws/turtlebot_ws/install/dynamixel_sdk/lib:${LD_LIBRARY_PATH} PYTHONPATH=/home/jalal/web/web_ws/turtlebot_ws/install/dynamixel_sdk_custom_interfaces/lib/python3.8/site-packages:${PYTHONPATH} /usr/bin/cmake /home/jalal/web/web_ws/turtlebot_ws/src/utils/DynamixelSDK/dynamixel_sdk_examples -DCMAKE_INSTALL_PREFIX=/home/jalal/web/web_ws/turtlebot_ws/install/dynamixel_sdk_examples
[0.089s] -- The C compiler identification is GNU 9.4.0
[0.149s] -- The CXX compiler identification is GNU 9.4.0
[0.154s] -- Check for working C compiler: /usr/bin/cc
[0.245s] -- Check for working C compiler: /usr/bin/cc -- works
[0.246s] -- Detecting C compiler ABI info
[0.378s] -- Detecting C compiler ABI info - done
[0.397s] -- Detecting C compile features
[0.398s] -- Detecting C compile features - done
[0.403s] -- Check for working CXX compiler: /usr/bin/c++
[0.580s] -- Check for working CXX compiler: /usr/bin/c++ -- works
[0.584s] -- Detecting CXX compiler ABI info
[0.843s] -- Detecting CXX compiler ABI info - done
[0.856s] -- Detecting CXX compile features
[0.857s] -- Detecting CXX compile features - done
[0.860s] -- Found ament_cmake: 0.9.11 (/opt/ros/foxy/share/ament_cmake/cmake)
[0.893s] -- Found PythonInterp: /usr/bin/python3 (found suitable version "3.8.10", minimum required is "3") 
[0.893s] -- Using PYTHON_EXECUTABLE: /usr/bin/python3
[1.190s] -- Found dynamixel_sdk: 3.7.40 (/home/jalal/web/web_ws/turtlebot_ws/install/dynamixel_sdk/share/dynamixel_sdk/cmake)
[1.191s] -- Found dynamixel_sdk_custom_interfaces: 3.7.40 (/home/jalal/web/web_ws/turtlebot_ws/install/dynamixel_sdk_custom_interfaces/share/dynamixel_sdk_custom_interfaces/cmake)
[1.232s] -- Using all available rosidl_typesupport_c: rosidl_typesupport_fastrtps_c;rosidl_typesupport_introspection_c
[1.241s] -- Found rosidl_adapter: 1.3.0 (/opt/ros/foxy/share/rosidl_adapter/cmake)
[1.425s] -- Found OpenSSL: /usr/lib/x86_64-linux-gnu/libcrypto.so (found version "1.1.1f")  
[1.498s] -- Found FastRTPS: /opt/ros/foxy/include  
[1.592s] -- Using all available rosidl_typesupport_cpp: rosidl_typesupport_fastrtps_cpp;rosidl_typesupport_introspection_cpp
[1.645s] -- Found rclcpp: 2.4.2 (/opt/ros/foxy/share/rclcpp/cmake)
[1.691s] -- Found rmw_implementation_cmake: 1.0.4 (/opt/ros/foxy/share/rmw_implementation_cmake/cmake)
[1.692s] -- Using RMW implementation 'rmw_fastrtps_cpp' as default
[1.693s] -- Looking for pthread.h
[1.875s] -- Looking for pthread.h - found
[1.876s] -- Performing Test CMAKE_HAVE_LIBC_PTHREAD
[2.017s] -- Performing Test CMAKE_HAVE_LIBC_PTHREAD - Failed
[2.017s] -- Looking for pthread_create in pthreads
[2.086s] -- Looking for pthread_create in pthreads - not found
[2.086s] -- Looking for pthread_create in pthread
[2.222s] -- Looking for pthread_create in pthread - found
[2.223s] -- Found Threads: TRUE  
[2.483s] -- Found ament_lint_auto: 0.9.8 (/opt/ros/foxy/share/ament_lint_auto/cmake)
[2.697s] -- Added test 'copyright' to check source files copyright and LICENSE
[2.699s] -- Added test 'cppcheck' to perform static code analysis on C / C++ code
[2.700s] -- Configured cppcheck include dirs: /home/jalal/web/web_ws/turtlebot_ws/src/utils/DynamixelSDK/dynamixel_sdk_examples/include
[2.700s] -- Configured cppcheck exclude dirs and/or files: 
[2.701s] -- Added test 'cpplint' to check C / C++ code against the Google style
[2.701s] -- Configured cpplint exclude dirs and/or files: 
[2.702s] -- Added test 'lint_cmake' to check CMake code style
[2.704s] -- Added test 'uncrustify' to check C / C++ code style
[2.704s] -- Configured uncrustify additional arguments: 
[2.705s] -- Added test 'xmllint' to check XML markup files
[2.709s] -- Configuring done
[2.721s] -- Generating done
[2.723s] -- Build files have been written to: /home/jalal/web/web_ws/turtlebot_ws/build/dynamixel_sdk_examples
[2.740s] Invoked command in '/home/jalal/web/web_ws/turtlebot_ws/build/dynamixel_sdk_examples' returned '0': AMENT_PREFIX_PATH=/home/jalal/web/web_ws/turtlebot_ws/install/dynamixel_sdk_custom_interfaces:/home/jalal/web/web_ws/turtlebot_ws/install/dynamixel_sdk:${AMENT_PREFIX_PATH} CMAKE_PREFIX_PATH=/home/jalal/web/web_ws/turtlebot_ws/install/dynamixel_sdk_custom_interfaces:/home/jalal/web/web_ws/turtlebot_ws/install/dynamixel_sdk:/opt/ros/foxy LD_LIBRARY_PATH=/home/jalal/web/web_ws/turtlebot_ws/install/dynamixel_sdk_custom_interfaces/lib:/home/jalal/web/web_ws/turtlebot_ws/install/dynamixel_sdk/lib:${LD_LIBRARY_PATH} PYTHONPATH=/home/jalal/web/web_ws/turtlebot_ws/install/dynamixel_sdk_custom_interfaces/lib/python3.8/site-packages:${PYTHONPATH} /usr/bin/cmake /home/jalal/web/web_ws/turtlebot_ws/src/utils/DynamixelSDK/dynamixel_sdk_examples -DCMAKE_INSTALL_PREFIX=/home/jalal/web/web_ws/turtlebot_ws/install/dynamixel_sdk_examples
[2.742s] Invoking command in '/home/jalal/web/web_ws/turtlebot_ws/build/dynamixel_sdk_examples': AMENT_PREFIX_PATH=/home/jalal/web/web_ws/turtlebot_ws/install/dynamixel_sdk_custom_interfaces:/home/jalal/web/web_ws/turtlebot_ws/install/dynamixel_sdk:${AMENT_PREFIX_PATH} CMAKE_PREFIX_PATH=/home/jalal/web/web_ws/turtlebot_ws/install/dynamixel_sdk_custom_interfaces:/home/jalal/web/web_ws/turtlebot_ws/install/dynamixel_sdk:/opt/ros/foxy LD_LIBRARY_PATH=/home/jalal/web/web_ws/turtlebot_ws/install/dynamixel_sdk_custom_interfaces/lib:/home/jalal/web/web_ws/turtlebot_ws/install/dynamixel_sdk/lib:${LD_LIBRARY_PATH} PYTHONPATH=/home/jalal/web/web_ws/turtlebot_ws/install/dynamixel_sdk_custom_interfaces/lib/python3.8/site-packages:${PYTHONPATH} /usr/bin/cmake --build /home/jalal/web/web_ws/turtlebot_ws/build/dynamixel_sdk_examples -- -j12 -l12
[2.799s] [35m[1mScanning dependencies of target read_write_node[0m
[2.838s] [ 50%] [32mBuilding CXX object CMakeFiles/read_write_node.dir/src/read_write_node.cpp.o[0m
[12.925s] [100%] [32m[1mLinking CXX executable read_write_node[0m
[14.265s] [100%] Built target read_write_node
[14.325s] Invoked command in '/home/jalal/web/web_ws/turtlebot_ws/build/dynamixel_sdk_examples' returned '0': AMENT_PREFIX_PATH=/home/jalal/web/web_ws/turtlebot_ws/install/dynamixel_sdk_custom_interfaces:/home/jalal/web/web_ws/turtlebot_ws/install/dynamixel_sdk:${AMENT_PREFIX_PATH} CMAKE_PREFIX_PATH=/home/jalal/web/web_ws/turtlebot_ws/install/dynamixel_sdk_custom_interfaces:/home/jalal/web/web_ws/turtlebot_ws/install/dynamixel_sdk:/opt/ros/foxy LD_LIBRARY_PATH=/home/jalal/web/web_ws/turtlebot_ws/install/dynamixel_sdk_custom_interfaces/lib:/home/jalal/web/web_ws/turtlebot_ws/install/dynamixel_sdk/lib:${LD_LIBRARY_PATH} PYTHONPATH=/home/jalal/web/web_ws/turtlebot_ws/install/dynamixel_sdk_custom_interfaces/lib/python3.8/site-packages:${PYTHONPATH} /usr/bin/cmake --build /home/jalal/web/web_ws/turtlebot_ws/build/dynamixel_sdk_examples -- -j12 -l12
[14.739s] Invoking command in '/home/jalal/web/web_ws/turtlebot_ws/build/dynamixel_sdk_examples': AMENT_PREFIX_PATH=/home/jalal/web/web_ws/turtlebot_ws/install/dynamixel_sdk_custom_interfaces:/home/jalal/web/web_ws/turtlebot_ws/install/dynamixel_sdk:${AMENT_PREFIX_PATH} CMAKE_PREFIX_PATH=/home/jalal/web/web_ws/turtlebot_ws/install/dynamixel_sdk_custom_interfaces:/home/jalal/web/web_ws/turtlebot_ws/install/dynamixel_sdk:/opt/ros/foxy LD_LIBRARY_PATH=/home/jalal/web/web_ws/turtlebot_ws/install/dynamixel_sdk_custom_interfaces/lib:/home/jalal/web/web_ws/turtlebot_ws/install/dynamixel_sdk/lib:${LD_LIBRARY_PATH} PYTHONPATH=/home/jalal/web/web_ws/turtlebot_ws/install/dynamixel_sdk_custom_interfaces/lib/python3.8/site-packages:${PYTHONPATH} /usr/bin/cmake --install /home/jalal/web/web_ws/turtlebot_ws/build/dynamixel_sdk_examples
[14.803s] -- Install configuration: ""
[14.804s] -- Installing: /home/jalal/web/web_ws/turtlebot_ws/install/dynamixel_sdk_examples/lib/dynamixel_sdk_examples/read_write_node
[14.810s] -- Set runtime path of "/home/jalal/web/web_ws/turtlebot_ws/install/dynamixel_sdk_examples/lib/dynamixel_sdk_examples/read_write_node" to ""
[14.822s] -- Installing: /home/jalal/web/web_ws/turtlebot_ws/install/dynamixel_sdk_examples/share/ament_index/resource_index/package_run_dependencies/dynamixel_sdk_examples
[14.822s] -- Installing: /home/jalal/web/web_ws/turtlebot_ws/install/dynamixel_sdk_examples/share/ament_index/resource_index/parent_prefix_path/dynamixel_sdk_examples
[14.822s] -- Installing: /home/jalal/web/web_ws/turtlebot_ws/install/dynamixel_sdk_examples/share/dynamixel_sdk_examples/environment/ament_prefix_path.sh
[14.823s] -- Installing: /home/jalal/web/web_ws/turtlebot_ws/install/dynamixel_sdk_examples/share/dynamixel_sdk_examples/environment/ament_prefix_path.dsv
[14.823s] -- Installing: /home/jalal/web/web_ws/turtlebot_ws/install/dynamixel_sdk_examples/share/dynamixel_sdk_examples/environment/path.sh
[14.823s] -- Installing: /home/jalal/web/web_ws/turtlebot_ws/install/dynamixel_sdk_examples/share/dynamixel_sdk_examples/environment/path.dsv
[14.823s] -- Installing: /home/jalal/web/web_ws/turtlebot_ws/install/dynamixel_sdk_examples/share/dynamixel_sdk_examples/local_setup.bash
[14.823s] -- Installing: /home/jalal/web/web_ws/turtlebot_ws/install/dynamixel_sdk_examples/share/dynamixel_sdk_examples/local_setup.sh
[14.823s] -- Installing: /home/jalal/web/web_ws/turtlebot_ws/install/dynamixel_sdk_examples/share/dynamixel_sdk_examples/local_setup.zsh
[14.823s] -- Installing: /home/jalal/web/web_ws/turtlebot_ws/install/dynamixel_sdk_examples/share/dynamixel_sdk_examples/local_setup.dsv
[14.823s] -- Installing: /home/jalal/web/web_ws/turtlebot_ws/install/dynamixel_sdk_examples/share/dynamixel_sdk_examples/package.dsv
[14.823s] -- Installing: /home/jalal/web/web_ws/turtlebot_ws/install/dynamixel_sdk_examples/share/ament_index/resource_index/packages/dynamixel_sdk_examples
[14.823s] -- Installing: /home/jalal/web/web_ws/turtlebot_ws/install/dynamixel_sdk_examples/share/dynamixel_sdk_examples/cmake/dynamixel_sdk_examplesConfig.cmake
[14.823s] -- Installing: /home/jalal/web/web_ws/turtlebot_ws/install/dynamixel_sdk_examples/share/dynamixel_sdk_examples/cmake/dynamixel_sdk_examplesConfig-version.cmake
[14.825s] -- Installing: /home/jalal/web/web_ws/turtlebot_ws/install/dynamixel_sdk_examples/share/dynamixel_sdk_examples/package.xml
[14.836s] Invoked command in '/home/jalal/web/web_ws/turtlebot_ws/build/dynamixel_sdk_examples' returned '0': AMENT_PREFIX_PATH=/home/jalal/web/web_ws/turtlebot_ws/install/dynamixel_sdk_custom_interfaces:/home/jalal/web/web_ws/turtlebot_ws/install/dynamixel_sdk:${AMENT_PREFIX_PATH} CMAKE_PREFIX_PATH=/home/jalal/web/web_ws/turtlebot_ws/install/dynamixel_sdk_custom_interfaces:/home/jalal/web/web_ws/turtlebot_ws/install/dynamixel_sdk:/opt/ros/foxy LD_LIBRARY_PATH=/home/jalal/web/web_ws/turtlebot_ws/install/dynamixel_sdk_custom_interfaces/lib:/home/jalal/web/web_ws/turtlebot_ws/install/dynamixel_sdk/lib:${LD_LIBRARY_PATH} PYTHONPATH=/home/jalal/web/web_ws/turtlebot_ws/install/dynamixel_sdk_custom_interfaces/lib/python3.8/site-packages:${PYTHONPATH} /usr/bin/cmake --install /home/jalal/web/web_ws/turtlebot_ws/build/dynamixel_sdk_examples
