[0.020s] Invoking command in '/home/jalal/ros2_ws/build/two_wheeled_robot': CMAKE_PREFIX_PATH=/opt/ros/foxy /usr/bin/cmake /home/jalal/ros2_ws/src/two_wheeled_robot -DCMAKE_INSTALL_PREFIX=/home/jalal/ros2_ws/install/two_wheeled_robot
[0.249s] -- The C compiler identification is GNU 9.4.0
[0.413s] -- The CXX compiler identification is GNU 9.4.0
[0.422s] -- Check for working C compiler: /usr/bin/cc
[0.540s] -- Check for working C compiler: /usr/bin/cc -- works
[0.543s] -- Detecting C compiler ABI info
[0.659s] -- Detecting C compiler ABI info - done
[0.675s] -- Detecting C compile features
[0.676s] -- Detecting C compile features - done
[0.680s] -- Check for working CXX compiler: /usr/bin/c++
[0.805s] -- Check for working CXX compiler: /usr/bin/c++ -- works
[0.808s] -- Detecting CXX compiler ABI info
[0.934s] -- Detecting CXX compiler ABI info - done
[0.954s] -- Detecting CXX compile features
[0.955s] -- Detecting CXX compile features - done
[0.965s] -- Found ament_cmake: 0.9.11 (/opt/ros/foxy/share/ament_cmake/cmake)
[1.003s] -- Found PythonInterp: /usr/bin/python3 (found suitable version "3.8.10", minimum required is "3") 
[1.004s] -- Using PYTHON_EXECUTABLE: /usr/bin/python3
[1.277s] -- Found rclcpp: 2.4.2 (/opt/ros/foxy/share/rclcpp/cmake)
[1.354s] -- Using all available rosidl_typesupport_c: rosidl_typesupport_fastrtps_c;rosidl_typesupport_introspection_c
[1.366s] -- Found rosidl_adapter: 1.3.0 (/opt/ros/foxy/share/rosidl_adapter/cmake)
[1.519s] -- Found OpenSSL: /usr/lib/x86_64-linux-gnu/libcrypto.so (found version "1.1.1f")  
[1.565s] -- Found FastRTPS: /opt/ros/foxy/include  
[1.685s] -- Using all available rosidl_typesupport_cpp: rosidl_typesupport_fastrtps_cpp;rosidl_typesupport_introspection_cpp
[1.771s] -- Found rmw_implementation_cmake: 1.0.4 (/opt/ros/foxy/share/rmw_implementation_cmake/cmake)
[1.774s] -- Using RMW implementation 'rmw_fastrtps_cpp' as default
[1.776s] -- Looking for pthread.h
[1.885s] -- Looking for pthread.h - found
[1.885s] -- Performing Test CMAKE_HAVE_LIBC_PTHREAD
[1.992s] -- Performing Test CMAKE_HAVE_LIBC_PTHREAD - Failed
[1.992s] -- Looking for pthread_create in pthreads
[2.085s] -- Looking for pthread_create in pthreads - not found
[2.085s] -- Looking for pthread_create in pthread
[2.186s] -- Looking for pthread_create in pthread - found
[2.188s] -- Found Threads: TRUE  
[2.417s] -- Found rclpy: 1.0.12 (/opt/ros/foxy/share/rclpy/cmake)
[2.419s] -- Found geometry_msgs: 2.0.5 (/opt/ros/foxy/share/geometry_msgs/cmake)
[2.472s] -- Found nav_msgs: 2.0.5 (/opt/ros/foxy/share/nav_msgs/cmake)
[2.581s] -- Found sensor_msgs: 2.0.5 (/opt/ros/foxy/share/sensor_msgs/cmake)
[2.690s] -- Found action_msgs: 1.0.0 (/opt/ros/foxy/share/action_msgs/cmake)
[2.790s] -- Found ament_lint_auto: 0.9.8 (/opt/ros/foxy/share/ament_lint_auto/cmake)
[2.891s] -- Added test 'copyright' to check source files copyright and LICENSE
[3.277s] -- Added test 'flake8' to check Python code syntax and style conventions
[3.320s] -- Added test 'lint_cmake' to check CMake code style
[3.342s] -- Added test 'pep257' to check Python code against some of the style conventions in PEP 257
[3.536s] -- Added test 'xmllint' to check XML markup files
[3.547s] -- Configuring done
[3.551s] -- Generating done
[3.553s] -- Build files have been written to: /home/jalal/ros2_ws/build/two_wheeled_robot
[3.562s] Invoked command in '/home/jalal/ros2_ws/build/two_wheeled_robot' returned '0': CMAKE_PREFIX_PATH=/opt/ros/foxy /usr/bin/cmake /home/jalal/ros2_ws/src/two_wheeled_robot -DCMAKE_INSTALL_PREFIX=/home/jalal/ros2_ws/install/two_wheeled_robot
[3.566s] Invoking command in '/home/jalal/ros2_ws/build/two_wheeled_robot': CMAKE_PREFIX_PATH=/opt/ros/foxy /usr/bin/cmake --build /home/jalal/ros2_ws/build/two_wheeled_robot -- -j12 -l12
[3.621s] Invoked command in '/home/jalal/ros2_ws/build/two_wheeled_robot' returned '0': CMAKE_PREFIX_PATH=/opt/ros/foxy /usr/bin/cmake --build /home/jalal/ros2_ws/build/two_wheeled_robot -- -j12 -l12
[3.673s] Invoking command in '/home/jalal/ros2_ws/build/two_wheeled_robot': CMAKE_PREFIX_PATH=/opt/ros/foxy /usr/bin/cmake --install /home/jalal/ros2_ws/build/two_wheeled_robot
[3.687s] -- Install configuration: ""
[3.687s] -- Installing: /home/jalal/ros2_ws/install/two_wheeled_robot/share/two_wheeled_robot/config
[3.687s] -- Installing: /home/jalal/ros2_ws/install/two_wheeled_robot/share/two_wheeled_robot/config/ekf_urdf.yaml
[3.687s] -- Installing: /home/jalal/ros2_ws/install/two_wheeled_robot/share/two_wheeled_robot/config/ekf.yaml
[3.687s] CMake Error at cmake_install.cmake:41 (file):
[3.687s]   file INSTALL cannot find
[3.688s]   "/home/jalal/ros2_ws/src/two_wheeled_robot/include": No such file or
[3.688s]   directory.
[3.688s] 
[3.688s] 
[3.689s] Invoked command in '/home/jalal/ros2_ws/build/two_wheeled_robot' returned '1': CMAKE_PREFIX_PATH=/opt/ros/foxy /usr/bin/cmake --install /home/jalal/ros2_ws/build/two_wheeled_robot
