[0.829s] Invoking command in '/home/jalal/web/web_ws/turtlebot_ws/src/turtlebot3/turtlebot3/turtlebot3_teleop': PYTHONPATH=/home/jalal/web/web_ws/turtlebot_ws/build/turtlebot3_teleop/prefix_override:/home/jalal/web/web_ws/turtlebot_ws/install/turtlebot3_teleop/lib/python3.8/site-packages:${PYTHONPATH} /usr/bin/python3 setup.py egg_info --egg-base ../../../../build/turtlebot3_teleop build --build-base /home/jalal/web/web_ws/turtlebot_ws/build/turtlebot3_teleop/build install --record /home/jalal/web/web_ws/turtlebot_ws/build/turtlebot3_teleop/install.log --single-version-externally-managed
[1.015s] running egg_info
[1.016s] writing ../../../../build/turtlebot3_teleop/turtlebot3_teleop.egg-info/PKG-INFO
[1.016s] writing dependency_links to ../../../../build/turtlebot3_teleop/turtlebot3_teleop.egg-info/dependency_links.txt
[1.016s] writing entry points to ../../../../build/turtlebot3_teleop/turtlebot3_teleop.egg-info/entry_points.txt
[1.016s] writing requirements to ../../../../build/turtlebot3_teleop/turtlebot3_teleop.egg-info/requires.txt
[1.016s] writing top-level names to ../../../../build/turtlebot3_teleop/turtlebot3_teleop.egg-info/top_level.txt
[1.046s] reading manifest file '../../../../build/turtlebot3_teleop/turtlebot3_teleop.egg-info/SOURCES.txt'
[1.047s] writing manifest file '../../../../build/turtlebot3_teleop/turtlebot3_teleop.egg-info/SOURCES.txt'
[1.047s] running build
[1.047s] running build_py
[1.048s] running install
[1.049s] running install_lib
[1.051s] running install_data
[1.052s] running install_egg_info
[1.054s] removing '/home/jalal/web/web_ws/turtlebot_ws/install/turtlebot3_teleop/lib/python3.8/site-packages/turtlebot3_teleop-2.1.4-py3.8.egg-info' (and everything under it)
[1.054s] Copying ../../../../build/turtlebot3_teleop/turtlebot3_teleop.egg-info to /home/jalal/web/web_ws/turtlebot_ws/install/turtlebot3_teleop/lib/python3.8/site-packages/turtlebot3_teleop-2.1.4-py3.8.egg-info
[1.055s] running install_scripts
[1.069s] Installing teleop_keyboard script to /home/jalal/web/web_ws/turtlebot_ws/install/turtlebot3_teleop/lib/turtlebot3_teleop
[1.070s] writing list of installed files to '/home/jalal/web/web_ws/turtlebot_ws/build/turtlebot3_teleop/install.log'
[1.192s] Invoked command in '/home/jalal/web/web_ws/turtlebot_ws/src/turtlebot3/turtlebot3/turtlebot3_teleop' returned '0': PYTHONPATH=/home/jalal/web/web_ws/turtlebot_ws/build/turtlebot3_teleop/prefix_override:/home/jalal/web/web_ws/turtlebot_ws/install/turtlebot3_teleop/lib/python3.8/site-packages:${PYTHONPATH} /usr/bin/python3 setup.py egg_info --egg-base ../../../../build/turtlebot3_teleop build --build-base /home/jalal/web/web_ws/turtlebot_ws/build/turtlebot3_teleop/build install --record /home/jalal/web/web_ws/turtlebot_ws/build/turtlebot3_teleop/install.log --single-version-externally-managed
