[0.021s] Invoking command in '/home/jalal/web/web_ws/turtlebot_ws/build/turtlebot3_bringup': AMENT_PREFIX_PATH=/home/jalal/web/web_ws/turtlebot_ws/install/turtlebot3_node:/home/jalal/web/web_ws/turtlebot_ws/install/turtlebot3_msgs:/home/jalal/web/web_ws/turtlebot_ws/install/turtlebot3_description:/home/jalal/web/web_ws/turtlebot_ws/install/hls_lfcd_lds_driver:/home/jalal/web/web_ws/turtlebot_ws/install/dynamixel_sdk:${AMENT_PREFIX_PATH} CMAKE_PREFIX_PATH=/home/jalal/web/web_ws/turtlebot_ws/install/turtlebot3_node:/home/jalal/web/web_ws/turtlebot_ws/install/turtlebot3_msgs:/home/jalal/web/web_ws/turtlebot_ws/install/turtlebot3_description:/home/jalal/web/web_ws/turtlebot_ws/install/hls_lfcd_lds_driver:/home/jalal/web/web_ws/turtlebot_ws/install/dynamixel_sdk:/opt/ros/foxy LD_LIBRARY_PATH=/home/jalal/web/web_ws/turtlebot_ws/install/turtlebot3_msgs/lib:/home/jalal/web/web_ws/turtlebot_ws/install/dynamixel_sdk/lib:${LD_LIBRARY_PATH} PYTHONPATH=/home/jalal/web/web_ws/turtlebot_ws/install/turtlebot3_msgs/lib/python3.8/site-packages:${PYTHONPATH} /usr/bin/cmake /home/jalal/web/web_ws/turtlebot_ws/src/turtlebot3/turtlebot3/turtlebot3_bringup -DCMAKE_INSTALL_PREFIX=/home/jalal/web/web_ws/turtlebot_ws/install/turtlebot3_bringup
[0.094s] -- The C compiler identification is GNU 9.4.0
[0.160s] -- The CXX compiler identification is GNU 9.4.0
[0.169s] -- Check for working C compiler: /usr/bin/cc
[0.256s] -- Check for working C compiler: /usr/bin/cc -- works
[0.258s] -- Detecting C compiler ABI info
[0.348s] -- Detecting C compiler ABI info - done
[0.360s] -- Detecting C compile features
[0.360s] -- Detecting C compile features - done
[0.362s] -- Check for working CXX compiler: /usr/bin/c++
[0.458s] -- Check for working CXX compiler: /usr/bin/c++ -- works
[0.459s] -- Detecting CXX compiler ABI info
[0.566s] -- Detecting CXX compiler ABI info - done
[0.575s] -- Detecting CXX compile features
[0.576s] -- Detecting CXX compile features - done
[0.580s] -- Found ament_cmake: 0.9.11 (/opt/ros/foxy/share/ament_cmake/cmake)
[0.607s] -- Found PythonInterp: /usr/bin/python3 (found suitable version "3.8.10", minimum required is "3") 
[0.607s] -- Using PYTHON_EXECUTABLE: /usr/bin/python3
[0.857s] -- Configuring done
[0.860s] -- Generating done
[0.861s] -- Build files have been written to: /home/jalal/web/web_ws/turtlebot_ws/build/turtlebot3_bringup
[0.864s] Invoked command in '/home/jalal/web/web_ws/turtlebot_ws/build/turtlebot3_bringup' returned '0': AMENT_PREFIX_PATH=/home/jalal/web/web_ws/turtlebot_ws/install/turtlebot3_node:/home/jalal/web/web_ws/turtlebot_ws/install/turtlebot3_msgs:/home/jalal/web/web_ws/turtlebot_ws/install/turtlebot3_description:/home/jalal/web/web_ws/turtlebot_ws/install/hls_lfcd_lds_driver:/home/jalal/web/web_ws/turtlebot_ws/install/dynamixel_sdk:${AMENT_PREFIX_PATH} CMAKE_PREFIX_PATH=/home/jalal/web/web_ws/turtlebot_ws/install/turtlebot3_node:/home/jalal/web/web_ws/turtlebot_ws/install/turtlebot3_msgs:/home/jalal/web/web_ws/turtlebot_ws/install/turtlebot3_description:/home/jalal/web/web_ws/turtlebot_ws/install/hls_lfcd_lds_driver:/home/jalal/web/web_ws/turtlebot_ws/install/dynamixel_sdk:/opt/ros/foxy LD_LIBRARY_PATH=/home/jalal/web/web_ws/turtlebot_ws/install/turtlebot3_msgs/lib:/home/jalal/web/web_ws/turtlebot_ws/install/dynamixel_sdk/lib:${LD_LIBRARY_PATH} PYTHONPATH=/home/jalal/web/web_ws/turtlebot_ws/install/turtlebot3_msgs/lib/python3.8/site-packages:${PYTHONPATH} /usr/bin/cmake /home/jalal/web/web_ws/turtlebot_ws/src/turtlebot3/turtlebot3/turtlebot3_bringup -DCMAKE_INSTALL_PREFIX=/home/jalal/web/web_ws/turtlebot_ws/install/turtlebot3_bringup
[0.867s] Invoking command in '/home/jalal/web/web_ws/turtlebot_ws/build/turtlebot3_bringup': AMENT_PREFIX_PATH=/home/jalal/web/web_ws/turtlebot_ws/install/turtlebot3_node:/home/jalal/web/web_ws/turtlebot_ws/install/turtlebot3_msgs:/home/jalal/web/web_ws/turtlebot_ws/install/turtlebot3_description:/home/jalal/web/web_ws/turtlebot_ws/install/hls_lfcd_lds_driver:/home/jalal/web/web_ws/turtlebot_ws/install/dynamixel_sdk:${AMENT_PREFIX_PATH} CMAKE_PREFIX_PATH=/home/jalal/web/web_ws/turtlebot_ws/install/turtlebot3_node:/home/jalal/web/web_ws/turtlebot_ws/install/turtlebot3_msgs:/home/jalal/web/web_ws/turtlebot_ws/install/turtlebot3_description:/home/jalal/web/web_ws/turtlebot_ws/install/hls_lfcd_lds_driver:/home/jalal/web/web_ws/turtlebot_ws/install/dynamixel_sdk:/opt/ros/foxy LD_LIBRARY_PATH=/home/jalal/web/web_ws/turtlebot_ws/install/turtlebot3_msgs/lib:/home/jalal/web/web_ws/turtlebot_ws/install/dynamixel_sdk/lib:${LD_LIBRARY_PATH} PYTHONPATH=/home/jalal/web/web_ws/turtlebot_ws/install/turtlebot3_msgs/lib/python3.8/site-packages:${PYTHONPATH} /usr/bin/cmake --build /home/jalal/web/web_ws/turtlebot_ws/build/turtlebot3_bringup -- -j12 -l12
[0.921s] Invoked command in '/home/jalal/web/web_ws/turtlebot_ws/build/turtlebot3_bringup' returned '0': AMENT_PREFIX_PATH=/home/jalal/web/web_ws/turtlebot_ws/install/turtlebot3_node:/home/jalal/web/web_ws/turtlebot_ws/install/turtlebot3_msgs:/home/jalal/web/web_ws/turtlebot_ws/install/turtlebot3_description:/home/jalal/web/web_ws/turtlebot_ws/install/hls_lfcd_lds_driver:/home/jalal/web/web_ws/turtlebot_ws/install/dynamixel_sdk:${AMENT_PREFIX_PATH} CMAKE_PREFIX_PATH=/home/jalal/web/web_ws/turtlebot_ws/install/turtlebot3_node:/home/jalal/web/web_ws/turtlebot_ws/install/turtlebot3_msgs:/home/jalal/web/web_ws/turtlebot_ws/install/turtlebot3_description:/home/jalal/web/web_ws/turtlebot_ws/install/hls_lfcd_lds_driver:/home/jalal/web/web_ws/turtlebot_ws/install/dynamixel_sdk:/opt/ros/foxy LD_LIBRARY_PATH=/home/jalal/web/web_ws/turtlebot_ws/install/turtlebot3_msgs/lib:/home/jalal/web/web_ws/turtlebot_ws/install/dynamixel_sdk/lib:${LD_LIBRARY_PATH} PYTHONPATH=/home/jalal/web/web_ws/turtlebot_ws/install/turtlebot3_msgs/lib/python3.8/site-packages:${PYTHONPATH} /usr/bin/cmake --build /home/jalal/web/web_ws/turtlebot_ws/build/turtlebot3_bringup -- -j12 -l12
[0.946s] Invoking command in '/home/jalal/web/web_ws/turtlebot_ws/build/turtlebot3_bringup': AMENT_PREFIX_PATH=/home/jalal/web/web_ws/turtlebot_ws/install/turtlebot3_node:/home/jalal/web/web_ws/turtlebot_ws/install/turtlebot3_msgs:/home/jalal/web/web_ws/turtlebot_ws/install/turtlebot3_description:/home/jalal/web/web_ws/turtlebot_ws/install/hls_lfcd_lds_driver:/home/jalal/web/web_ws/turtlebot_ws/install/dynamixel_sdk:${AMENT_PREFIX_PATH} CMAKE_PREFIX_PATH=/home/jalal/web/web_ws/turtlebot_ws/install/turtlebot3_node:/home/jalal/web/web_ws/turtlebot_ws/install/turtlebot3_msgs:/home/jalal/web/web_ws/turtlebot_ws/install/turtlebot3_description:/home/jalal/web/web_ws/turtlebot_ws/install/hls_lfcd_lds_driver:/home/jalal/web/web_ws/turtlebot_ws/install/dynamixel_sdk:/opt/ros/foxy LD_LIBRARY_PATH=/home/jalal/web/web_ws/turtlebot_ws/install/turtlebot3_msgs/lib:/home/jalal/web/web_ws/turtlebot_ws/install/dynamixel_sdk/lib:${LD_LIBRARY_PATH} PYTHONPATH=/home/jalal/web/web_ws/turtlebot_ws/install/turtlebot3_msgs/lib/python3.8/site-packages:${PYTHONPATH} /usr/bin/cmake --install /home/jalal/web/web_ws/turtlebot_ws/build/turtlebot3_bringup
[0.966s] -- Install configuration: ""
[0.966s] -- Installing: /home/jalal/web/web_ws/turtlebot_ws/install/turtlebot3_bringup/share/turtlebot3_bringup/launch
[0.966s] -- Installing: /home/jalal/web/web_ws/turtlebot_ws/install/turtlebot3_bringup/share/turtlebot3_bringup/launch/robot.launch.py
[0.966s] -- Installing: /home/jalal/web/web_ws/turtlebot_ws/install/turtlebot3_bringup/share/turtlebot3_bringup/launch/rviz2.launch.py
[0.967s] -- Installing: /home/jalal/web/web_ws/turtlebot_ws/install/turtlebot3_bringup/share/turtlebot3_bringup/launch/turtlebot3_state_publisher.launch.py
[0.967s] -- Installing: /home/jalal/web/web_ws/turtlebot_ws/install/turtlebot3_bringup/share/turtlebot3_bringup/param
[0.967s] -- Installing: /home/jalal/web/web_ws/turtlebot_ws/install/turtlebot3_bringup/share/turtlebot3_bringup/param/waffle.yaml
[0.967s] -- Installing: /home/jalal/web/web_ws/turtlebot_ws/install/turtlebot3_bringup/share/turtlebot3_bringup/param/burger.yaml
[0.968s] -- Installing: /home/jalal/web/web_ws/turtlebot_ws/install/turtlebot3_bringup/share/turtlebot3_bringup/param/waffle_pi.yaml
[0.968s] -- Installing: /home/jalal/web/web_ws/turtlebot_ws/install/turtlebot3_bringup/share/turtlebot3_bringup/script
[0.968s] -- Installing: /home/jalal/web/web_ws/turtlebot_ws/install/turtlebot3_bringup/share/turtlebot3_bringup/script/create_udev_rules
[0.968s] -- Installing: /home/jalal/web/web_ws/turtlebot_ws/install/turtlebot3_bringup/share/turtlebot3_bringup/script/99-turtlebot3-cdc.rules
[0.968s] -- Installing: /home/jalal/web/web_ws/turtlebot_ws/install/turtlebot3_bringup/share/ament_index/resource_index/package_run_dependencies/turtlebot3_bringup
[0.969s] -- Installing: /home/jalal/web/web_ws/turtlebot_ws/install/turtlebot3_bringup/share/ament_index/resource_index/parent_prefix_path/turtlebot3_bringup
[0.969s] -- Installing: /home/jalal/web/web_ws/turtlebot_ws/install/turtlebot3_bringup/share/turtlebot3_bringup/environment/ament_prefix_path.sh
[0.969s] -- Installing: /home/jalal/web/web_ws/turtlebot_ws/install/turtlebot3_bringup/share/turtlebot3_bringup/environment/ament_prefix_path.dsv
[0.969s] -- Installing: /home/jalal/web/web_ws/turtlebot_ws/install/turtlebot3_bringup/share/turtlebot3_bringup/environment/path.sh
[0.969s] -- Installing: /home/jalal/web/web_ws/turtlebot_ws/install/turtlebot3_bringup/share/turtlebot3_bringup/environment/path.dsv
[0.969s] -- Installing: /home/jalal/web/web_ws/turtlebot_ws/install/turtlebot3_bringup/share/turtlebot3_bringup/local_setup.bash
[0.969s] -- Installing: /home/jalal/web/web_ws/turtlebot_ws/install/turtlebot3_bringup/share/turtlebot3_bringup/local_setup.sh
[0.970s] -- Installing: /home/jalal/web/web_ws/turtlebot_ws/install/turtlebot3_bringup/share/turtlebot3_bringup/local_setup.zsh
[0.970s] -- Installing: /home/jalal/web/web_ws/turtlebot_ws/install/turtlebot3_bringup/share/turtlebot3_bringup/local_setup.dsv
[0.970s] -- Installing: /home/jalal/web/web_ws/turtlebot_ws/install/turtlebot3_bringup/share/turtlebot3_bringup/package.dsv
[0.970s] -- Installing: /home/jalal/web/web_ws/turtlebot_ws/install/turtlebot3_bringup/share/ament_index/resource_index/packages/turtlebot3_bringup
[0.970s] -- Installing: /home/jalal/web/web_ws/turtlebot_ws/install/turtlebot3_bringup/share/turtlebot3_bringup/cmake/turtlebot3_bringupConfig.cmake
[0.970s] -- Installing: /home/jalal/web/web_ws/turtlebot_ws/install/turtlebot3_bringup/share/turtlebot3_bringup/cmake/turtlebot3_bringupConfig-version.cmake
[0.971s] -- Installing: /home/jalal/web/web_ws/turtlebot_ws/install/turtlebot3_bringup/share/turtlebot3_bringup/package.xml
[0.978s] Invoked command in '/home/jalal/web/web_ws/turtlebot_ws/build/turtlebot3_bringup' returned '0': AMENT_PREFIX_PATH=/home/jalal/web/web_ws/turtlebot_ws/install/turtlebot3_node:/home/jalal/web/web_ws/turtlebot_ws/install/turtlebot3_msgs:/home/jalal/web/web_ws/turtlebot_ws/install/turtlebot3_description:/home/jalal/web/web_ws/turtlebot_ws/install/hls_lfcd_lds_driver:/home/jalal/web/web_ws/turtlebot_ws/install/dynamixel_sdk:${AMENT_PREFIX_PATH} CMAKE_PREFIX_PATH=/home/jalal/web/web_ws/turtlebot_ws/install/turtlebot3_node:/home/jalal/web/web_ws/turtlebot_ws/install/turtlebot3_msgs:/home/jalal/web/web_ws/turtlebot_ws/install/turtlebot3_description:/home/jalal/web/web_ws/turtlebot_ws/install/hls_lfcd_lds_driver:/home/jalal/web/web_ws/turtlebot_ws/install/dynamixel_sdk:/opt/ros/foxy LD_LIBRARY_PATH=/home/jalal/web/web_ws/turtlebot_ws/install/turtlebot3_msgs/lib:/home/jalal/web/web_ws/turtlebot_ws/install/dynamixel_sdk/lib:${LD_LIBRARY_PATH} PYTHONPATH=/home/jalal/web/web_ws/turtlebot_ws/install/turtlebot3_msgs/lib/python3.8/site-packages:${PYTHONPATH} /usr/bin/cmake --install /home/jalal/web/web_ws/turtlebot_ws/build/turtlebot3_bringup
