[0.052s] Invoking command in '/home/jalal/web/web_ws/ros_web_ui/build/nav2d_msgs': /usr/bin/cmake /home/jalal/web/web_ws/ros_web_ui/navigation_2d/nav2d_msgs -DCATKIN_INSTALL_INTO_PREFIX_ROOT=0 -DCMAKE_INSTALL_PREFIX=/home/jalal/web/web_ws/ros_web_ui/install/nav2d_msgs
[0.084s] CMake Error at CMakeLists.txt:5 (find_package):
[0.084s]   By not providing "Findcatkin.cmake" in CMAKE_MODULE_PATH this project has
[0.084s]   asked CMake to find a package configuration file provided by "catkin", but
[0.085s]   CMake did not find one.
[0.085s] 
[0.085s]   Could not find a package configuration file provided by "catkin" with any
[0.085s]   of the following names:
[0.085s] 
[0.085s]     catkinConfig.cmake
[0.086s]     catkin-config.cmake
[0.086s] 
[0.086s]   Add the installation prefix of "catkin" to CMAKE_PREFIX_PATH or set
[0.086s]   "catkin_DIR" to a directory containing one of the above files.  If "catkin"
[0.086s]   provides a separate development package or SDK, be sure it has been
[0.086s]   installed.
[0.086s] 
[0.086s] 
[0.087s] -- Configuring incomplete, errors occurred!
[0.087s] See also "/home/jalal/web/web_ws/ros_web_ui/build/nav2d_msgs/CMakeFiles/CMakeOutput.log".
[0.088s] Invoked command in '/home/jalal/web/web_ws/ros_web_ui/build/nav2d_msgs' returned '1': /usr/bin/cmake /home/jalal/web/web_ws/ros_web_ui/navigation_2d/nav2d_msgs -DCATKIN_INSTALL_INTO_PREFIX_ROOT=0 -DCMAKE_INSTALL_PREFIX=/home/jalal/web/web_ws/ros_web_ui/install/nav2d_msgs
