[0.076s] Invoking command in '/home/jalal/web/web_ws/turtlebot_ws/build/dynamixel_sdk_custom_interfaces': CMAKE_PREFIX_PATH=${CMAKE_PREFIX_PATH}:/home/jalal/web/web_ws/turtlebot_ws/install/turtlebot3_teleop:/home/jalal/web/web_ws/turtlebot_ws/install/turtlebot3_example:/opt/ros/foxy /usr/bin/cmake --build /home/jalal/web/web_ws/turtlebot_ws/build/dynamixel_sdk_custom_interfaces -- -j12 -l12
[0.151s] [  2%] Built target dynamixel_sdk_custom_interfaces__cpp
[0.157s] [ 12%] Built target dynamixel_sdk_custom_interfaces__rosidl_generator_c
[0.193s] [ 23%] Built target dynamixel_sdk_custom_interfaces__rosidl_typesupport_cpp
[0.194s] [ 33%] Built target dynamixel_sdk_custom_interfaces__rosidl_typesupport_introspection_cpp
[0.198s] [ 53%] Built target dynamixel_sdk_custom_interfaces__rosidl_typesupport_c
[0.198s] [ 53%] Built target dynamixel_sdk_custom_interfaces__rosidl_typesupport_fastrtps_cpp
[0.207s] [ 64%] Built target dynamixel_sdk_custom_interfaces__rosidl_typesupport_introspection_c
[0.230s] [ 74%] Built target dynamixel_sdk_custom_interfaces__rosidl_typesupport_fastrtps_c
[0.261s] [ 74%] Built target dynamixel_sdk_custom_interfaces
[0.294s] [ 76%] Built target dynamixel_sdk_custom_interfaces__py
[0.339s] [ 84%] Built target dynamixel_sdk_custom_interfaces__python
[0.372s] [ 89%] Built target dynamixel_sdk_custom_interfaces__rosidl_typesupport_c__pyext
[0.380s] [ 94%] Built target dynamixel_sdk_custom_interfaces__rosidl_typesupport_introspection_c__pyext
[0.380s] [100%] Built target dynamixel_sdk_custom_interfaces__rosidl_typesupport_fastrtps_c__pyext
[0.441s] Invoked command in '/home/jalal/web/web_ws/turtlebot_ws/build/dynamixel_sdk_custom_interfaces' returned '0': CMAKE_PREFIX_PATH=${CMAKE_PREFIX_PATH}:/home/jalal/web/web_ws/turtlebot_ws/install/turtlebot3_teleop:/home/jalal/web/web_ws/turtlebot_ws/install/turtlebot3_example:/opt/ros/foxy /usr/bin/cmake --build /home/jalal/web/web_ws/turtlebot_ws/build/dynamixel_sdk_custom_interfaces -- -j12 -l12
[0.576s] Invoking command in '/home/jalal/web/web_ws/turtlebot_ws/build/dynamixel_sdk_custom_interfaces': CMAKE_PREFIX_PATH=${CMAKE_PREFIX_PATH}:/home/jalal/web/web_ws/turtlebot_ws/install/turtlebot3_teleop:/home/jalal/web/web_ws/turtlebot_ws/install/turtlebot3_example:/opt/ros/foxy /usr/bin/cmake --install /home/jalal/web/web_ws/turtlebot_ws/build/dynamixel_sdk_custom_interfaces
[0.596s] -- Install configuration: ""
[0.596s] -- Up-to-date: /home/jalal/web/web_ws/turtlebot_ws/install/dynamixel_sdk_custom_interfaces/share/ament_index/resource_index/rosidl_interfaces/dynamixel_sdk_custom_interfaces
[0.596s] -- Up-to-date: /home/jalal/web/web_ws/turtlebot_ws/install/dynamixel_sdk_custom_interfaces/include/dynamixel_sdk_custom_interfaces
[0.596s] -- Up-to-date: /home/jalal/web/web_ws/turtlebot_ws/install/dynamixel_sdk_custom_interfaces/include/dynamixel_sdk_custom_interfaces/msg
[0.596s] -- Up-to-date: /home/jalal/web/web_ws/turtlebot_ws/install/dynamixel_sdk_custom_interfaces/include/dynamixel_sdk_custom_interfaces/msg/set_position.h
[0.596s] -- Up-to-date: /home/jalal/web/web_ws/turtlebot_ws/install/dynamixel_sdk_custom_interfaces/include/dynamixel_sdk_custom_interfaces/msg/detail
[0.597s] -- Up-to-date: /home/jalal/web/web_ws/turtlebot_ws/install/dynamixel_sdk_custom_interfaces/include/dynamixel_sdk_custom_interfaces/msg/detail/set_position__type_support.h
[0.597s] -- Up-to-date: /home/jalal/web/web_ws/turtlebot_ws/install/dynamixel_sdk_custom_interfaces/include/dynamixel_sdk_custom_interfaces/msg/detail/set_position__functions.c
[0.597s] -- Up-to-date: /home/jalal/web/web_ws/turtlebot_ws/install/dynamixel_sdk_custom_interfaces/include/dynamixel_sdk_custom_interfaces/msg/detail/set_position__struct.h
[0.597s] -- Up-to-date: /home/jalal/web/web_ws/turtlebot_ws/install/dynamixel_sdk_custom_interfaces/include/dynamixel_sdk_custom_interfaces/msg/detail/set_position__functions.h
[0.597s] -- Up-to-date: /home/jalal/web/web_ws/turtlebot_ws/install/dynamixel_sdk_custom_interfaces/include/dynamixel_sdk_custom_interfaces/msg/rosidl_generator_c__visibility_control.h
[0.597s] -- Up-to-date: /home/jalal/web/web_ws/turtlebot_ws/install/dynamixel_sdk_custom_interfaces/include/dynamixel_sdk_custom_interfaces/srv
[0.598s] -- Up-to-date: /home/jalal/web/web_ws/turtlebot_ws/install/dynamixel_sdk_custom_interfaces/include/dynamixel_sdk_custom_interfaces/srv/get_position.h
[0.598s] -- Up-to-date: /home/jalal/web/web_ws/turtlebot_ws/install/dynamixel_sdk_custom_interfaces/include/dynamixel_sdk_custom_interfaces/srv/detail
[0.598s] -- Up-to-date: /home/jalal/web/web_ws/turtlebot_ws/install/dynamixel_sdk_custom_interfaces/include/dynamixel_sdk_custom_interfaces/srv/detail/get_position__struct.h
[0.598s] -- Up-to-date: /home/jalal/web/web_ws/turtlebot_ws/install/dynamixel_sdk_custom_interfaces/include/dynamixel_sdk_custom_interfaces/srv/detail/get_position__type_support.h
[0.598s] -- Up-to-date: /home/jalal/web/web_ws/turtlebot_ws/install/dynamixel_sdk_custom_interfaces/include/dynamixel_sdk_custom_interfaces/srv/detail/get_position__functions.h
[0.598s] -- Up-to-date: /home/jalal/web/web_ws/turtlebot_ws/install/dynamixel_sdk_custom_interfaces/include/dynamixel_sdk_custom_interfaces/srv/detail/get_position__functions.c
[0.598s] -- Up-to-date: /home/jalal/web/web_ws/turtlebot_ws/install/dynamixel_sdk_custom_interfaces/share/dynamixel_sdk_custom_interfaces/environment/library_path.sh
[0.599s] -- Up-to-date: /home/jalal/web/web_ws/turtlebot_ws/install/dynamixel_sdk_custom_interfaces/share/dynamixel_sdk_custom_interfaces/environment/library_path.dsv
[0.599s] -- Up-to-date: /home/jalal/web/web_ws/turtlebot_ws/install/dynamixel_sdk_custom_interfaces/lib/libdynamixel_sdk_custom_interfaces__rosidl_generator_c.so
[0.599s] -- Up-to-date: /home/jalal/web/web_ws/turtlebot_ws/install/dynamixel_sdk_custom_interfaces/include/dynamixel_sdk_custom_interfaces
[0.599s] -- Up-to-date: /home/jalal/web/web_ws/turtlebot_ws/install/dynamixel_sdk_custom_interfaces/include/dynamixel_sdk_custom_interfaces/msg
[0.599s] -- Up-to-date: /home/jalal/web/web_ws/turtlebot_ws/install/dynamixel_sdk_custom_interfaces/include/dynamixel_sdk_custom_interfaces/msg/rosidl_typesupport_fastrtps_c__visibility_control.h
[0.599s] -- Up-to-date: /home/jalal/web/web_ws/turtlebot_ws/install/dynamixel_sdk_custom_interfaces/include/dynamixel_sdk_custom_interfaces/msg/detail
[0.599s] -- Up-to-date: /home/jalal/web/web_ws/turtlebot_ws/install/dynamixel_sdk_custom_interfaces/include/dynamixel_sdk_custom_interfaces/msg/detail/set_position__rosidl_typesupport_fastrtps_c.h
[0.599s] -- Up-to-date: /home/jalal/web/web_ws/turtlebot_ws/install/dynamixel_sdk_custom_interfaces/include/dynamixel_sdk_custom_interfaces/srv
[0.599s] -- Up-to-date: /home/jalal/web/web_ws/turtlebot_ws/install/dynamixel_sdk_custom_interfaces/include/dynamixel_sdk_custom_interfaces/srv/detail
[0.600s] -- Up-to-date: /home/jalal/web/web_ws/turtlebot_ws/install/dynamixel_sdk_custom_interfaces/include/dynamixel_sdk_custom_interfaces/srv/detail/get_position__rosidl_typesupport_fastrtps_c.h
[0.600s] -- Up-to-date: /home/jalal/web/web_ws/turtlebot_ws/install/dynamixel_sdk_custom_interfaces/lib/libdynamixel_sdk_custom_interfaces__rosidl_typesupport_fastrtps_c.so
[0.600s] -- Up-to-date: /home/jalal/web/web_ws/turtlebot_ws/install/dynamixel_sdk_custom_interfaces/include/dynamixel_sdk_custom_interfaces
[0.600s] -- Up-to-date: /home/jalal/web/web_ws/turtlebot_ws/install/dynamixel_sdk_custom_interfaces/include/dynamixel_sdk_custom_interfaces/msg
[0.600s] -- Up-to-date: /home/jalal/web/web_ws/turtlebot_ws/install/dynamixel_sdk_custom_interfaces/include/dynamixel_sdk_custom_interfaces/msg/rosidl_typesupport_fastrtps_cpp__visibility_control.h
[0.600s] -- Up-to-date: /home/jalal/web/web_ws/turtlebot_ws/install/dynamixel_sdk_custom_interfaces/include/dynamixel_sdk_custom_interfaces/msg/detail
[0.600s] -- Up-to-date: /home/jalal/web/web_ws/turtlebot_ws/install/dynamixel_sdk_custom_interfaces/include/dynamixel_sdk_custom_interfaces/msg/detail/dds_fastrtps
[0.600s] -- Up-to-date: /home/jalal/web/web_ws/turtlebot_ws/install/dynamixel_sdk_custom_interfaces/include/dynamixel_sdk_custom_interfaces/msg/detail/set_position__rosidl_typesupport_fastrtps_cpp.hpp
[0.600s] -- Up-to-date: /home/jalal/web/web_ws/turtlebot_ws/install/dynamixel_sdk_custom_interfaces/include/dynamixel_sdk_custom_interfaces/srv
[0.600s] -- Up-to-date: /home/jalal/web/web_ws/turtlebot_ws/install/dynamixel_sdk_custom_interfaces/include/dynamixel_sdk_custom_interfaces/srv/detail
[0.600s] -- Up-to-date: /home/jalal/web/web_ws/turtlebot_ws/install/dynamixel_sdk_custom_interfaces/include/dynamixel_sdk_custom_interfaces/srv/detail/get_position__rosidl_typesupport_fastrtps_cpp.hpp
[0.600s] -- Up-to-date: /home/jalal/web/web_ws/turtlebot_ws/install/dynamixel_sdk_custom_interfaces/include/dynamixel_sdk_custom_interfaces/srv/detail/dds_fastrtps
[0.601s] -- Up-to-date: /home/jalal/web/web_ws/turtlebot_ws/install/dynamixel_sdk_custom_interfaces/lib/libdynamixel_sdk_custom_interfaces__rosidl_typesupport_fastrtps_cpp.so
[0.601s] -- Up-to-date: /home/jalal/web/web_ws/turtlebot_ws/install/dynamixel_sdk_custom_interfaces/include/dynamixel_sdk_custom_interfaces
[0.601s] -- Up-to-date: /home/jalal/web/web_ws/turtlebot_ws/install/dynamixel_sdk_custom_interfaces/include/dynamixel_sdk_custom_interfaces/msg
[0.601s] -- Up-to-date: /home/jalal/web/web_ws/turtlebot_ws/install/dynamixel_sdk_custom_interfaces/include/dynamixel_sdk_custom_interfaces/msg/rosidl_typesupport_introspection_c__visibility_control.h
[0.601s] -- Up-to-date: /home/jalal/web/web_ws/turtlebot_ws/install/dynamixel_sdk_custom_interfaces/include/dynamixel_sdk_custom_interfaces/msg/detail
[0.601s] -- Up-to-date: /home/jalal/web/web_ws/turtlebot_ws/install/dynamixel_sdk_custom_interfaces/include/dynamixel_sdk_custom_interfaces/msg/detail/set_position__type_support.c
[0.601s] -- Up-to-date: /home/jalal/web/web_ws/turtlebot_ws/install/dynamixel_sdk_custom_interfaces/include/dynamixel_sdk_custom_interfaces/msg/detail/set_position__rosidl_typesupport_introspection_c.h
[0.601s] -- Up-to-date: /home/jalal/web/web_ws/turtlebot_ws/install/dynamixel_sdk_custom_interfaces/include/dynamixel_sdk_custom_interfaces/srv
[0.601s] -- Up-to-date: /home/jalal/web/web_ws/turtlebot_ws/install/dynamixel_sdk_custom_interfaces/include/dynamixel_sdk_custom_interfaces/srv/detail
[0.601s] -- Up-to-date: /home/jalal/web/web_ws/turtlebot_ws/install/dynamixel_sdk_custom_interfaces/include/dynamixel_sdk_custom_interfaces/srv/detail/get_position__type_support.c
[0.601s] -- Up-to-date: /home/jalal/web/web_ws/turtlebot_ws/install/dynamixel_sdk_custom_interfaces/include/dynamixel_sdk_custom_interfaces/srv/detail/get_position__rosidl_typesupport_introspection_c.h
[0.601s] -- Up-to-date: /home/jalal/web/web_ws/turtlebot_ws/install/dynamixel_sdk_custom_interfaces/lib/libdynamixel_sdk_custom_interfaces__rosidl_typesupport_introspection_c.so
[0.602s] -- Up-to-date: /home/jalal/web/web_ws/turtlebot_ws/install/dynamixel_sdk_custom_interfaces/lib/libdynamixel_sdk_custom_interfaces__rosidl_typesupport_c.so
[0.602s] -- Up-to-date: /home/jalal/web/web_ws/turtlebot_ws/install/dynamixel_sdk_custom_interfaces/include/dynamixel_sdk_custom_interfaces
[0.602s] -- Up-to-date: /home/jalal/web/web_ws/turtlebot_ws/install/dynamixel_sdk_custom_interfaces/include/dynamixel_sdk_custom_interfaces/msg
[0.602s] -- Up-to-date: /home/jalal/web/web_ws/turtlebot_ws/install/dynamixel_sdk_custom_interfaces/include/dynamixel_sdk_custom_interfaces/msg/set_position.hpp
[0.602s] -- Up-to-date: /home/jalal/web/web_ws/turtlebot_ws/install/dynamixel_sdk_custom_interfaces/include/dynamixel_sdk_custom_interfaces/msg/detail
[0.602s] -- Up-to-date: /home/jalal/web/web_ws/turtlebot_ws/install/dynamixel_sdk_custom_interfaces/include/dynamixel_sdk_custom_interfaces/msg/detail/set_position__traits.hpp
[0.602s] -- Up-to-date: /home/jalal/web/web_ws/turtlebot_ws/install/dynamixel_sdk_custom_interfaces/include/dynamixel_sdk_custom_interfaces/msg/detail/set_position__builder.hpp
[0.602s] -- Up-to-date: /home/jalal/web/web_ws/turtlebot_ws/install/dynamixel_sdk_custom_interfaces/include/dynamixel_sdk_custom_interfaces/msg/detail/set_position__struct.hpp
[0.602s] -- Up-to-date: /home/jalal/web/web_ws/turtlebot_ws/install/dynamixel_sdk_custom_interfaces/include/dynamixel_sdk_custom_interfaces/srv
[0.602s] -- Up-to-date: /home/jalal/web/web_ws/turtlebot_ws/install/dynamixel_sdk_custom_interfaces/include/dynamixel_sdk_custom_interfaces/srv/get_position.hpp
[0.602s] -- Up-to-date: /home/jalal/web/web_ws/turtlebot_ws/install/dynamixel_sdk_custom_interfaces/include/dynamixel_sdk_custom_interfaces/srv/detail
[0.602s] -- Up-to-date: /home/jalal/web/web_ws/turtlebot_ws/install/dynamixel_sdk_custom_interfaces/include/dynamixel_sdk_custom_interfaces/srv/detail/get_position__traits.hpp
[0.602s] -- Up-to-date: /home/jalal/web/web_ws/turtlebot_ws/install/dynamixel_sdk_custom_interfaces/include/dynamixel_sdk_custom_interfaces/srv/detail/get_position__builder.hpp
[0.602s] -- Up-to-date: /home/jalal/web/web_ws/turtlebot_ws/install/dynamixel_sdk_custom_interfaces/include/dynamixel_sdk_custom_interfaces/srv/detail/get_position__struct.hpp
[0.603s] -- Up-to-date: /home/jalal/web/web_ws/turtlebot_ws/install/dynamixel_sdk_custom_interfaces/include/dynamixel_sdk_custom_interfaces
[0.603s] -- Up-to-date: /home/jalal/web/web_ws/turtlebot_ws/install/dynamixel_sdk_custom_interfaces/include/dynamixel_sdk_custom_interfaces/msg
[0.603s] -- Up-to-date: /home/jalal/web/web_ws/turtlebot_ws/install/dynamixel_sdk_custom_interfaces/include/dynamixel_sdk_custom_interfaces/msg/detail
[0.603s] -- Up-to-date: /home/jalal/web/web_ws/turtlebot_ws/install/dynamixel_sdk_custom_interfaces/include/dynamixel_sdk_custom_interfaces/msg/detail/set_position__rosidl_typesupport_introspection_cpp.hpp
[0.603s] -- Up-to-date: /home/jalal/web/web_ws/turtlebot_ws/install/dynamixel_sdk_custom_interfaces/include/dynamixel_sdk_custom_interfaces/msg/detail/set_position__type_support.cpp
[0.603s] -- Up-to-date: /home/jalal/web/web_ws/turtlebot_ws/install/dynamixel_sdk_custom_interfaces/include/dynamixel_sdk_custom_interfaces/srv
[0.603s] -- Up-to-date: /home/jalal/web/web_ws/turtlebot_ws/install/dynamixel_sdk_custom_interfaces/include/dynamixel_sdk_custom_interfaces/srv/detail
[0.603s] -- Up-to-date: /home/jalal/web/web_ws/turtlebot_ws/install/dynamixel_sdk_custom_interfaces/include/dynamixel_sdk_custom_interfaces/srv/detail/get_position__rosidl_typesupport_introspection_cpp.hpp
[0.603s] -- Up-to-date: /home/jalal/web/web_ws/turtlebot_ws/install/dynamixel_sdk_custom_interfaces/include/dynamixel_sdk_custom_interfaces/srv/detail/get_position__type_support.cpp
[0.603s] -- Up-to-date: /home/jalal/web/web_ws/turtlebot_ws/install/dynamixel_sdk_custom_interfaces/lib/libdynamixel_sdk_custom_interfaces__rosidl_typesupport_introspection_cpp.so
[0.603s] -- Up-to-date: /home/jalal/web/web_ws/turtlebot_ws/install/dynamixel_sdk_custom_interfaces/lib/libdynamixel_sdk_custom_interfaces__rosidl_typesupport_cpp.so
[0.603s] -- Up-to-date: /home/jalal/web/web_ws/turtlebot_ws/install/dynamixel_sdk_custom_interfaces/share/dynamixel_sdk_custom_interfaces/environment/pythonpath.sh
[0.603s] -- Up-to-date: /home/jalal/web/web_ws/turtlebot_ws/install/dynamixel_sdk_custom_interfaces/share/dynamixel_sdk_custom_interfaces/environment/pythonpath.dsv
[0.603s] -- Up-to-date: /home/jalal/web/web_ws/turtlebot_ws/install/dynamixel_sdk_custom_interfaces/lib/python3.8/site-packages/dynamixel_sdk_custom_interfaces/__init__.py
[0.642s] -- Up-to-date: /home/jalal/web/web_ws/turtlebot_ws/install/dynamixel_sdk_custom_interfaces/lib/python3.8/site-packages/dynamixel_sdk_custom_interfaces/msg
[0.642s] -- Up-to-date: /home/jalal/web/web_ws/turtlebot_ws/install/dynamixel_sdk_custom_interfaces/lib/python3.8/site-packages/dynamixel_sdk_custom_interfaces/msg/__init__.py
[0.642s] -- Up-to-date: /home/jalal/web/web_ws/turtlebot_ws/install/dynamixel_sdk_custom_interfaces/lib/python3.8/site-packages/dynamixel_sdk_custom_interfaces/msg/_set_position_s.c
[0.642s] -- Up-to-date: /home/jalal/web/web_ws/turtlebot_ws/install/dynamixel_sdk_custom_interfaces/lib/python3.8/site-packages/dynamixel_sdk_custom_interfaces/msg/_set_position.py
[0.642s] -- Up-to-date: /home/jalal/web/web_ws/turtlebot_ws/install/dynamixel_sdk_custom_interfaces/lib/python3.8/site-packages/dynamixel_sdk_custom_interfaces/srv
[0.642s] -- Up-to-date: /home/jalal/web/web_ws/turtlebot_ws/install/dynamixel_sdk_custom_interfaces/lib/python3.8/site-packages/dynamixel_sdk_custom_interfaces/srv/__init__.py
[0.643s] -- Up-to-date: /home/jalal/web/web_ws/turtlebot_ws/install/dynamixel_sdk_custom_interfaces/lib/python3.8/site-packages/dynamixel_sdk_custom_interfaces/srv/_get_position_s.c
[0.643s] -- Up-to-date: /home/jalal/web/web_ws/turtlebot_ws/install/dynamixel_sdk_custom_interfaces/lib/python3.8/site-packages/dynamixel_sdk_custom_interfaces/srv/_get_position.py
[0.643s] -- Up-to-date: /home/jalal/web/web_ws/turtlebot_ws/install/dynamixel_sdk_custom_interfaces/lib/python3.8/site-packages/dynamixel_sdk_custom_interfaces/dynamixel_sdk_custom_interfaces_s__rosidl_typesupport_fastrtps_c.cpython-38-x86_64-linux-gnu.so
[0.643s] -- Up-to-date: /home/jalal/web/web_ws/turtlebot_ws/install/dynamixel_sdk_custom_interfaces/lib/python3.8/site-packages/dynamixel_sdk_custom_interfaces/dynamixel_sdk_custom_interfaces_s__rosidl_typesupport_introspection_c.cpython-38-x86_64-linux-gnu.so
[0.645s] -- Up-to-date: /home/jalal/web/web_ws/turtlebot_ws/install/dynamixel_sdk_custom_interfaces/lib/python3.8/site-packages/dynamixel_sdk_custom_interfaces/dynamixel_sdk_custom_interfaces_s__rosidl_typesupport_c.cpython-38-x86_64-linux-gnu.so
[0.645s] -- Up-to-date: /home/jalal/web/web_ws/turtlebot_ws/install/dynamixel_sdk_custom_interfaces/lib/libdynamixel_sdk_custom_interfaces__python.so
[0.646s] -- Up-to-date: /home/jalal/web/web_ws/turtlebot_ws/install/dynamixel_sdk_custom_interfaces/share/dynamixel_sdk_custom_interfaces/msg/SetPosition.idl
[0.646s] -- Up-to-date: /home/jalal/web/web_ws/turtlebot_ws/install/dynamixel_sdk_custom_interfaces/share/dynamixel_sdk_custom_interfaces/srv/GetPosition.idl
[0.646s] -- Up-to-date: /home/jalal/web/web_ws/turtlebot_ws/install/dynamixel_sdk_custom_interfaces/share/dynamixel_sdk_custom_interfaces/msg/SetPosition.msg
[0.646s] -- Up-to-date: /home/jalal/web/web_ws/turtlebot_ws/install/dynamixel_sdk_custom_interfaces/share/dynamixel_sdk_custom_interfaces/srv/GetPosition.srv
[0.647s] -- Up-to-date: /home/jalal/web/web_ws/turtlebot_ws/install/dynamixel_sdk_custom_interfaces/share/dynamixel_sdk_custom_interfaces/srv/GetPosition_Request.msg
[0.647s] -- Up-to-date: /home/jalal/web/web_ws/turtlebot_ws/install/dynamixel_sdk_custom_interfaces/share/dynamixel_sdk_custom_interfaces/srv/GetPosition_Response.msg
[0.647s] -- Up-to-date: /home/jalal/web/web_ws/turtlebot_ws/install/dynamixel_sdk_custom_interfaces/share/ament_index/resource_index/package_run_dependencies/dynamixel_sdk_custom_interfaces
[0.647s] -- Up-to-date: /home/jalal/web/web_ws/turtlebot_ws/install/dynamixel_sdk_custom_interfaces/share/ament_index/resource_index/parent_prefix_path/dynamixel_sdk_custom_interfaces
[0.648s] -- Up-to-date: /home/jalal/web/web_ws/turtlebot_ws/install/dynamixel_sdk_custom_interfaces/share/dynamixel_sdk_custom_interfaces/environment/ament_prefix_path.sh
[0.648s] -- Up-to-date: /home/jalal/web/web_ws/turtlebot_ws/install/dynamixel_sdk_custom_interfaces/share/dynamixel_sdk_custom_interfaces/environment/ament_prefix_path.dsv
[0.648s] -- Up-to-date: /home/jalal/web/web_ws/turtlebot_ws/install/dynamixel_sdk_custom_interfaces/share/dynamixel_sdk_custom_interfaces/environment/path.sh
[0.648s] -- Up-to-date: /home/jalal/web/web_ws/turtlebot_ws/install/dynamixel_sdk_custom_interfaces/share/dynamixel_sdk_custom_interfaces/environment/path.dsv
[0.648s] -- Up-to-date: /home/jalal/web/web_ws/turtlebot_ws/install/dynamixel_sdk_custom_interfaces/share/dynamixel_sdk_custom_interfaces/local_setup.bash
[0.649s] -- Up-to-date: /home/jalal/web/web_ws/turtlebot_ws/install/dynamixel_sdk_custom_interfaces/share/dynamixel_sdk_custom_interfaces/local_setup.sh
[0.649s] -- Up-to-date: /home/jalal/web/web_ws/turtlebot_ws/install/dynamixel_sdk_custom_interfaces/share/dynamixel_sdk_custom_interfaces/local_setup.zsh
[0.649s] -- Up-to-date: /home/jalal/web/web_ws/turtlebot_ws/install/dynamixel_sdk_custom_interfaces/share/dynamixel_sdk_custom_interfaces/local_setup.dsv
[0.649s] -- Installing: /home/jalal/web/web_ws/turtlebot_ws/install/dynamixel_sdk_custom_interfaces/share/dynamixel_sdk_custom_interfaces/package.dsv
[0.649s] -- Up-to-date: /home/jalal/web/web_ws/turtlebot_ws/install/dynamixel_sdk_custom_interfaces/share/ament_index/resource_index/packages/dynamixel_sdk_custom_interfaces
[0.650s] -- Up-to-date: /home/jalal/web/web_ws/turtlebot_ws/install/dynamixel_sdk_custom_interfaces/share/dynamixel_sdk_custom_interfaces/cmake/dynamixel_sdk_custom_interfaces__rosidl_generator_cExport.cmake
[0.650s] -- Up-to-date: /home/jalal/web/web_ws/turtlebot_ws/install/dynamixel_sdk_custom_interfaces/share/dynamixel_sdk_custom_interfaces/cmake/dynamixel_sdk_custom_interfaces__rosidl_generator_cExport-noconfig.cmake
[0.650s] -- Up-to-date: /home/jalal/web/web_ws/turtlebot_ws/install/dynamixel_sdk_custom_interfaces/share/dynamixel_sdk_custom_interfaces/cmake/dynamixel_sdk_custom_interfaces__rosidl_typesupport_introspection_cExport.cmake
[0.650s] -- Up-to-date: /home/jalal/web/web_ws/turtlebot_ws/install/dynamixel_sdk_custom_interfaces/share/dynamixel_sdk_custom_interfaces/cmake/dynamixel_sdk_custom_interfaces__rosidl_typesupport_introspection_cExport-noconfig.cmake
[0.651s] -- Up-to-date: /home/jalal/web/web_ws/turtlebot_ws/install/dynamixel_sdk_custom_interfaces/share/dynamixel_sdk_custom_interfaces/cmake/dynamixel_sdk_custom_interfaces__rosidl_typesupport_cExport.cmake
[0.651s] -- Up-to-date: /home/jalal/web/web_ws/turtlebot_ws/install/dynamixel_sdk_custom_interfaces/share/dynamixel_sdk_custom_interfaces/cmake/dynamixel_sdk_custom_interfaces__rosidl_typesupport_cExport-noconfig.cmake
[0.651s] -- Up-to-date: /home/jalal/web/web_ws/turtlebot_ws/install/dynamixel_sdk_custom_interfaces/share/dynamixel_sdk_custom_interfaces/cmake/dynamixel_sdk_custom_interfaces__rosidl_generator_cppExport.cmake
[0.652s] -- Up-to-date: /home/jalal/web/web_ws/turtlebot_ws/install/dynamixel_sdk_custom_interfaces/share/dynamixel_sdk_custom_interfaces/cmake/dynamixel_sdk_custom_interfaces__rosidl_typesupport_introspection_cppExport.cmake
[0.652s] -- Up-to-date: /home/jalal/web/web_ws/turtlebot_ws/install/dynamixel_sdk_custom_interfaces/share/dynamixel_sdk_custom_interfaces/cmake/dynamixel_sdk_custom_interfaces__rosidl_typesupport_introspection_cppExport-noconfig.cmake
[0.657s] -- Up-to-date: /home/jalal/web/web_ws/turtlebot_ws/install/dynamixel_sdk_custom_interfaces/share/dynamixel_sdk_custom_interfaces/cmake/dynamixel_sdk_custom_interfaces__rosidl_typesupport_cppExport.cmake
[0.657s] -- Up-to-date: /home/jalal/web/web_ws/turtlebot_ws/install/dynamixel_sdk_custom_interfaces/share/dynamixel_sdk_custom_interfaces/cmake/dynamixel_sdk_custom_interfaces__rosidl_typesupport_cppExport-noconfig.cmake
[0.657s] -- Up-to-date: /home/jalal/web/web_ws/turtlebot_ws/install/dynamixel_sdk_custom_interfaces/share/dynamixel_sdk_custom_interfaces/cmake/rosidl_cmake-extras.cmake
[0.657s] -- Up-to-date: /home/jalal/web/web_ws/turtlebot_ws/install/dynamixel_sdk_custom_interfaces/share/dynamixel_sdk_custom_interfaces/cmake/ament_cmake_export_dependencies-extras.cmake
[0.657s] -- Up-to-date: /home/jalal/web/web_ws/turtlebot_ws/install/dynamixel_sdk_custom_interfaces/share/dynamixel_sdk_custom_interfaces/cmake/ament_cmake_export_libraries-extras.cmake
[0.657s] -- Up-to-date: /home/jalal/web/web_ws/turtlebot_ws/install/dynamixel_sdk_custom_interfaces/share/dynamixel_sdk_custom_interfaces/cmake/ament_cmake_export_targets-extras.cmake
[0.658s] -- Up-to-date: /home/jalal/web/web_ws/turtlebot_ws/install/dynamixel_sdk_custom_interfaces/share/dynamixel_sdk_custom_interfaces/cmake/ament_cmake_export_include_directories-extras.cmake
[0.658s] -- Up-to-date: /home/jalal/web/web_ws/turtlebot_ws/install/dynamixel_sdk_custom_interfaces/share/dynamixel_sdk_custom_interfaces/cmake/rosidl_cmake_export_typesupport_libraries-extras.cmake
[0.658s] -- Up-to-date: /home/jalal/web/web_ws/turtlebot_ws/install/dynamixel_sdk_custom_interfaces/share/dynamixel_sdk_custom_interfaces/cmake/rosidl_cmake_export_typesupport_targets-extras.cmake
[0.658s] -- Up-to-date: /home/jalal/web/web_ws/turtlebot_ws/install/dynamixel_sdk_custom_interfaces/share/dynamixel_sdk_custom_interfaces/cmake/dynamixel_sdk_custom_interfacesConfig.cmake
[0.658s] -- Up-to-date: /home/jalal/web/web_ws/turtlebot_ws/install/dynamixel_sdk_custom_interfaces/share/dynamixel_sdk_custom_interfaces/cmake/dynamixel_sdk_custom_interfacesConfig-version.cmake
[0.658s] -- Up-to-date: /home/jalal/web/web_ws/turtlebot_ws/install/dynamixel_sdk_custom_interfaces/share/dynamixel_sdk_custom_interfaces/package.xml
[0.711s] Invoked command in '/home/jalal/web/web_ws/turtlebot_ws/build/dynamixel_sdk_custom_interfaces' returned '0': CMAKE_PREFIX_PATH=${CMAKE_PREFIX_PATH}:/home/jalal/web/web_ws/turtlebot_ws/install/turtlebot3_teleop:/home/jalal/web/web_ws/turtlebot_ws/install/turtlebot3_example:/opt/ros/foxy /usr/bin/cmake --install /home/jalal/web/web_ws/turtlebot_ws/build/dynamixel_sdk_custom_interfaces
