[0.044s] Invoking command in '/home/jalal/web/web_ws/ros_web_ui/build/nav2d_operator': /usr/bin/cmake /home/jalal/web/web_ws/ros_web_ui/navigation_2d/nav2d_operator -DCATKIN_INSTALL_INTO_PREFIX_ROOT=0 -DCMAKE_INSTALL_PREFIX=/home/jalal/web/web_ws/ros_web_ui/install/nav2d_operator
[0.078s] CMake Error at CMakeLists.txt:5 (find_package):
[0.078s]   By not providing "Findcatkin.cmake" in CMAKE_MODULE_PATH this project has
[0.078s]   asked CMake to find a package configuration file provided by "catkin", but
[0.078s]   CMake did not find one.
[0.078s] 
[0.079s]   Could not find a package configuration file provided by "catkin" with any
[0.079s]   of the following names:
[0.079s] 
[0.079s]     catkinConfig.cmake
[0.079s]     catkin-config.cmake
[0.079s] 
[0.079s]   Add the installation prefix of "catkin" to CMAKE_PREFIX_PATH or set
[0.079s]   "catkin_DIR" to a directory containing one of the above files.  If "catkin"
[0.079s]   provides a separate development package or SDK, be sure it has been
[0.079s]   installed.
[0.079s] 
[0.080s] 
[0.080s] -- Configuring incomplete, errors occurred!
[0.080s] See also "/home/jalal/web/web_ws/ros_web_ui/build/nav2d_operator/CMakeFiles/CMakeOutput.log".
[0.083s] Invoked command in '/home/jalal/web/web_ws/ros_web_ui/build/nav2d_operator' returned '1': /usr/bin/cmake /home/jalal/web/web_ws/ros_web_ui/navigation_2d/nav2d_operator -DCATKIN_INSTALL_INTO_PREFIX_ROOT=0 -DCMAKE_INSTALL_PREFIX=/home/jalal/web/web_ws/ros_web_ui/install/nav2d_operator
