[0.030s] Invoking command in '/home/jalal/web/web_ws/turtlebot_ws/build/turtlebot3_simulations': AMENT_PREFIX_PATH=/home/jalal/web/web_ws/turtlebot_ws/install/turtlebot3_gazebo:/home/jalal/web/web_ws/turtlebot_ws/install/turtlebot3_fake_node:/home/jalal/web/web_ws/turtlebot_ws/install/turtlebot3_msgs:/home/jalal/web/web_ws/turtlebot_ws/install/turtlebot3_description:${AMENT_PREFIX_PATH} CMAKE_PREFIX_PATH=/home/jalal/web/web_ws/turtlebot_ws/install/turtlebot3_gazebo:/home/jalal/web/web_ws/turtlebot_ws/install/turtlebot3_fake_node:/home/jalal/web/web_ws/turtlebot_ws/install/turtlebot3_msgs:/home/jalal/web/web_ws/turtlebot_ws/install/turtlebot3_description:/opt/ros/foxy LD_LIBRARY_PATH=/home/jalal/web/web_ws/turtlebot_ws/install/turtlebot3_msgs/lib:${LD_LIBRARY_PATH} PYTHONPATH=/home/jalal/web/web_ws/turtlebot_ws/install/turtlebot3_msgs/lib/python3.8/site-packages:${PYTHONPATH} /usr/bin/cmake /home/jalal/web/web_ws/turtlebot_ws/src/turtlebot3/turtlebot3_simulations/turtlebot3_simulations -DCMAKE_INSTALL_PREFIX=/home/jalal/web/web_ws/turtlebot_ws/install/turtlebot3_simulations
[0.195s] -- The C compiler identification is GNU 9.4.0
[0.286s] -- The CXX compiler identification is GNU 9.4.0
[0.301s] -- Check for working C compiler: /usr/bin/cc
[0.397s] -- Check for working C compiler: /usr/bin/cc -- works
[0.399s] -- Detecting C compiler ABI info
[0.478s] -- Detecting C compiler ABI info - done
[0.488s] -- Detecting C compile features
[0.489s] -- Detecting C compile features - done
[0.492s] -- Check for working CXX compiler: /usr/bin/c++
[0.579s] -- Check for working CXX compiler: /usr/bin/c++ -- works
[0.580s] -- Detecting CXX compiler ABI info
[0.668s] -- Detecting CXX compiler ABI info - done
[0.683s] -- Detecting CXX compile features
[0.683s] -- Detecting CXX compile features - done
[0.692s] -- Found ament_cmake: 0.9.11 (/opt/ros/foxy/share/ament_cmake/cmake)
[0.745s] -- Found PythonInterp: /usr/bin/python3 (found suitable version "3.8.10", minimum required is "3") 
[0.746s] -- Using PYTHON_EXECUTABLE: /usr/bin/python3
[1.194s] -- Configuring done
[1.195s] -- Generating done
[1.196s] -- Build files have been written to: /home/jalal/web/web_ws/turtlebot_ws/build/turtlebot3_simulations
[1.199s] Invoked command in '/home/jalal/web/web_ws/turtlebot_ws/build/turtlebot3_simulations' returned '0': AMENT_PREFIX_PATH=/home/jalal/web/web_ws/turtlebot_ws/install/turtlebot3_gazebo:/home/jalal/web/web_ws/turtlebot_ws/install/turtlebot3_fake_node:/home/jalal/web/web_ws/turtlebot_ws/install/turtlebot3_msgs:/home/jalal/web/web_ws/turtlebot_ws/install/turtlebot3_description:${AMENT_PREFIX_PATH} CMAKE_PREFIX_PATH=/home/jalal/web/web_ws/turtlebot_ws/install/turtlebot3_gazebo:/home/jalal/web/web_ws/turtlebot_ws/install/turtlebot3_fake_node:/home/jalal/web/web_ws/turtlebot_ws/install/turtlebot3_msgs:/home/jalal/web/web_ws/turtlebot_ws/install/turtlebot3_description:/opt/ros/foxy LD_LIBRARY_PATH=/home/jalal/web/web_ws/turtlebot_ws/install/turtlebot3_msgs/lib:${LD_LIBRARY_PATH} PYTHONPATH=/home/jalal/web/web_ws/turtlebot_ws/install/turtlebot3_msgs/lib/python3.8/site-packages:${PYTHONPATH} /usr/bin/cmake /home/jalal/web/web_ws/turtlebot_ws/src/turtlebot3/turtlebot3_simulations/turtlebot3_simulations -DCMAKE_INSTALL_PREFIX=/home/jalal/web/web_ws/turtlebot_ws/install/turtlebot3_simulations
[1.204s] Invoking command in '/home/jalal/web/web_ws/turtlebot_ws/build/turtlebot3_simulations': AMENT_PREFIX_PATH=/home/jalal/web/web_ws/turtlebot_ws/install/turtlebot3_gazebo:/home/jalal/web/web_ws/turtlebot_ws/install/turtlebot3_fake_node:/home/jalal/web/web_ws/turtlebot_ws/install/turtlebot3_msgs:/home/jalal/web/web_ws/turtlebot_ws/install/turtlebot3_description:${AMENT_PREFIX_PATH} CMAKE_PREFIX_PATH=/home/jalal/web/web_ws/turtlebot_ws/install/turtlebot3_gazebo:/home/jalal/web/web_ws/turtlebot_ws/install/turtlebot3_fake_node:/home/jalal/web/web_ws/turtlebot_ws/install/turtlebot3_msgs:/home/jalal/web/web_ws/turtlebot_ws/install/turtlebot3_description:/opt/ros/foxy LD_LIBRARY_PATH=/home/jalal/web/web_ws/turtlebot_ws/install/turtlebot3_msgs/lib:${LD_LIBRARY_PATH} PYTHONPATH=/home/jalal/web/web_ws/turtlebot_ws/install/turtlebot3_msgs/lib/python3.8/site-packages:${PYTHONPATH} /usr/bin/cmake --build /home/jalal/web/web_ws/turtlebot_ws/build/turtlebot3_simulations -- -j12 -l12
[1.264s] Invoked command in '/home/jalal/web/web_ws/turtlebot_ws/build/turtlebot3_simulations' returned '0': AMENT_PREFIX_PATH=/home/jalal/web/web_ws/turtlebot_ws/install/turtlebot3_gazebo:/home/jalal/web/web_ws/turtlebot_ws/install/turtlebot3_fake_node:/home/jalal/web/web_ws/turtlebot_ws/install/turtlebot3_msgs:/home/jalal/web/web_ws/turtlebot_ws/install/turtlebot3_description:${AMENT_PREFIX_PATH} CMAKE_PREFIX_PATH=/home/jalal/web/web_ws/turtlebot_ws/install/turtlebot3_gazebo:/home/jalal/web/web_ws/turtlebot_ws/install/turtlebot3_fake_node:/home/jalal/web/web_ws/turtlebot_ws/install/turtlebot3_msgs:/home/jalal/web/web_ws/turtlebot_ws/install/turtlebot3_description:/opt/ros/foxy LD_LIBRARY_PATH=/home/jalal/web/web_ws/turtlebot_ws/install/turtlebot3_msgs/lib:${LD_LIBRARY_PATH} PYTHONPATH=/home/jalal/web/web_ws/turtlebot_ws/install/turtlebot3_msgs/lib/python3.8/site-packages:${PYTHONPATH} /usr/bin/cmake --build /home/jalal/web/web_ws/turtlebot_ws/build/turtlebot3_simulations -- -j12 -l12
[1.296s] Invoking command in '/home/jalal/web/web_ws/turtlebot_ws/build/turtlebot3_simulations': AMENT_PREFIX_PATH=/home/jalal/web/web_ws/turtlebot_ws/install/turtlebot3_gazebo:/home/jalal/web/web_ws/turtlebot_ws/install/turtlebot3_fake_node:/home/jalal/web/web_ws/turtlebot_ws/install/turtlebot3_msgs:/home/jalal/web/web_ws/turtlebot_ws/install/turtlebot3_description:${AMENT_PREFIX_PATH} CMAKE_PREFIX_PATH=/home/jalal/web/web_ws/turtlebot_ws/install/turtlebot3_gazebo:/home/jalal/web/web_ws/turtlebot_ws/install/turtlebot3_fake_node:/home/jalal/web/web_ws/turtlebot_ws/install/turtlebot3_msgs:/home/jalal/web/web_ws/turtlebot_ws/install/turtlebot3_description:/opt/ros/foxy LD_LIBRARY_PATH=/home/jalal/web/web_ws/turtlebot_ws/install/turtlebot3_msgs/lib:${LD_LIBRARY_PATH} PYTHONPATH=/home/jalal/web/web_ws/turtlebot_ws/install/turtlebot3_msgs/lib/python3.8/site-packages:${PYTHONPATH} /usr/bin/cmake --install /home/jalal/web/web_ws/turtlebot_ws/build/turtlebot3_simulations
[1.307s] -- Install configuration: ""
[1.307s] -- Installing: /home/jalal/web/web_ws/turtlebot_ws/install/turtlebot3_simulations/share/ament_index/resource_index/package_run_dependencies/turtlebot3_simulations
[1.307s] -- Installing: /home/jalal/web/web_ws/turtlebot_ws/install/turtlebot3_simulations/share/ament_index/resource_index/parent_prefix_path/turtlebot3_simulations
[1.308s] -- Installing: /home/jalal/web/web_ws/turtlebot_ws/install/turtlebot3_simulations/share/turtlebot3_simulations/environment/ament_prefix_path.sh
[1.308s] -- Installing: /home/jalal/web/web_ws/turtlebot_ws/install/turtlebot3_simulations/share/turtlebot3_simulations/environment/ament_prefix_path.dsv
[1.308s] -- Installing: /home/jalal/web/web_ws/turtlebot_ws/install/turtlebot3_simulations/share/turtlebot3_simulations/environment/path.sh
[1.308s] -- Installing: /home/jalal/web/web_ws/turtlebot_ws/install/turtlebot3_simulations/share/turtlebot3_simulations/environment/path.dsv
[1.308s] -- Installing: /home/jalal/web/web_ws/turtlebot_ws/install/turtlebot3_simulations/share/turtlebot3_simulations/local_setup.bash
[1.308s] -- Installing: /home/jalal/web/web_ws/turtlebot_ws/install/turtlebot3_simulations/share/turtlebot3_simulations/local_setup.sh
[1.308s] -- Installing: /home/jalal/web/web_ws/turtlebot_ws/install/turtlebot3_simulations/share/turtlebot3_simulations/local_setup.zsh
[1.309s] -- Installing: /home/jalal/web/web_ws/turtlebot_ws/install/turtlebot3_simulations/share/turtlebot3_simulations/local_setup.dsv
[1.309s] -- Installing: /home/jalal/web/web_ws/turtlebot_ws/install/turtlebot3_simulations/share/turtlebot3_simulations/package.dsv
[1.309s] -- Installing: /home/jalal/web/web_ws/turtlebot_ws/install/turtlebot3_simulations/share/ament_index/resource_index/packages/turtlebot3_simulations
[1.309s] -- Installing: /home/jalal/web/web_ws/turtlebot_ws/install/turtlebot3_simulations/share/turtlebot3_simulations/cmake/turtlebot3_simulationsConfig.cmake
[1.309s] -- Installing: /home/jalal/web/web_ws/turtlebot_ws/install/turtlebot3_simulations/share/turtlebot3_simulations/cmake/turtlebot3_simulationsConfig-version.cmake
[1.309s] -- Installing: /home/jalal/web/web_ws/turtlebot_ws/install/turtlebot3_simulations/share/turtlebot3_simulations/package.xml
[1.315s] Invoked command in '/home/jalal/web/web_ws/turtlebot_ws/build/turtlebot3_simulations' returned '0': AMENT_PREFIX_PATH=/home/jalal/web/web_ws/turtlebot_ws/install/turtlebot3_gazebo:/home/jalal/web/web_ws/turtlebot_ws/install/turtlebot3_fake_node:/home/jalal/web/web_ws/turtlebot_ws/install/turtlebot3_msgs:/home/jalal/web/web_ws/turtlebot_ws/install/turtlebot3_description:${AMENT_PREFIX_PATH} CMAKE_PREFIX_PATH=/home/jalal/web/web_ws/turtlebot_ws/install/turtlebot3_gazebo:/home/jalal/web/web_ws/turtlebot_ws/install/turtlebot3_fake_node:/home/jalal/web/web_ws/turtlebot_ws/install/turtlebot3_msgs:/home/jalal/web/web_ws/turtlebot_ws/install/turtlebot3_description:/opt/ros/foxy LD_LIBRARY_PATH=/home/jalal/web/web_ws/turtlebot_ws/install/turtlebot3_msgs/lib:${LD_LIBRARY_PATH} PYTHONPATH=/home/jalal/web/web_ws/turtlebot_ws/install/turtlebot3_msgs/lib/python3.8/site-packages:${PYTHONPATH} /usr/bin/cmake --install /home/jalal/web/web_ws/turtlebot_ws/build/turtlebot3_simulations
