[0.067s] Invoking command in '/home/jalal/web/web_ws/turtlebot_ws/build/turtlebot3_description': CMAKE_PREFIX_PATH=/opt/ros/foxy /usr/bin/cmake /home/jalal/web/web_ws/turtlebot_ws/src/turtlebot3/turtlebot3/turtlebot3_description -DCMAKE_INSTALL_PREFIX=/home/jalal/web/web_ws/turtlebot_ws/install/turtlebot3_description
[0.255s] -- The C compiler identification is GNU 9.4.0
[0.422s] -- The CXX compiler identification is GNU 9.4.0
[0.427s] -- Check for working C compiler: /usr/bin/cc
[0.530s] -- Check for working C compiler: /usr/bin/cc -- works
[0.531s] -- Detecting C compiler ABI info
[0.623s] -- Detecting C compiler ABI info - done
[0.636s] -- Detecting C compile features
[0.637s] -- Detecting C compile features - done
[0.640s] -- Check for working CXX compiler: /usr/bin/c++
[0.761s] -- Check for working CXX compiler: /usr/bin/c++ -- works
[0.762s] -- Detecting CXX compiler ABI info
[0.868s] -- Detecting CXX compiler ABI info - done
[0.880s] -- Detecting CXX compile features
[0.880s] -- Detecting CXX compile features - done
[0.882s] -- Found ament_cmake: 0.9.11 (/opt/ros/foxy/share/ament_cmake/cmake)
[0.908s] -- Found PythonInterp: /usr/bin/python3 (found suitable version "3.8.10", minimum required is "3") 
[0.908s] -- Using PYTHON_EXECUTABLE: /usr/bin/python3
[1.201s] -- Found urdf: 2.4.0 (/opt/ros/foxy/share/urdf/cmake)
[1.327s] -- Configuring done
[1.330s] -- Generating done
[1.331s] -- Build files have been written to: /home/jalal/web/web_ws/turtlebot_ws/build/turtlebot3_description
[1.342s] Invoked command in '/home/jalal/web/web_ws/turtlebot_ws/build/turtlebot3_description' returned '0': CMAKE_PREFIX_PATH=/opt/ros/foxy /usr/bin/cmake /home/jalal/web/web_ws/turtlebot_ws/src/turtlebot3/turtlebot3/turtlebot3_description -DCMAKE_INSTALL_PREFIX=/home/jalal/web/web_ws/turtlebot_ws/install/turtlebot3_description
[1.348s] Invoking command in '/home/jalal/web/web_ws/turtlebot_ws/build/turtlebot3_description': CMAKE_PREFIX_PATH=/opt/ros/foxy /usr/bin/cmake --build /home/jalal/web/web_ws/turtlebot_ws/build/turtlebot3_description -- -j12 -l12
[1.439s] Invoked command in '/home/jalal/web/web_ws/turtlebot_ws/build/turtlebot3_description' returned '0': CMAKE_PREFIX_PATH=/opt/ros/foxy /usr/bin/cmake --build /home/jalal/web/web_ws/turtlebot_ws/build/turtlebot3_description -- -j12 -l12
[1.578s] Invoking command in '/home/jalal/web/web_ws/turtlebot_ws/build/turtlebot3_description': CMAKE_PREFIX_PATH=/opt/ros/foxy /usr/bin/cmake --install /home/jalal/web/web_ws/turtlebot_ws/build/turtlebot3_description
[1.592s] -- Install configuration: ""
[1.592s] -- Installing: /home/jalal/web/web_ws/turtlebot_ws/install/turtlebot3_description/share/turtlebot3_description/meshes
[1.592s] -- Installing: /home/jalal/web/web_ws/turtlebot_ws/install/turtlebot3_description/share/turtlebot3_description/meshes/wheels
[1.592s] -- Installing: /home/jalal/web/web_ws/turtlebot_ws/install/turtlebot3_description/share/turtlebot3_description/meshes/wheels/left_tire.stl
[1.594s] -- Installing: /home/jalal/web/web_ws/turtlebot_ws/install/turtlebot3_description/share/turtlebot3_description/meshes/wheels/right_tire.stl
[1.595s] -- Installing: /home/jalal/web/web_ws/turtlebot_ws/install/turtlebot3_description/share/turtlebot3_description/meshes/bases
[1.596s] -- Installing: /home/jalal/web/web_ws/turtlebot_ws/install/turtlebot3_description/share/turtlebot3_description/meshes/bases/waffle_base.stl
[1.621s] -- Installing: /home/jalal/web/web_ws/turtlebot_ws/install/turtlebot3_description/share/turtlebot3_description/meshes/bases/burger_base.stl
[1.627s] -- Installing: /home/jalal/web/web_ws/turtlebot_ws/install/turtlebot3_description/share/turtlebot3_description/meshes/bases/waffle_pi_base.stl
[1.639s] -- Installing: /home/jalal/web/web_ws/turtlebot_ws/install/turtlebot3_description/share/turtlebot3_description/meshes/sensors
[1.640s] -- Installing: /home/jalal/web/web_ws/turtlebot_ws/install/turtlebot3_description/share/turtlebot3_description/meshes/sensors/lds.stl
[1.640s] -- Installing: /home/jalal/web/web_ws/turtlebot_ws/install/turtlebot3_description/share/turtlebot3_description/meshes/sensors/r200.dae
[1.640s] -- Installing: /home/jalal/web/web_ws/turtlebot_ws/install/turtlebot3_description/share/turtlebot3_description/meshes/sensors/astra.dae
[1.652s] -- Installing: /home/jalal/web/web_ws/turtlebot_ws/install/turtlebot3_description/share/turtlebot3_description/meshes/sensors/r200.jpg
[1.653s] -- Installing: /home/jalal/web/web_ws/turtlebot_ws/install/turtlebot3_description/share/turtlebot3_description/meshes/sensors/astra.jpg
[1.653s] -- Installing: /home/jalal/web/web_ws/turtlebot_ws/install/turtlebot3_description/share/turtlebot3_description/rviz
[1.653s] -- Installing: /home/jalal/web/web_ws/turtlebot_ws/install/turtlebot3_description/share/turtlebot3_description/rviz/model.rviz
[1.653s] -- Installing: /home/jalal/web/web_ws/turtlebot_ws/install/turtlebot3_description/share/turtlebot3_description/urdf
[1.653s] -- Installing: /home/jalal/web/web_ws/turtlebot_ws/install/turtlebot3_description/share/turtlebot3_description/urdf/turtlebot3_waffle.urdf
[1.653s] -- Installing: /home/jalal/web/web_ws/turtlebot_ws/install/turtlebot3_description/share/turtlebot3_description/urdf/turtlebot3_waffle_pi.urdf
[1.653s] -- Installing: /home/jalal/web/web_ws/turtlebot_ws/install/turtlebot3_description/share/turtlebot3_description/urdf/turtlebot3_burger.urdf
[1.653s] -- Installing: /home/jalal/web/web_ws/turtlebot_ws/install/turtlebot3_description/share/turtlebot3_description/urdf/common_properties.urdf
[1.654s] -- Installing: /home/jalal/web/web_ws/turtlebot_ws/install/turtlebot3_description/share/ament_index/resource_index/package_run_dependencies/turtlebot3_description
[1.654s] -- Installing: /home/jalal/web/web_ws/turtlebot_ws/install/turtlebot3_description/share/ament_index/resource_index/parent_prefix_path/turtlebot3_description
[1.654s] -- Installing: /home/jalal/web/web_ws/turtlebot_ws/install/turtlebot3_description/share/turtlebot3_description/environment/ament_prefix_path.sh
[1.654s] -- Installing: /home/jalal/web/web_ws/turtlebot_ws/install/turtlebot3_description/share/turtlebot3_description/environment/ament_prefix_path.dsv
[1.654s] -- Installing: /home/jalal/web/web_ws/turtlebot_ws/install/turtlebot3_description/share/turtlebot3_description/environment/path.sh
[1.655s] -- Installing: /home/jalal/web/web_ws/turtlebot_ws/install/turtlebot3_description/share/turtlebot3_description/environment/path.dsv
[1.655s] -- Installing: /home/jalal/web/web_ws/turtlebot_ws/install/turtlebot3_description/share/turtlebot3_description/local_setup.bash
[1.655s] -- Installing: /home/jalal/web/web_ws/turtlebot_ws/install/turtlebot3_description/share/turtlebot3_description/local_setup.sh
[1.655s] -- Installing: /home/jalal/web/web_ws/turtlebot_ws/install/turtlebot3_description/share/turtlebot3_description/local_setup.zsh
[1.655s] -- Installing: /home/jalal/web/web_ws/turtlebot_ws/install/turtlebot3_description/share/turtlebot3_description/local_setup.dsv
[1.655s] -- Installing: /home/jalal/web/web_ws/turtlebot_ws/install/turtlebot3_description/share/turtlebot3_description/package.dsv
[1.656s] -- Installing: /home/jalal/web/web_ws/turtlebot_ws/install/turtlebot3_description/share/ament_index/resource_index/packages/turtlebot3_description
[1.656s] -- Installing: /home/jalal/web/web_ws/turtlebot_ws/install/turtlebot3_description/share/turtlebot3_description/cmake/turtlebot3_descriptionConfig.cmake
[1.656s] -- Installing: /home/jalal/web/web_ws/turtlebot_ws/install/turtlebot3_description/share/turtlebot3_description/cmake/turtlebot3_descriptionConfig-version.cmake
[1.656s] -- Installing: /home/jalal/web/web_ws/turtlebot_ws/install/turtlebot3_description/share/turtlebot3_description/package.xml
[1.663s] Invoked command in '/home/jalal/web/web_ws/turtlebot_ws/build/turtlebot3_description' returned '0': CMAKE_PREFIX_PATH=/opt/ros/foxy /usr/bin/cmake --install /home/jalal/web/web_ws/turtlebot_ws/build/turtlebot3_description
