[0.670s] Invoking command in '/home/jalal/web/web_ws/turtlebot_ws/src/turtlebot3/turtlebot3/turtlebot3_example': CMAKE_PREFIX_PATH=/home/jalal/web/web_ws/turtlebot_ws/install/turtlebot3_msgs:/home/jalal/web/web_ws/turtlebot_ws/install/turtlebot3:/home/jalal/web/web_ws/turtlebot_ws/install/turtlebot3_simulations:/home/jalal/web/web_ws/turtlebot_ws/install/turtlebot3_bringup:/home/jalal/web/web_ws/turtlebot_ws/install/turtlebot3_node:/home/jalal/web/web_ws/turtlebot_ws/install/turtlebot3_navigation2:/home/jalal/web/web_ws/turtlebot_ws/install/turtlebot3_fake_node:/home/jalal/web/web_ws/turtlebot_ws/install/turtlebot3_gazebo:/home/jalal/web/web_ws/turtlebot_ws/install/turtlebot3_description:/home/jalal/web/web_ws/turtlebot_ws/install/turtlebot3_cartographer:/home/jalal/web/web_ws/turtlebot_ws/install/hls_lfcd_lds_driver:/home/jalal/web/web_ws/turtlebot_ws/install/dynamixel_sdk_examples:/home/jalal/web/web_ws/turtlebot_ws/install/dynamixel_sdk_custom_interfaces:/home/jalal/web/web_ws/turtlebot_ws/install/dynamixel_sdk PYTHONPATH=/home/jalal/web/web_ws/turtlebot_ws/build/turtlebot3_example/prefix_override:/home/jalal/web/web_ws/turtlebot_ws/install/turtlebot3_example/lib/python3.8/site-packages:/home/jalal/web/web_ws/turtlebot_ws/install/turtlebot3_msgs/lib/python3.8/site-packages:/home/jalal/web/web_ws/turtlebot_ws/install/turtlebot3_teleop/lib/python3.8/site-packages:/home/jalal/web/web_ws/turtlebot_ws/install/turtlebot3_example/lib/python3.8/site-packages:/home/jalal/web/web_ws/turtlebot_ws/install/dynamixel_sdk_custom_interfaces/lib/python3.8/site-packages:/opt/ros/foxy/lib/python3.8/site-packages /usr/bin/python3 setup.py egg_info --egg-base ../../../../build/turtlebot3_example build --build-base /home/jalal/web/web_ws/turtlebot_ws/build/turtlebot3_example/build install --record /home/jalal/web/web_ws/turtlebot_ws/build/turtlebot3_example/install.log --single-version-externally-managed
[0.849s] running egg_info
[0.850s] writing ../../../../build/turtlebot3_example/turtlebot3_example.egg-info/PKG-INFO
[0.855s] writing dependency_links to ../../../../build/turtlebot3_example/turtlebot3_example.egg-info/dependency_links.txt
[0.855s] writing entry points to ../../../../build/turtlebot3_example/turtlebot3_example.egg-info/entry_points.txt
[0.855s] writing requirements to ../../../../build/turtlebot3_example/turtlebot3_example.egg-info/requires.txt
[0.856s] writing top-level names to ../../../../build/turtlebot3_example/turtlebot3_example.egg-info/top_level.txt
[0.893s] reading manifest file '../../../../build/turtlebot3_example/turtlebot3_example.egg-info/SOURCES.txt'
[0.894s] writing manifest file '../../../../build/turtlebot3_example/turtlebot3_example.egg-info/SOURCES.txt'
[0.894s] running build
[0.894s] running build_py
[0.895s] running install
[0.896s] running install_lib
[0.898s] running install_data
[0.899s] running install_egg_info
[0.900s] removing '/home/jalal/web/web_ws/turtlebot_ws/install/turtlebot3_example/lib/python3.8/site-packages/turtlebot3_example-2.1.4-py3.8.egg-info' (and everything under it)
[0.900s] Copying ../../../../build/turtlebot3_example/turtlebot3_example.egg-info to /home/jalal/web/web_ws/turtlebot_ws/install/turtlebot3_example/lib/python3.8/site-packages/turtlebot3_example-2.1.4-py3.8.egg-info
[0.901s] running install_scripts
[0.916s] Installing turtlebot3_obstacle_detection script to /home/jalal/web/web_ws/turtlebot_ws/install/turtlebot3_example/lib/turtlebot3_example
[0.916s] Installing turtlebot3_patrol_client script to /home/jalal/web/web_ws/turtlebot_ws/install/turtlebot3_example/lib/turtlebot3_example
[0.916s] Installing turtlebot3_patrol_server script to /home/jalal/web/web_ws/turtlebot_ws/install/turtlebot3_example/lib/turtlebot3_example
[0.916s] Installing turtlebot3_position_control script to /home/jalal/web/web_ws/turtlebot_ws/install/turtlebot3_example/lib/turtlebot3_example
[0.916s] writing list of installed files to '/home/jalal/web/web_ws/turtlebot_ws/build/turtlebot3_example/install.log'
[0.947s] Invoked command in '/home/jalal/web/web_ws/turtlebot_ws/src/turtlebot3/turtlebot3/turtlebot3_example' returned '0': CMAKE_PREFIX_PATH=/home/jalal/web/web_ws/turtlebot_ws/install/turtlebot3_msgs:/home/jalal/web/web_ws/turtlebot_ws/install/turtlebot3:/home/jalal/web/web_ws/turtlebot_ws/install/turtlebot3_simulations:/home/jalal/web/web_ws/turtlebot_ws/install/turtlebot3_bringup:/home/jalal/web/web_ws/turtlebot_ws/install/turtlebot3_node:/home/jalal/web/web_ws/turtlebot_ws/install/turtlebot3_navigation2:/home/jalal/web/web_ws/turtlebot_ws/install/turtlebot3_fake_node:/home/jalal/web/web_ws/turtlebot_ws/install/turtlebot3_gazebo:/home/jalal/web/web_ws/turtlebot_ws/install/turtlebot3_description:/home/jalal/web/web_ws/turtlebot_ws/install/turtlebot3_cartographer:/home/jalal/web/web_ws/turtlebot_ws/install/hls_lfcd_lds_driver:/home/jalal/web/web_ws/turtlebot_ws/install/dynamixel_sdk_examples:/home/jalal/web/web_ws/turtlebot_ws/install/dynamixel_sdk_custom_interfaces:/home/jalal/web/web_ws/turtlebot_ws/install/dynamixel_sdk PYTHONPATH=/home/jalal/web/web_ws/turtlebot_ws/build/turtlebot3_example/prefix_override:/home/jalal/web/web_ws/turtlebot_ws/install/turtlebot3_example/lib/python3.8/site-packages:/home/jalal/web/web_ws/turtlebot_ws/install/turtlebot3_msgs/lib/python3.8/site-packages:/home/jalal/web/web_ws/turtlebot_ws/install/turtlebot3_teleop/lib/python3.8/site-packages:/home/jalal/web/web_ws/turtlebot_ws/install/turtlebot3_example/lib/python3.8/site-packages:/home/jalal/web/web_ws/turtlebot_ws/install/dynamixel_sdk_custom_interfaces/lib/python3.8/site-packages:/opt/ros/foxy/lib/python3.8/site-packages /usr/bin/python3 setup.py egg_info --egg-base ../../../../build/turtlebot3_example build --build-base /home/jalal/web/web_ws/turtlebot_ws/build/turtlebot3_example/build install --record /home/jalal/web/web_ws/turtlebot_ws/build/turtlebot3_example/install.log --single-version-externally-managed
